2018-10-27 03:14:58,448 [Dummy-1:139685896713984] [django.db.backends:90] [utils:execute] [DEBUG]- (0.003) SELECT @@SQL_AUTO_IS_NULL; args=None
2018-10-27 03:14:58,451 [Dummy-1:139685896713984] [django.db.backends:90] [utils:execute] [DEBUG]- (0.001) SELECT VERSION(); args=None
2018-10-27 03:14:58,611 [Dummy-1:139685896713984] [django.db.backends:90] [utils:execute] [DEBUG]- (0.011) SHOW FULL TABLES; args=None
2018-10-27 03:14:58,640 [Dummy-1:139685896713984] [django.db.backends:90] [utils:execute] [DEBUG]- (0.019) SELECT `django_migrations`.`app`, `django_migrations`.`name` FROM `django_migrations`; args=()
2018-10-27 03:17:52,161 [Dummy-1:140216545027840] [django.db.backends:90] [utils:execute] [DEBUG]- (0.000) SELECT @@SQL_AUTO_IS_NULL; args=None
2018-10-27 03:17:52,163 [Dummy-1:140216545027840] [django.db.backends:90] [utils:execute] [DEBUG]- (0.001) SELECT VERSION(); args=None
2018-10-27 03:17:52,242 [Dummy-1:140216545027840] [django.db.backends:90] [utils:execute] [DEBUG]- (0.000) SHOW FULL TABLES; args=None
2018-10-27 03:17:52,247 [Dummy-1:140216545027840] [django.db.backends:90] [utils:execute] [DEBUG]- (0.000) SELECT `django_migrations`.`app`, `django_migrations`.`name` FROM `django_migrations`; args=()
2018-10-27 03:18:20,373 [Dummy-1:140448712754944] [django.db.backends:90] [utils:execute] [DEBUG]- (0.000) SELECT @@SQL_AUTO_IS_NULL; args=None
2018-10-27 03:18:20,375 [Dummy-1:140448712754944] [django.db.backends:90] [utils:execute] [DEBUG]- (0.000) SELECT VERSION(); args=None
2018-10-27 03:18:20,450 [Dummy-1:140448712754944] [django.db.backends:90] [utils:execute] [DEBUG]- (0.000) SHOW FULL TABLES; args=None
2018-10-27 03:18:20,454 [Dummy-1:140448712754944] [django.db.backends:90] [utils:execute] [DEBUG]- (0.001) SELECT `django_migrations`.`app`, `django_migrations`.`name` FROM `django_migrations`; args=()
2018-10-27 03:19:30,345 [Dummy-1:140455036245760] [django.db.backends:90] [utils:execute] [DEBUG]- (0.000) SELECT @@SQL_AUTO_IS_NULL; args=None
2018-10-27 03:19:30,347 [Dummy-1:140455036245760] [django.db.backends:90] [utils:execute] [DEBUG]- (0.001) SELECT VERSION(); args=None
2018-10-27 03:19:30,455 [Dummy-1:140455036245760] [django.db.backends:90] [utils:execute] [DEBUG]- (0.001) SHOW FULL TABLES; args=None
2018-10-27 03:19:30,461 [Dummy-1:140455036245760] [django.db.backends:90] [utils:execute] [DEBUG]- (0.000) SELECT `django_migrations`.`app`, `django_migrations`.`name` FROM `django_migrations`; args=()
2018-10-27 03:20:38,385 [Dummy-1:139903464834816] [django.db.backends:90] [utils:execute] [DEBUG]- (0.000) SELECT @@SQL_AUTO_IS_NULL; args=None
2018-10-27 03:20:38,470 [Dummy-1:139903464834816] [django.db.backends:90] [utils:execute] [DEBUG]- (0.000) SELECT VERSION(); args=None
2018-10-27 03:20:38,624 [Dummy-1:139903464834816] [django.db.backends:90] [utils:execute] [DEBUG]- (0.001) SHOW FULL TABLES; args=None
2018-10-27 03:20:38,631 [Dummy-1:139903464834816] [django.db.backends:90] [utils:execute] [DEBUG]- (0.003) SELECT `django_migrations`.`app`, `django_migrations`.`name` FROM `django_migrations`; args=()
2018-10-27 03:21:10,420 [Dummy-1:140186970801920] [django.db.backends:90] [utils:execute] [DEBUG]- (0.002) SELECT @@SQL_AUTO_IS_NULL; args=None
2018-10-27 03:21:10,436 [Dummy-1:140186970801920] [django.db.backends:90] [utils:execute] [DEBUG]- (0.004) SELECT VERSION(); args=None
2018-10-27 03:21:10,637 [Dummy-1:140186970801920] [django.db.backends:90] [utils:execute] [DEBUG]- (0.000) SHOW FULL TABLES; args=None
2018-10-27 03:21:10,640 [Dummy-1:140186970801920] [django.db.backends:90] [utils:execute] [DEBUG]- (0.001) SELECT `django_migrations`.`app`, `django_migrations`.`name` FROM `django_migrations`; args=()
2018-10-27 03:22:29,721 [Dummy-1:140174817171200] [django.db.backends:90] [utils:execute] [DEBUG]- (0.000) SELECT @@SQL_AUTO_IS_NULL; args=None
2018-10-27 03:22:29,728 [Dummy-1:140174817171200] [django.db.backends:90] [utils:execute] [DEBUG]- (0.004) SELECT VERSION(); args=None
2018-10-27 03:22:29,821 [Dummy-1:140174817171200] [django.db.backends:90] [utils:execute] [DEBUG]- (0.000) SHOW FULL TABLES; args=None
2018-10-27 03:22:29,828 [Dummy-1:140174817171200] [django.db.backends:90] [utils:execute] [DEBUG]- (0.001) SELECT `django_migrations`.`app`, `django_migrations`.`name` FROM `django_migrations`; args=()
2018-10-27 03:22:37,766 [Thread-2:140174808516352] [django.db.backends:90] [utils:execute] [DEBUG]- (0.000) SELECT @@SQL_AUTO_IS_NULL; args=None
2018-10-27 03:22:37,789 [Thread-2:140174808516352] [django.db.backends:90] [utils:execute] [DEBUG]- (0.022) SELECT COUNT(*) AS `__count` FROM `auth_user`; args=()
2018-10-27 03:22:37,800 [Thread-2:140174808516352] [django.server:124] [basehttp:log_message] [INFO]- "GET /dashboard/userview/?page=1 HTTP/1.1" 200 2
2018-10-27 03:22:38,299 [Thread-3:140174796900096] [django.template:925] [base:_resolve_lookup] [DEBUG]- Exception while resolving variable 'name' in template 'unknown'.
Traceback (most recent call last):
  File "/home/vagrant/python3.6/lib/python3.6/site-packages/django/core/handlers/exception.py", line 41, in inner
    response = get_response(request)
  File "/home/vagrant/python3.6/lib/python3.6/site-packages/django/core/handlers/base.py", line 172, in _get_response
    resolver_match = resolver.resolve(request.path_info)
  File "/home/vagrant/python3.6/lib/python3.6/site-packages/django/urls/resolvers.py", line 394, in resolve
    raise Resolver404({'tried': tried, 'path': new_path})
django.urls.exceptions.Resolver404: {'tried': [[<RegexURLResolver <RegexURLPattern list> (admin:admin) ^admin/>], [<RegexURLResolver <module 'dashboard.urls' from '/vagrant/devops/dashboard/urls.py'> (None:None) ^dashboard/>]], 'path': 'favicon.ico'}

During handling of the above exception, another exception occurred:

Traceback (most recent call last):
  File "/home/vagrant/python3.6/lib/python3.6/site-packages/django/template/base.py", line 882, in _resolve_lookup
    current = current[bit]
TypeError: 'RegexURLResolver' object is not subscriptable

During handling of the above exception, another exception occurred:

Traceback (most recent call last):
  File "/home/vagrant/python3.6/lib/python3.6/site-packages/django/template/base.py", line 890, in _resolve_lookup
    current = getattr(current, bit)
AttributeError: 'RegexURLResolver' object has no attribute 'name'

During handling of the above exception, another exception occurred:

Traceback (most recent call last):
  File "/home/vagrant/python3.6/lib/python3.6/site-packages/django/template/base.py", line 896, in _resolve_lookup
    current = current[int(bit)]
ValueError: invalid literal for int() with base 10: 'name'

During handling of the above exception, another exception occurred:

Traceback (most recent call last):
  File "/home/vagrant/python3.6/lib/python3.6/site-packages/django/template/base.py", line 903, in _resolve_lookup
    (bit, current))  # missing attribute
django.template.base.VariableDoesNotExist: Failed lookup for key [name] in '<RegexURLResolver <RegexURLPattern list> (admin:admin) ^admin/>'
2018-10-27 03:22:38,306 [Thread-3:140174796900096] [django.template:925] [base:_resolve_lookup] [DEBUG]- Exception while resolving variable 'name' in template 'unknown'.
Traceback (most recent call last):
  File "/home/vagrant/python3.6/lib/python3.6/site-packages/django/core/handlers/exception.py", line 41, in inner
    response = get_response(request)
  File "/home/vagrant/python3.6/lib/python3.6/site-packages/django/core/handlers/base.py", line 172, in _get_response
    resolver_match = resolver.resolve(request.path_info)
  File "/home/vagrant/python3.6/lib/python3.6/site-packages/django/urls/resolvers.py", line 394, in resolve
    raise Resolver404({'tried': tried, 'path': new_path})
django.urls.exceptions.Resolver404: {'tried': [[<RegexURLResolver <RegexURLPattern list> (admin:admin) ^admin/>], [<RegexURLResolver <module 'dashboard.urls' from '/vagrant/devops/dashboard/urls.py'> (None:None) ^dashboard/>]], 'path': 'favicon.ico'}

During handling of the above exception, another exception occurred:

Traceback (most recent call last):
  File "/home/vagrant/python3.6/lib/python3.6/site-packages/django/template/base.py", line 882, in _resolve_lookup
    current = current[bit]
TypeError: 'RegexURLResolver' object is not subscriptable

During handling of the above exception, another exception occurred:

Traceback (most recent call last):
  File "/home/vagrant/python3.6/lib/python3.6/site-packages/django/template/base.py", line 890, in _resolve_lookup
    current = getattr(current, bit)
AttributeError: 'RegexURLResolver' object has no attribute 'name'

During handling of the above exception, another exception occurred:

Traceback (most recent call last):
  File "/home/vagrant/python3.6/lib/python3.6/site-packages/django/template/base.py", line 896, in _resolve_lookup
    current = current[int(bit)]
ValueError: invalid literal for int() with base 10: 'name'

During handling of the above exception, another exception occurred:

Traceback (most recent call last):
  File "/home/vagrant/python3.6/lib/python3.6/site-packages/django/template/base.py", line 903, in _resolve_lookup
    (bit, current))  # missing attribute
django.template.base.VariableDoesNotExist: Failed lookup for key [name] in "<RegexURLResolver <module 'dashboard.urls' from '/vagrant/devops/dashboard/urls.py'> (None:None) ^dashboard/>"
2018-10-27 03:22:38,310 [Thread-3:140174796900096] [django.server:124] [basehttp:log_message] [WARNING]- "GET /favicon.ico HTTP/1.1" 404 2073
2018-10-27 03:22:42,410 [Thread-4:140174796900096] [django.db.backends:90] [utils:execute] [DEBUG]- (0.000) SELECT @@SQL_AUTO_IS_NULL; args=None
2018-10-27 03:22:42,412 [Thread-4:140174796900096] [django.db.backends:90] [utils:execute] [DEBUG]- (0.001) SELECT COUNT(*) AS `__count` FROM `auth_user`; args=()
2018-10-27 03:22:42,444 [Thread-4:140174796900096] [django.db.backends:90] [utils:execute] [DEBUG]- (0.001) SELECT `auth_user`.`id`, `auth_user`.`password`, `auth_user`.`last_login`, `auth_user`.`is_superuser`, `auth_user`.`username`, `auth_user`.`first_name`, `auth_user`.`last_name`, `auth_user`.`email`, `auth_user`.`is_staff`, `auth_user`.`is_active`, `auth_user`.`date_joined` FROM `auth_user` LIMIT 21; args=()
2018-10-27 03:22:42,495 [Thread-4:140174796900096] [django.server:124] [basehttp:log_message] [ERROR]- "GET /dashboard/userview/?page=9 HTTP/1.1" 500 84736
2018-10-27 03:22:47,018 [Thread-5:140174808516352] [django.db.backends:90] [utils:execute] [DEBUG]- (0.000) SELECT @@SQL_AUTO_IS_NULL; args=None
2018-10-27 03:22:47,022 [Thread-5:140174808516352] [django.db.backends:90] [utils:execute] [DEBUG]- (0.000) SELECT COUNT(*) AS `__count` FROM `auth_user`; args=()
2018-10-27 03:22:47,066 [Thread-5:140174808516352] [django.db.backends:90] [utils:execute] [DEBUG]- (0.001) SELECT `auth_user`.`id`, `auth_user`.`password`, `auth_user`.`last_login`, `auth_user`.`is_superuser`, `auth_user`.`username`, `auth_user`.`first_name`, `auth_user`.`last_name`, `auth_user`.`email`, `auth_user`.`is_staff`, `auth_user`.`is_active`, `auth_user`.`date_joined` FROM `auth_user` LIMIT 21; args=()
2018-10-27 03:22:47,115 [Thread-5:140174808516352] [django.server:124] [basehttp:log_message] [ERROR]- "GET /dashboard/userview/?page=7 HTTP/1.1" 500 84736
2018-10-27 03:23:10,322 [Thread-7:140174808516352] [django.db.backends:90] [utils:execute] [DEBUG]- (0.000) SELECT @@SQL_AUTO_IS_NULL; args=None
2018-10-27 03:23:10,323 [Thread-7:140174808516352] [django.db.backends:90] [utils:execute] [DEBUG]- (0.001) SELECT COUNT(*) AS `__count` FROM `auth_user`; args=()
2018-10-27 03:23:10,326 [Thread-7:140174808516352] [django.server:124] [basehttp:log_message] [INFO]- "GET /dashboard/userview/?page=1 HTTP/1.1" 200 2
2018-10-27 03:23:14,682 [Thread-8:140174796900096] [django.db.backends:90] [utils:execute] [DEBUG]- (0.000) SELECT @@SQL_AUTO_IS_NULL; args=None
2018-10-27 03:23:14,686 [Thread-8:140174796900096] [django.db.backends:90] [utils:execute] [DEBUG]- (0.001) SELECT COUNT(*) AS `__count` FROM `auth_user`; args=()
2018-10-27 03:23:14,737 [Thread-8:140174796900096] [django.db.backends:90] [utils:execute] [DEBUG]- (0.001) SELECT `auth_user`.`id`, `auth_user`.`password`, `auth_user`.`last_login`, `auth_user`.`is_superuser`, `auth_user`.`username`, `auth_user`.`first_name`, `auth_user`.`last_name`, `auth_user`.`email`, `auth_user`.`is_staff`, `auth_user`.`is_active`, `auth_user`.`date_joined` FROM `auth_user` LIMIT 21; args=()
2018-10-27 03:23:14,801 [Thread-8:140174796900096] [django.server:124] [basehttp:log_message] [ERROR]- "GET /dashboard/userview/?page=2 HTTP/1.1" 500 84736
2018-10-27 04:28:08,368 [Thread-10:140174808516352] [django.db.backends:90] [utils:execute] [DEBUG]- (0.000) SELECT @@SQL_AUTO_IS_NULL; args=None
2018-10-27 04:28:08,371 [Thread-10:140174808516352] [django.db.backends:90] [utils:execute] [DEBUG]- (0.001) SELECT COUNT(*) AS `__count` FROM `auth_user`; args=()
2018-10-27 04:28:08,408 [Thread-10:140174808516352] [django.db.backends:90] [utils:execute] [DEBUG]- (0.001) SELECT `auth_user`.`id`, `auth_user`.`password`, `auth_user`.`last_login`, `auth_user`.`is_superuser`, `auth_user`.`username`, `auth_user`.`first_name`, `auth_user`.`last_name`, `auth_user`.`email`, `auth_user`.`is_staff`, `auth_user`.`is_active`, `auth_user`.`date_joined` FROM `auth_user` LIMIT 21; args=()
2018-10-27 04:28:08,448 [Thread-10:140174808516352] [django.server:124] [basehttp:log_message] [ERROR]- "GET /dashboard/userview/?page=2 HTTP/1.1" 500 84871
2018-10-27 04:28:11,007 [Thread-11:140174796900096] [django.db.backends:90] [utils:execute] [DEBUG]- (0.000) SELECT @@SQL_AUTO_IS_NULL; args=None
2018-10-27 04:28:11,008 [Thread-11:140174796900096] [django.db.backends:90] [utils:execute] [DEBUG]- (0.001) SELECT COUNT(*) AS `__count` FROM `auth_user`; args=()
2018-10-27 04:28:11,010 [Thread-11:140174796900096] [django.server:124] [basehttp:log_message] [INFO]- "GET /dashboard/userview/?page=1 HTTP/1.1" 200 2
2018-10-27 04:37:05,334 [MainThread:140355136845632] [django.db.backends:90] [utils:execute] [DEBUG]- (0.002) SELECT @@SQL_AUTO_IS_NULL; args=None
2018-10-27 04:37:05,349 [MainThread:140355136845632] [django.db.backends:90] [utils:execute] [DEBUG]- (0.001) SELECT VERSION(); args=None
2018-10-27 04:37:05,369 [MainThread:140355136845632] [django.db.backends:90] [utils:execute] [DEBUG]- (0.020) INSERT INTO `auth_user` (`password`, `last_login`, `is_superuser`, `username`, `first_name`, `last_name`, `email`, `is_staff`, `is_active`, `date_joined`) VALUES ('pbkdf2_sha256$36000$5TLUPccgx0ZU$NhWTj0ION3py6vYe3uHlGtDh9fcockKakZjyqS9FCe4=', NULL, 0, 'iteemo1', '', '', 'iteemo@iteemo.org', 0, 1, '2018-10-27 04:37:05'); args=['pbkdf2_sha256$36000$5TLUPccgx0ZU$NhWTj0ION3py6vYe3uHlGtDh9fcockKakZjyqS9FCe4=', None, False, 'iteemo1', '', '', 'iteemo@iteemo.org', False, True, '2018-10-27 04:37:05']
2018-10-27 04:37:05,443 [MainThread:140355136845632] [django.db.backends:90] [utils:execute] [DEBUG]- (0.000) INSERT INTO `auth_user` (`password`, `last_login`, `is_superuser`, `username`, `first_name`, `last_name`, `email`, `is_staff`, `is_active`, `date_joined`) VALUES ('pbkdf2_sha256$36000$gowEUp51yLxU$YLdphQ0nLMbCQA/pa3+1FCCk2IDADZU+xXaH40o5Mx0=', NULL, 0, 'iteemo2', '', '', 'iteemo@iteemo.org', 0, 1, '2018-10-27 04:37:05'); args=['pbkdf2_sha256$36000$gowEUp51yLxU$YLdphQ0nLMbCQA/pa3+1FCCk2IDADZU+xXaH40o5Mx0=', None, False, 'iteemo2', '', '', 'iteemo@iteemo.org', False, True, '2018-10-27 04:37:05']
2018-10-27 04:37:05,502 [MainThread:140355136845632] [django.db.backends:90] [utils:execute] [DEBUG]- (0.000) INSERT INTO `auth_user` (`password`, `last_login`, `is_superuser`, `username`, `first_name`, `last_name`, `email`, `is_staff`, `is_active`, `date_joined`) VALUES ('pbkdf2_sha256$36000$FW3KWb4fbANf$UM0FYR/GUqwTQ10iiuAeGL0nFgUk0Rfetzt5OjVzXOg=', NULL, 0, 'iteemo3', '', '', 'iteemo@iteemo.org', 0, 1, '2018-10-27 04:37:05'); args=['pbkdf2_sha256$36000$FW3KWb4fbANf$UM0FYR/GUqwTQ10iiuAeGL0nFgUk0Rfetzt5OjVzXOg=', None, False, 'iteemo3', '', '', 'iteemo@iteemo.org', False, True, '2018-10-27 04:37:05']
2018-10-27 04:37:05,560 [MainThread:140355136845632] [django.db.backends:90] [utils:execute] [DEBUG]- (0.003) INSERT INTO `auth_user` (`password`, `last_login`, `is_superuser`, `username`, `first_name`, `last_name`, `email`, `is_staff`, `is_active`, `date_joined`) VALUES ('pbkdf2_sha256$36000$LUPmDlPpqL3D$mqJ+dgd1OQeKAXxpB8OpqT0NaNAODWCT8FBNr/wAk5o=', NULL, 0, 'iteemo4', '', '', 'iteemo@iteemo.org', 0, 1, '2018-10-27 04:37:05'); args=['pbkdf2_sha256$36000$LUPmDlPpqL3D$mqJ+dgd1OQeKAXxpB8OpqT0NaNAODWCT8FBNr/wAk5o=', None, False, 'iteemo4', '', '', 'iteemo@iteemo.org', False, True, '2018-10-27 04:37:05']
2018-10-27 04:37:05,615 [MainThread:140355136845632] [django.db.backends:90] [utils:execute] [DEBUG]- (0.000) INSERT INTO `auth_user` (`password`, `last_login`, `is_superuser`, `username`, `first_name`, `last_name`, `email`, `is_staff`, `is_active`, `date_joined`) VALUES ('pbkdf2_sha256$36000$lPWOzaxgo1sg$/dyZOqDzVHQe8yj/iT7P7b/tWAwPeHI6luPAdVrawNo=', NULL, 0, 'iteemo5', '', '', 'iteemo@iteemo.org', 0, 1, '2018-10-27 04:37:05'); args=['pbkdf2_sha256$36000$lPWOzaxgo1sg$/dyZOqDzVHQe8yj/iT7P7b/tWAwPeHI6luPAdVrawNo=', None, False, 'iteemo5', '', '', 'iteemo@iteemo.org', False, True, '2018-10-27 04:37:05']
2018-10-27 04:37:05,672 [MainThread:140355136845632] [django.db.backends:90] [utils:execute] [DEBUG]- (0.000) INSERT INTO `auth_user` (`password`, `last_login`, `is_superuser`, `username`, `first_name`, `last_name`, `email`, `is_staff`, `is_active`, `date_joined`) VALUES ('pbkdf2_sha256$36000$gYI9GL6U20AB$Z4hyYpySNeR4CdVRuinh5Fd+/RaqtNb8qC9IYU7R1/o=', NULL, 0, 'iteemo6', '', '', 'iteemo@iteemo.org', 0, 1, '2018-10-27 04:37:05'); args=['pbkdf2_sha256$36000$gYI9GL6U20AB$Z4hyYpySNeR4CdVRuinh5Fd+/RaqtNb8qC9IYU7R1/o=', None, False, 'iteemo6', '', '', 'iteemo@iteemo.org', False, True, '2018-10-27 04:37:05']
2018-10-27 04:37:05,725 [MainThread:140355136845632] [django.db.backends:90] [utils:execute] [DEBUG]- (0.000) INSERT INTO `auth_user` (`password`, `last_login`, `is_superuser`, `username`, `first_name`, `last_name`, `email`, `is_staff`, `is_active`, `date_joined`) VALUES ('pbkdf2_sha256$36000$LiUNuLoW8ujO$WQfl1UqYYi501XKMGUiGdKe2mbuG4R71WMkoVs4N1vc=', NULL, 0, 'iteemo7', '', '', 'iteemo@iteemo.org', 0, 1, '2018-10-27 04:37:05'); args=['pbkdf2_sha256$36000$LiUNuLoW8ujO$WQfl1UqYYi501XKMGUiGdKe2mbuG4R71WMkoVs4N1vc=', None, False, 'iteemo7', '', '', 'iteemo@iteemo.org', False, True, '2018-10-27 04:37:05']
2018-10-27 04:37:05,782 [MainThread:140355136845632] [django.db.backends:90] [utils:execute] [DEBUG]- (0.000) INSERT INTO `auth_user` (`password`, `last_login`, `is_superuser`, `username`, `first_name`, `last_name`, `email`, `is_staff`, `is_active`, `date_joined`) VALUES ('pbkdf2_sha256$36000$d0WRclEn8UFl$x3RDCWe9XKOUmjNs2zw1T1nhquCtHHp8+RXvm2fV0Xs=', NULL, 0, 'iteemo8', '', '', 'iteemo@iteemo.org', 0, 1, '2018-10-27 04:37:05'); args=['pbkdf2_sha256$36000$d0WRclEn8UFl$x3RDCWe9XKOUmjNs2zw1T1nhquCtHHp8+RXvm2fV0Xs=', None, False, 'iteemo8', '', '', 'iteemo@iteemo.org', False, True, '2018-10-27 04:37:05']
2018-10-27 04:37:05,837 [MainThread:140355136845632] [django.db.backends:90] [utils:execute] [DEBUG]- (0.000) INSERT INTO `auth_user` (`password`, `last_login`, `is_superuser`, `username`, `first_name`, `last_name`, `email`, `is_staff`, `is_active`, `date_joined`) VALUES ('pbkdf2_sha256$36000$hKwUc8Rzc7Cy$BTHe7ksaze18rqiwk4Q2Z2hqSnjff5eBxX1wgisWxyg=', NULL, 0, 'iteemo9', '', '', 'iteemo@iteemo.org', 0, 1, '2018-10-27 04:37:05'); args=['pbkdf2_sha256$36000$hKwUc8Rzc7Cy$BTHe7ksaze18rqiwk4Q2Z2hqSnjff5eBxX1wgisWxyg=', None, False, 'iteemo9', '', '', 'iteemo@iteemo.org', False, True, '2018-10-27 04:37:05']
2018-10-27 04:37:05,897 [MainThread:140355136845632] [django.db.backends:90] [utils:execute] [DEBUG]- (0.000) INSERT INTO `auth_user` (`password`, `last_login`, `is_superuser`, `username`, `first_name`, `last_name`, `email`, `is_staff`, `is_active`, `date_joined`) VALUES ('pbkdf2_sha256$36000$P63xqWuP65r6$vD9SafDHnv3wQURP5znLQ8YjLtsXZzVjbkgG+RZk8xU=', NULL, 0, 'iteemo10', '', '', 'iteemo@iteemo.org', 0, 1, '2018-10-27 04:37:05'); args=['pbkdf2_sha256$36000$P63xqWuP65r6$vD9SafDHnv3wQURP5znLQ8YjLtsXZzVjbkgG+RZk8xU=', None, False, 'iteemo10', '', '', 'iteemo@iteemo.org', False, True, '2018-10-27 04:37:05']
2018-10-27 04:37:05,967 [MainThread:140355136845632] [django.db.backends:90] [utils:execute] [DEBUG]- (0.000) INSERT INTO `auth_user` (`password`, `last_login`, `is_superuser`, `username`, `first_name`, `last_name`, `email`, `is_staff`, `is_active`, `date_joined`) VALUES ('pbkdf2_sha256$36000$jcSo1MwGZi7C$dwdATlsogOTfGSvuMoSzCIBVIru8q7Qv/oqzj6tD5Ws=', NULL, 0, 'iteemo11', '', '', 'iteemo@iteemo.org', 0, 1, '2018-10-27 04:37:05'); args=['pbkdf2_sha256$36000$jcSo1MwGZi7C$dwdATlsogOTfGSvuMoSzCIBVIru8q7Qv/oqzj6tD5Ws=', None, False, 'iteemo11', '', '', 'iteemo@iteemo.org', False, True, '2018-10-27 04:37:05']
2018-10-27 04:37:06,040 [MainThread:140355136845632] [django.db.backends:90] [utils:execute] [DEBUG]- (0.000) INSERT INTO `auth_user` (`password`, `last_login`, `is_superuser`, `username`, `first_name`, `last_name`, `email`, `is_staff`, `is_active`, `date_joined`) VALUES ('pbkdf2_sha256$36000$dSX6qooYvSQP$gJR/BEb0yMLPrsG0SetE1rcr2QM353QLPl8K2KPy0Mw=', NULL, 0, 'iteemo12', '', '', 'iteemo@iteemo.org', 0, 1, '2018-10-27 04:37:05'); args=['pbkdf2_sha256$36000$dSX6qooYvSQP$gJR/BEb0yMLPrsG0SetE1rcr2QM353QLPl8K2KPy0Mw=', None, False, 'iteemo12', '', '', 'iteemo@iteemo.org', False, True, '2018-10-27 04:37:05']
2018-10-27 04:37:06,096 [MainThread:140355136845632] [django.db.backends:90] [utils:execute] [DEBUG]- (0.000) INSERT INTO `auth_user` (`password`, `last_login`, `is_superuser`, `username`, `first_name`, `last_name`, `email`, `is_staff`, `is_active`, `date_joined`) VALUES ('pbkdf2_sha256$36000$KbBf6TvTFPCP$8frX5HuUBxWrpXECJEtQs/uvOWny6XK42kn8A51nQ6Q=', NULL, 0, 'iteemo13', '', '', 'iteemo@iteemo.org', 0, 1, '2018-10-27 04:37:06'); args=['pbkdf2_sha256$36000$KbBf6TvTFPCP$8frX5HuUBxWrpXECJEtQs/uvOWny6XK42kn8A51nQ6Q=', None, False, 'iteemo13', '', '', 'iteemo@iteemo.org', False, True, '2018-10-27 04:37:06']
2018-10-27 04:37:06,158 [MainThread:140355136845632] [django.db.backends:90] [utils:execute] [DEBUG]- (0.000) INSERT INTO `auth_user` (`password`, `last_login`, `is_superuser`, `username`, `first_name`, `last_name`, `email`, `is_staff`, `is_active`, `date_joined`) VALUES ('pbkdf2_sha256$36000$Q5uiqX4RSCux$7gRyhSB8TSagh/8oMYWp3a+r8PvhBnGqPTPs4iI22Mg=', NULL, 0, 'iteemo14', '', '', 'iteemo@iteemo.org', 0, 1, '2018-10-27 04:37:06'); args=['pbkdf2_sha256$36000$Q5uiqX4RSCux$7gRyhSB8TSagh/8oMYWp3a+r8PvhBnGqPTPs4iI22Mg=', None, False, 'iteemo14', '', '', 'iteemo@iteemo.org', False, True, '2018-10-27 04:37:06']
2018-10-27 04:37:06,213 [MainThread:140355136845632] [django.db.backends:90] [utils:execute] [DEBUG]- (0.000) INSERT INTO `auth_user` (`password`, `last_login`, `is_superuser`, `username`, `first_name`, `last_name`, `email`, `is_staff`, `is_active`, `date_joined`) VALUES ('pbkdf2_sha256$36000$cAb6ZiFK1lQh$cdF0oLG5P26zeWfoKdJjWyvP+VdcF8hM2eG7iNpmWas=', NULL, 0, 'iteemo15', '', '', 'iteemo@iteemo.org', 0, 1, '2018-10-27 04:37:06'); args=['pbkdf2_sha256$36000$cAb6ZiFK1lQh$cdF0oLG5P26zeWfoKdJjWyvP+VdcF8hM2eG7iNpmWas=', None, False, 'iteemo15', '', '', 'iteemo@iteemo.org', False, True, '2018-10-27 04:37:06']
2018-10-27 04:37:06,278 [MainThread:140355136845632] [django.db.backends:90] [utils:execute] [DEBUG]- (0.000) INSERT INTO `auth_user` (`password`, `last_login`, `is_superuser`, `username`, `first_name`, `last_name`, `email`, `is_staff`, `is_active`, `date_joined`) VALUES ('pbkdf2_sha256$36000$nxWyQIJRyohy$PVbcOW0ZY4PBlqfOmLoof1HYqu55Cf1Fnb0MdLsRsB4=', NULL, 0, 'iteemo16', '', '', 'iteemo@iteemo.org', 0, 1, '2018-10-27 04:37:06'); args=['pbkdf2_sha256$36000$nxWyQIJRyohy$PVbcOW0ZY4PBlqfOmLoof1HYqu55Cf1Fnb0MdLsRsB4=', None, False, 'iteemo16', '', '', 'iteemo@iteemo.org', False, True, '2018-10-27 04:37:06']
2018-10-27 04:37:06,334 [MainThread:140355136845632] [django.db.backends:90] [utils:execute] [DEBUG]- (0.000) INSERT INTO `auth_user` (`password`, `last_login`, `is_superuser`, `username`, `first_name`, `last_name`, `email`, `is_staff`, `is_active`, `date_joined`) VALUES ('pbkdf2_sha256$36000$kij5ytEyvQoa$HNRxtjvBSLyCoSE5RDezOBtUUAkL3uaAxb7RY1DnZKU=', NULL, 0, 'iteemo17', '', '', 'iteemo@iteemo.org', 0, 1, '2018-10-27 04:37:06'); args=['pbkdf2_sha256$36000$kij5ytEyvQoa$HNRxtjvBSLyCoSE5RDezOBtUUAkL3uaAxb7RY1DnZKU=', None, False, 'iteemo17', '', '', 'iteemo@iteemo.org', False, True, '2018-10-27 04:37:06']
2018-10-27 04:37:06,405 [MainThread:140355136845632] [django.db.backends:90] [utils:execute] [DEBUG]- (0.000) INSERT INTO `auth_user` (`password`, `last_login`, `is_superuser`, `username`, `first_name`, `last_name`, `email`, `is_staff`, `is_active`, `date_joined`) VALUES ('pbkdf2_sha256$36000$AzvRZAn7bo4W$1AKo2vAFR/dzeOZbBydhHyb1VBOs9Lxt6rpEqPHqdLE=', NULL, 0, 'iteemo18', '', '', 'iteemo@iteemo.org', 0, 1, '2018-10-27 04:37:06'); args=['pbkdf2_sha256$36000$AzvRZAn7bo4W$1AKo2vAFR/dzeOZbBydhHyb1VBOs9Lxt6rpEqPHqdLE=', None, False, 'iteemo18', '', '', 'iteemo@iteemo.org', False, True, '2018-10-27 04:37:06']
2018-10-27 04:37:06,464 [MainThread:140355136845632] [django.db.backends:90] [utils:execute] [DEBUG]- (0.000) INSERT INTO `auth_user` (`password`, `last_login`, `is_superuser`, `username`, `first_name`, `last_name`, `email`, `is_staff`, `is_active`, `date_joined`) VALUES ('pbkdf2_sha256$36000$E4YXXhPY4qJw$NX4Wq0RMhZcAm6pWP3kClF9FAF5cnTKsPeTKA8kItdA=', NULL, 0, 'iteemo19', '', '', 'iteemo@iteemo.org', 0, 1, '2018-10-27 04:37:06'); args=['pbkdf2_sha256$36000$E4YXXhPY4qJw$NX4Wq0RMhZcAm6pWP3kClF9FAF5cnTKsPeTKA8kItdA=', None, False, 'iteemo19', '', '', 'iteemo@iteemo.org', False, True, '2018-10-27 04:37:06']
2018-10-27 04:37:06,527 [MainThread:140355136845632] [django.db.backends:90] [utils:execute] [DEBUG]- (0.000) INSERT INTO `auth_user` (`password`, `last_login`, `is_superuser`, `username`, `first_name`, `last_name`, `email`, `is_staff`, `is_active`, `date_joined`) VALUES ('pbkdf2_sha256$36000$4WX9rmeIMsvM$fFb1qTypBfAaVc8yc16w6HgTo7wvKVbo3zlImU+Lm1U=', NULL, 0, 'iteemo20', '', '', 'iteemo@iteemo.org', 0, 1, '2018-10-27 04:37:06'); args=['pbkdf2_sha256$36000$4WX9rmeIMsvM$fFb1qTypBfAaVc8yc16w6HgTo7wvKVbo3zlImU+Lm1U=', None, False, 'iteemo20', '', '', 'iteemo@iteemo.org', False, True, '2018-10-27 04:37:06']
2018-10-27 04:37:06,582 [MainThread:140355136845632] [django.db.backends:90] [utils:execute] [DEBUG]- (0.000) INSERT INTO `auth_user` (`password`, `last_login`, `is_superuser`, `username`, `first_name`, `last_name`, `email`, `is_staff`, `is_active`, `date_joined`) VALUES ('pbkdf2_sha256$36000$XxIrrwqdt2MT$E8FJHC7XUYOy0j25kpQM+iR+iz+5kvXLFPmjXr+/APM=', NULL, 0, 'iteemo21', '', '', 'iteemo@iteemo.org', 0, 1, '2018-10-27 04:37:06'); args=['pbkdf2_sha256$36000$XxIrrwqdt2MT$E8FJHC7XUYOy0j25kpQM+iR+iz+5kvXLFPmjXr+/APM=', None, False, 'iteemo21', '', '', 'iteemo@iteemo.org', False, True, '2018-10-27 04:37:06']
2018-10-27 04:37:06,646 [MainThread:140355136845632] [django.db.backends:90] [utils:execute] [DEBUG]- (0.000) INSERT INTO `auth_user` (`password`, `last_login`, `is_superuser`, `username`, `first_name`, `last_name`, `email`, `is_staff`, `is_active`, `date_joined`) VALUES ('pbkdf2_sha256$36000$tcycjakmVQpq$AFfj5JUykhZHfn1e16u1BpphVVoZFBT4Hah1o04HNWk=', NULL, 0, 'iteemo22', '', '', 'iteemo@iteemo.org', 0, 1, '2018-10-27 04:37:06'); args=['pbkdf2_sha256$36000$tcycjakmVQpq$AFfj5JUykhZHfn1e16u1BpphVVoZFBT4Hah1o04HNWk=', None, False, 'iteemo22', '', '', 'iteemo@iteemo.org', False, True, '2018-10-27 04:37:06']
2018-10-27 04:37:06,701 [MainThread:140355136845632] [django.db.backends:90] [utils:execute] [DEBUG]- (0.000) INSERT INTO `auth_user` (`password`, `last_login`, `is_superuser`, `username`, `first_name`, `last_name`, `email`, `is_staff`, `is_active`, `date_joined`) VALUES ('pbkdf2_sha256$36000$Xkh5tjEhWDhr$Sk0lSRZgbTsMIYs7qmhdwLO9QMqbiCwu1tlmOsVWvNA=', NULL, 0, 'iteemo23', '', '', 'iteemo@iteemo.org', 0, 1, '2018-10-27 04:37:06'); args=['pbkdf2_sha256$36000$Xkh5tjEhWDhr$Sk0lSRZgbTsMIYs7qmhdwLO9QMqbiCwu1tlmOsVWvNA=', None, False, 'iteemo23', '', '', 'iteemo@iteemo.org', False, True, '2018-10-27 04:37:06']
2018-10-27 04:37:06,758 [MainThread:140355136845632] [django.db.backends:90] [utils:execute] [DEBUG]- (0.000) INSERT INTO `auth_user` (`password`, `last_login`, `is_superuser`, `username`, `first_name`, `last_name`, `email`, `is_staff`, `is_active`, `date_joined`) VALUES ('pbkdf2_sha256$36000$LQSoMoUUj3dO$naxCgiL3KjcVMT5104EPYSQ5jpgW78/THTwAejvUIic=', NULL, 0, 'iteemo24', '', '', 'iteemo@iteemo.org', 0, 1, '2018-10-27 04:37:06'); args=['pbkdf2_sha256$36000$LQSoMoUUj3dO$naxCgiL3KjcVMT5104EPYSQ5jpgW78/THTwAejvUIic=', None, False, 'iteemo24', '', '', 'iteemo@iteemo.org', False, True, '2018-10-27 04:37:06']
2018-10-27 04:37:06,812 [MainThread:140355136845632] [django.db.backends:90] [utils:execute] [DEBUG]- (0.000) INSERT INTO `auth_user` (`password`, `last_login`, `is_superuser`, `username`, `first_name`, `last_name`, `email`, `is_staff`, `is_active`, `date_joined`) VALUES ('pbkdf2_sha256$36000$uRxWxJHCKTRl$KrST45KH/hmHNXDoUPW9RvnuXPgO0Mzf/E/lYEGwHtE=', NULL, 0, 'iteemo25', '', '', 'iteemo@iteemo.org', 0, 1, '2018-10-27 04:37:06'); args=['pbkdf2_sha256$36000$uRxWxJHCKTRl$KrST45KH/hmHNXDoUPW9RvnuXPgO0Mzf/E/lYEGwHtE=', None, False, 'iteemo25', '', '', 'iteemo@iteemo.org', False, True, '2018-10-27 04:37:06']
2018-10-27 04:37:06,873 [MainThread:140355136845632] [django.db.backends:90] [utils:execute] [DEBUG]- (0.000) INSERT INTO `auth_user` (`password`, `last_login`, `is_superuser`, `username`, `first_name`, `last_name`, `email`, `is_staff`, `is_active`, `date_joined`) VALUES ('pbkdf2_sha256$36000$RspyPEyXo90i$V6Ibf3ZT3fNGM7hfzAHP/hbPehnhyrjIihoukW6ag/c=', NULL, 0, 'iteemo26', '', '', 'iteemo@iteemo.org', 0, 1, '2018-10-27 04:37:06'); args=['pbkdf2_sha256$36000$RspyPEyXo90i$V6Ibf3ZT3fNGM7hfzAHP/hbPehnhyrjIihoukW6ag/c=', None, False, 'iteemo26', '', '', 'iteemo@iteemo.org', False, True, '2018-10-27 04:37:06']
2018-10-27 04:37:06,928 [MainThread:140355136845632] [django.db.backends:90] [utils:execute] [DEBUG]- (0.000) INSERT INTO `auth_user` (`password`, `last_login`, `is_superuser`, `username`, `first_name`, `last_name`, `email`, `is_staff`, `is_active`, `date_joined`) VALUES ('pbkdf2_sha256$36000$W9gKvZLwShay$nsqk8EL/rEhx/V0pDl4gDGXgISQzwrDwTeCkF+AKv8M=', NULL, 0, 'iteemo27', '', '', 'iteemo@iteemo.org', 0, 1, '2018-10-27 04:37:06'); args=['pbkdf2_sha256$36000$W9gKvZLwShay$nsqk8EL/rEhx/V0pDl4gDGXgISQzwrDwTeCkF+AKv8M=', None, False, 'iteemo27', '', '', 'iteemo@iteemo.org', False, True, '2018-10-27 04:37:06']
2018-10-27 04:37:06,987 [MainThread:140355136845632] [django.db.backends:90] [utils:execute] [DEBUG]- (0.000) INSERT INTO `auth_user` (`password`, `last_login`, `is_superuser`, `username`, `first_name`, `last_name`, `email`, `is_staff`, `is_active`, `date_joined`) VALUES ('pbkdf2_sha256$36000$Nxgo0MRcMHax$zzUagQyV5YxbJn4OdnVZaiMdgNMpBewq8/Ox9LvG4V4=', NULL, 0, 'iteemo28', '', '', 'iteemo@iteemo.org', 0, 1, '2018-10-27 04:37:06'); args=['pbkdf2_sha256$36000$Nxgo0MRcMHax$zzUagQyV5YxbJn4OdnVZaiMdgNMpBewq8/Ox9LvG4V4=', None, False, 'iteemo28', '', '', 'iteemo@iteemo.org', False, True, '2018-10-27 04:37:06']
2018-10-27 04:37:07,043 [MainThread:140355136845632] [django.db.backends:90] [utils:execute] [DEBUG]- (0.000) INSERT INTO `auth_user` (`password`, `last_login`, `is_superuser`, `username`, `first_name`, `last_name`, `email`, `is_staff`, `is_active`, `date_joined`) VALUES ('pbkdf2_sha256$36000$EfuU6tZzt2Q8$w5ZHF8yt3i6dVq34SbgfG0+2TKnHKzhRt8gSYSpiFdI=', NULL, 0, 'iteemo29', '', '', 'iteemo@iteemo.org', 0, 1, '2018-10-27 04:37:06'); args=['pbkdf2_sha256$36000$EfuU6tZzt2Q8$w5ZHF8yt3i6dVq34SbgfG0+2TKnHKzhRt8gSYSpiFdI=', None, False, 'iteemo29', '', '', 'iteemo@iteemo.org', False, True, '2018-10-27 04:37:06']
2018-10-27 04:37:07,099 [MainThread:140355136845632] [django.db.backends:90] [utils:execute] [DEBUG]- (0.000) INSERT INTO `auth_user` (`password`, `last_login`, `is_superuser`, `username`, `first_name`, `last_name`, `email`, `is_staff`, `is_active`, `date_joined`) VALUES ('pbkdf2_sha256$36000$1tzq2VK1ooZL$nJzJ3yyanGbmalqNxfD1Yp0QmCzmFsNiHOwUXug2cQs=', NULL, 0, 'iteemo30', '', '', 'iteemo@iteemo.org', 0, 1, '2018-10-27 04:37:07'); args=['pbkdf2_sha256$36000$1tzq2VK1ooZL$nJzJ3yyanGbmalqNxfD1Yp0QmCzmFsNiHOwUXug2cQs=', None, False, 'iteemo30', '', '', 'iteemo@iteemo.org', False, True, '2018-10-27 04:37:07']
2018-10-27 04:37:07,157 [MainThread:140355136845632] [django.db.backends:90] [utils:execute] [DEBUG]- (0.001) INSERT INTO `auth_user` (`password`, `last_login`, `is_superuser`, `username`, `first_name`, `last_name`, `email`, `is_staff`, `is_active`, `date_joined`) VALUES ('pbkdf2_sha256$36000$7Xg8kCY1Mqnh$vTB3ffjpRD+fjHqRjEoi/oivpNIjBsbqg1mN68G4CK8=', NULL, 0, 'iteemo31', '', '', 'iteemo@iteemo.org', 0, 1, '2018-10-27 04:37:07'); args=['pbkdf2_sha256$36000$7Xg8kCY1Mqnh$vTB3ffjpRD+fjHqRjEoi/oivpNIjBsbqg1mN68G4CK8=', None, False, 'iteemo31', '', '', 'iteemo@iteemo.org', False, True, '2018-10-27 04:37:07']
2018-10-27 04:37:07,222 [MainThread:140355136845632] [django.db.backends:90] [utils:execute] [DEBUG]- (0.000) INSERT INTO `auth_user` (`password`, `last_login`, `is_superuser`, `username`, `first_name`, `last_name`, `email`, `is_staff`, `is_active`, `date_joined`) VALUES ('pbkdf2_sha256$36000$of18TUqpBT33$L/ty9F/MgKonjCIjy45YY+R7Zg7q8KkwkE5RhdOsOh8=', NULL, 0, 'iteemo32', '', '', 'iteemo@iteemo.org', 0, 1, '2018-10-27 04:37:07'); args=['pbkdf2_sha256$36000$of18TUqpBT33$L/ty9F/MgKonjCIjy45YY+R7Zg7q8KkwkE5RhdOsOh8=', None, False, 'iteemo32', '', '', 'iteemo@iteemo.org', False, True, '2018-10-27 04:37:07']
2018-10-27 04:37:07,280 [MainThread:140355136845632] [django.db.backends:90] [utils:execute] [DEBUG]- (0.000) INSERT INTO `auth_user` (`password`, `last_login`, `is_superuser`, `username`, `first_name`, `last_name`, `email`, `is_staff`, `is_active`, `date_joined`) VALUES ('pbkdf2_sha256$36000$3fAfLQUlxtoW$pzq9088HvzQdH082l5eYwNqoq4PWf7HcUkoheYd5Bq4=', NULL, 0, 'iteemo33', '', '', 'iteemo@iteemo.org', 0, 1, '2018-10-27 04:37:07'); args=['pbkdf2_sha256$36000$3fAfLQUlxtoW$pzq9088HvzQdH082l5eYwNqoq4PWf7HcUkoheYd5Bq4=', None, False, 'iteemo33', '', '', 'iteemo@iteemo.org', False, True, '2018-10-27 04:37:07']
2018-10-27 04:37:07,346 [MainThread:140355136845632] [django.db.backends:90] [utils:execute] [DEBUG]- (0.000) INSERT INTO `auth_user` (`password`, `last_login`, `is_superuser`, `username`, `first_name`, `last_name`, `email`, `is_staff`, `is_active`, `date_joined`) VALUES ('pbkdf2_sha256$36000$nC0422F1BDYZ$R+XQET/4Ic4jQknMa9jW1w4redAlcK8NH3e4Wr4LFjw=', NULL, 0, 'iteemo34', '', '', 'iteemo@iteemo.org', 0, 1, '2018-10-27 04:37:07'); args=['pbkdf2_sha256$36000$nC0422F1BDYZ$R+XQET/4Ic4jQknMa9jW1w4redAlcK8NH3e4Wr4LFjw=', None, False, 'iteemo34', '', '', 'iteemo@iteemo.org', False, True, '2018-10-27 04:37:07']
2018-10-27 04:37:07,408 [MainThread:140355136845632] [django.db.backends:90] [utils:execute] [DEBUG]- (0.000) INSERT INTO `auth_user` (`password`, `last_login`, `is_superuser`, `username`, `first_name`, `last_name`, `email`, `is_staff`, `is_active`, `date_joined`) VALUES ('pbkdf2_sha256$36000$Z2oOiVAOb2hj$43Wpc2ltclYS708UqjmWLPd6KUnAksVhtNLkpCq5Pbk=', NULL, 0, 'iteemo35', '', '', 'iteemo@iteemo.org', 0, 1, '2018-10-27 04:37:07'); args=['pbkdf2_sha256$36000$Z2oOiVAOb2hj$43Wpc2ltclYS708UqjmWLPd6KUnAksVhtNLkpCq5Pbk=', None, False, 'iteemo35', '', '', 'iteemo@iteemo.org', False, True, '2018-10-27 04:37:07']
2018-10-27 04:37:07,475 [MainThread:140355136845632] [django.db.backends:90] [utils:execute] [DEBUG]- (0.000) INSERT INTO `auth_user` (`password`, `last_login`, `is_superuser`, `username`, `first_name`, `last_name`, `email`, `is_staff`, `is_active`, `date_joined`) VALUES ('pbkdf2_sha256$36000$z1OmBob05n5w$+ExLia+YX3U5AYm3EB7FO0VYmp/u6qdSATi86bR+WPs=', NULL, 0, 'iteemo36', '', '', 'iteemo@iteemo.org', 0, 1, '2018-10-27 04:37:07'); args=['pbkdf2_sha256$36000$z1OmBob05n5w$+ExLia+YX3U5AYm3EB7FO0VYmp/u6qdSATi86bR+WPs=', None, False, 'iteemo36', '', '', 'iteemo@iteemo.org', False, True, '2018-10-27 04:37:07']
2018-10-27 04:37:07,540 [MainThread:140355136845632] [django.db.backends:90] [utils:execute] [DEBUG]- (0.001) INSERT INTO `auth_user` (`password`, `last_login`, `is_superuser`, `username`, `first_name`, `last_name`, `email`, `is_staff`, `is_active`, `date_joined`) VALUES ('pbkdf2_sha256$36000$HM6nt896jWtV$HxBI0WAlCXYAL8O6STxjJgon5M6un48KTsM5J7OYsMs=', NULL, 0, 'iteemo37', '', '', 'iteemo@iteemo.org', 0, 1, '2018-10-27 04:37:07'); args=['pbkdf2_sha256$36000$HM6nt896jWtV$HxBI0WAlCXYAL8O6STxjJgon5M6un48KTsM5J7OYsMs=', None, False, 'iteemo37', '', '', 'iteemo@iteemo.org', False, True, '2018-10-27 04:37:07']
2018-10-27 04:37:07,602 [MainThread:140355136845632] [django.db.backends:90] [utils:execute] [DEBUG]- (0.000) INSERT INTO `auth_user` (`password`, `last_login`, `is_superuser`, `username`, `first_name`, `last_name`, `email`, `is_staff`, `is_active`, `date_joined`) VALUES ('pbkdf2_sha256$36000$fVd5NTrN38hI$vFNNP/zoOO72blaE6LhKQcbx/AB06TZ6NWK8osR+y+g=', NULL, 0, 'iteemo38', '', '', 'iteemo@iteemo.org', 0, 1, '2018-10-27 04:37:07'); args=['pbkdf2_sha256$36000$fVd5NTrN38hI$vFNNP/zoOO72blaE6LhKQcbx/AB06TZ6NWK8osR+y+g=', None, False, 'iteemo38', '', '', 'iteemo@iteemo.org', False, True, '2018-10-27 04:37:07']
2018-10-27 04:37:07,678 [MainThread:140355136845632] [django.db.backends:90] [utils:execute] [DEBUG]- (0.000) INSERT INTO `auth_user` (`password`, `last_login`, `is_superuser`, `username`, `first_name`, `last_name`, `email`, `is_staff`, `is_active`, `date_joined`) VALUES ('pbkdf2_sha256$36000$HfQJ3cOfJ3ZI$NoKo/KkAVIxBz5XvHqwxp+Y4b+VusYia7JdnkbTgyR8=', NULL, 0, 'iteemo39', '', '', 'iteemo@iteemo.org', 0, 1, '2018-10-27 04:37:07'); args=['pbkdf2_sha256$36000$HfQJ3cOfJ3ZI$NoKo/KkAVIxBz5XvHqwxp+Y4b+VusYia7JdnkbTgyR8=', None, False, 'iteemo39', '', '', 'iteemo@iteemo.org', False, True, '2018-10-27 04:37:07']
2018-10-27 04:37:07,732 [MainThread:140355136845632] [django.db.backends:90] [utils:execute] [DEBUG]- (0.000) INSERT INTO `auth_user` (`password`, `last_login`, `is_superuser`, `username`, `first_name`, `last_name`, `email`, `is_staff`, `is_active`, `date_joined`) VALUES ('pbkdf2_sha256$36000$74OHdvTGi32y$wUPoZPUpj/+wPmGaqrpbGzTH2B6KjQNAa1pBraTvI3Y=', NULL, 0, 'iteemo40', '', '', 'iteemo@iteemo.org', 0, 1, '2018-10-27 04:37:07'); args=['pbkdf2_sha256$36000$74OHdvTGi32y$wUPoZPUpj/+wPmGaqrpbGzTH2B6KjQNAa1pBraTvI3Y=', None, False, 'iteemo40', '', '', 'iteemo@iteemo.org', False, True, '2018-10-27 04:37:07']
2018-10-27 04:37:07,798 [MainThread:140355136845632] [django.db.backends:90] [utils:execute] [DEBUG]- (0.000) INSERT INTO `auth_user` (`password`, `last_login`, `is_superuser`, `username`, `first_name`, `last_name`, `email`, `is_staff`, `is_active`, `date_joined`) VALUES ('pbkdf2_sha256$36000$Lh18uTqmotnn$RTyUguLYtEk7xQlGbt5t5AqR1BBjD7Nex8hSN8mTXag=', NULL, 0, 'iteemo41', '', '', 'iteemo@iteemo.org', 0, 1, '2018-10-27 04:37:07'); args=['pbkdf2_sha256$36000$Lh18uTqmotnn$RTyUguLYtEk7xQlGbt5t5AqR1BBjD7Nex8hSN8mTXag=', None, False, 'iteemo41', '', '', 'iteemo@iteemo.org', False, True, '2018-10-27 04:37:07']
2018-10-27 04:37:07,856 [MainThread:140355136845632] [django.db.backends:90] [utils:execute] [DEBUG]- (0.000) INSERT INTO `auth_user` (`password`, `last_login`, `is_superuser`, `username`, `first_name`, `last_name`, `email`, `is_staff`, `is_active`, `date_joined`) VALUES ('pbkdf2_sha256$36000$7GXQJHy5mo4e$TPQQF1RQeSWubUNB7NnTZj+fvWPA+C1sERy8OKzAJy8=', NULL, 0, 'iteemo42', '', '', 'iteemo@iteemo.org', 0, 1, '2018-10-27 04:37:07'); args=['pbkdf2_sha256$36000$7GXQJHy5mo4e$TPQQF1RQeSWubUNB7NnTZj+fvWPA+C1sERy8OKzAJy8=', None, False, 'iteemo42', '', '', 'iteemo@iteemo.org', False, True, '2018-10-27 04:37:07']
2018-10-27 04:37:07,923 [MainThread:140355136845632] [django.db.backends:90] [utils:execute] [DEBUG]- (0.000) INSERT INTO `auth_user` (`password`, `last_login`, `is_superuser`, `username`, `first_name`, `last_name`, `email`, `is_staff`, `is_active`, `date_joined`) VALUES ('pbkdf2_sha256$36000$xq31ZULU0agV$CFNRbBmYo9KedOfyV/Eio+SXtALYqL42DyiLkk175TQ=', NULL, 0, 'iteemo43', '', '', 'iteemo@iteemo.org', 0, 1, '2018-10-27 04:37:07'); args=['pbkdf2_sha256$36000$xq31ZULU0agV$CFNRbBmYo9KedOfyV/Eio+SXtALYqL42DyiLkk175TQ=', None, False, 'iteemo43', '', '', 'iteemo@iteemo.org', False, True, '2018-10-27 04:37:07']
2018-10-27 04:37:07,981 [MainThread:140355136845632] [django.db.backends:90] [utils:execute] [DEBUG]- (0.000) INSERT INTO `auth_user` (`password`, `last_login`, `is_superuser`, `username`, `first_name`, `last_name`, `email`, `is_staff`, `is_active`, `date_joined`) VALUES ('pbkdf2_sha256$36000$Sqe4jaUJQPLs$/frZJx+3oMKaSOXIaIH1NYkFudX6BPPoWXRIDoGvfF0=', NULL, 0, 'iteemo44', '', '', 'iteemo@iteemo.org', 0, 1, '2018-10-27 04:37:07'); args=['pbkdf2_sha256$36000$Sqe4jaUJQPLs$/frZJx+3oMKaSOXIaIH1NYkFudX6BPPoWXRIDoGvfF0=', None, False, 'iteemo44', '', '', 'iteemo@iteemo.org', False, True, '2018-10-27 04:37:07']
2018-10-27 04:37:08,044 [MainThread:140355136845632] [django.db.backends:90] [utils:execute] [DEBUG]- (0.000) INSERT INTO `auth_user` (`password`, `last_login`, `is_superuser`, `username`, `first_name`, `last_name`, `email`, `is_staff`, `is_active`, `date_joined`) VALUES ('pbkdf2_sha256$36000$F5g7DXO7SUzj$OZHMTWw6JyWyy95NyKL5Bs+3NEdUij82uAlVF+b2f9A=', NULL, 0, 'iteemo45', '', '', 'iteemo@iteemo.org', 0, 1, '2018-10-27 04:37:07'); args=['pbkdf2_sha256$36000$F5g7DXO7SUzj$OZHMTWw6JyWyy95NyKL5Bs+3NEdUij82uAlVF+b2f9A=', None, False, 'iteemo45', '', '', 'iteemo@iteemo.org', False, True, '2018-10-27 04:37:07']
2018-10-27 04:37:08,100 [MainThread:140355136845632] [django.db.backends:90] [utils:execute] [DEBUG]- (0.001) INSERT INTO `auth_user` (`password`, `last_login`, `is_superuser`, `username`, `first_name`, `last_name`, `email`, `is_staff`, `is_active`, `date_joined`) VALUES ('pbkdf2_sha256$36000$LxOEATI1y7BH$GDhzLREy1ihnU/NcMPhDFhnHwM8X9sriNhHy1aM312Y=', NULL, 0, 'iteemo46', '', '', 'iteemo@iteemo.org', 0, 1, '2018-10-27 04:37:08'); args=['pbkdf2_sha256$36000$LxOEATI1y7BH$GDhzLREy1ihnU/NcMPhDFhnHwM8X9sriNhHy1aM312Y=', None, False, 'iteemo46', '', '', 'iteemo@iteemo.org', False, True, '2018-10-27 04:37:08']
2018-10-27 04:37:08,166 [MainThread:140355136845632] [django.db.backends:90] [utils:execute] [DEBUG]- (0.000) INSERT INTO `auth_user` (`password`, `last_login`, `is_superuser`, `username`, `first_name`, `last_name`, `email`, `is_staff`, `is_active`, `date_joined`) VALUES ('pbkdf2_sha256$36000$5A8ftusTYLjm$GzRnchZK9B+3l6kRdN15FFP+hRZ5/Y+9jeMv4GpRhAQ=', NULL, 0, 'iteemo47', '', '', 'iteemo@iteemo.org', 0, 1, '2018-10-27 04:37:08'); args=['pbkdf2_sha256$36000$5A8ftusTYLjm$GzRnchZK9B+3l6kRdN15FFP+hRZ5/Y+9jeMv4GpRhAQ=', None, False, 'iteemo47', '', '', 'iteemo@iteemo.org', False, True, '2018-10-27 04:37:08']
2018-10-27 04:37:08,232 [MainThread:140355136845632] [django.db.backends:90] [utils:execute] [DEBUG]- (0.000) INSERT INTO `auth_user` (`password`, `last_login`, `is_superuser`, `username`, `first_name`, `last_name`, `email`, `is_staff`, `is_active`, `date_joined`) VALUES ('pbkdf2_sha256$36000$o9rq0AOmBvau$v+JdNzdeazZFr4oyZWgoKr/pObYJX8MekiS1D72alDE=', NULL, 0, 'iteemo48', '', '', 'iteemo@iteemo.org', 0, 1, '2018-10-27 04:37:08'); args=['pbkdf2_sha256$36000$o9rq0AOmBvau$v+JdNzdeazZFr4oyZWgoKr/pObYJX8MekiS1D72alDE=', None, False, 'iteemo48', '', '', 'iteemo@iteemo.org', False, True, '2018-10-27 04:37:08']
2018-10-27 04:37:08,291 [MainThread:140355136845632] [django.db.backends:90] [utils:execute] [DEBUG]- (0.000) INSERT INTO `auth_user` (`password`, `last_login`, `is_superuser`, `username`, `first_name`, `last_name`, `email`, `is_staff`, `is_active`, `date_joined`) VALUES ('pbkdf2_sha256$36000$arGXnhcqe3q2$I/iAVuOTIQ5T7a/rdd6h0feMKUhZLXkTh8TQC0Amj6c=', NULL, 0, 'iteemo49', '', '', 'iteemo@iteemo.org', 0, 1, '2018-10-27 04:37:08'); args=['pbkdf2_sha256$36000$arGXnhcqe3q2$I/iAVuOTIQ5T7a/rdd6h0feMKUhZLXkTh8TQC0Amj6c=', None, False, 'iteemo49', '', '', 'iteemo@iteemo.org', False, True, '2018-10-27 04:37:08']
2018-10-27 04:37:08,355 [MainThread:140355136845632] [django.db.backends:90] [utils:execute] [DEBUG]- (0.000) INSERT INTO `auth_user` (`password`, `last_login`, `is_superuser`, `username`, `first_name`, `last_name`, `email`, `is_staff`, `is_active`, `date_joined`) VALUES ('pbkdf2_sha256$36000$lx582ohEAJ3H$KSeuLbbokdXAKP7+nlty4iO/haYJZyeqDYpmkYqvXKk=', NULL, 0, 'iteemo50', '', '', 'iteemo@iteemo.org', 0, 1, '2018-10-27 04:37:08'); args=['pbkdf2_sha256$36000$lx582ohEAJ3H$KSeuLbbokdXAKP7+nlty4iO/haYJZyeqDYpmkYqvXKk=', None, False, 'iteemo50', '', '', 'iteemo@iteemo.org', False, True, '2018-10-27 04:37:08']
2018-10-27 04:37:08,417 [MainThread:140355136845632] [django.db.backends:90] [utils:execute] [DEBUG]- (0.000) INSERT INTO `auth_user` (`password`, `last_login`, `is_superuser`, `username`, `first_name`, `last_name`, `email`, `is_staff`, `is_active`, `date_joined`) VALUES ('pbkdf2_sha256$36000$U0XQL3Kg4jFZ$vqZqi/f9/iMX1o0uZhBEdDY0uKyiqS5ij5vdklQu9YE=', NULL, 0, 'iteemo51', '', '', 'iteemo@iteemo.org', 0, 1, '2018-10-27 04:37:08'); args=['pbkdf2_sha256$36000$U0XQL3Kg4jFZ$vqZqi/f9/iMX1o0uZhBEdDY0uKyiqS5ij5vdklQu9YE=', None, False, 'iteemo51', '', '', 'iteemo@iteemo.org', False, True, '2018-10-27 04:37:08']
2018-10-27 04:37:08,475 [MainThread:140355136845632] [django.db.backends:90] [utils:execute] [DEBUG]- (0.000) INSERT INTO `auth_user` (`password`, `last_login`, `is_superuser`, `username`, `first_name`, `last_name`, `email`, `is_staff`, `is_active`, `date_joined`) VALUES ('pbkdf2_sha256$36000$SuxHMgpon6Qr$e7JXqtzV+EBoQhGlwt1yf7ygX+iengHgEiHmIxlTuFE=', NULL, 0, 'iteemo52', '', '', 'iteemo@iteemo.org', 0, 1, '2018-10-27 04:37:08'); args=['pbkdf2_sha256$36000$SuxHMgpon6Qr$e7JXqtzV+EBoQhGlwt1yf7ygX+iengHgEiHmIxlTuFE=', None, False, 'iteemo52', '', '', 'iteemo@iteemo.org', False, True, '2018-10-27 04:37:08']
2018-10-27 04:37:08,529 [MainThread:140355136845632] [django.db.backends:90] [utils:execute] [DEBUG]- (0.000) INSERT INTO `auth_user` (`password`, `last_login`, `is_superuser`, `username`, `first_name`, `last_name`, `email`, `is_staff`, `is_active`, `date_joined`) VALUES ('pbkdf2_sha256$36000$iXdMZvMEnkeF$sjvRONvZrXqRvYUgRLhskY+xgFJdr7yRtSgqxs/p6V0=', NULL, 0, 'iteemo53', '', '', 'iteemo@iteemo.org', 0, 1, '2018-10-27 04:37:08'); args=['pbkdf2_sha256$36000$iXdMZvMEnkeF$sjvRONvZrXqRvYUgRLhskY+xgFJdr7yRtSgqxs/p6V0=', None, False, 'iteemo53', '', '', 'iteemo@iteemo.org', False, True, '2018-10-27 04:37:08']
2018-10-27 04:37:08,588 [MainThread:140355136845632] [django.db.backends:90] [utils:execute] [DEBUG]- (0.000) INSERT INTO `auth_user` (`password`, `last_login`, `is_superuser`, `username`, `first_name`, `last_name`, `email`, `is_staff`, `is_active`, `date_joined`) VALUES ('pbkdf2_sha256$36000$h8H2Leb2ujiX$KDhCJ0wH2dI+/xN6vDxIqawQ11LWQ/GUq9Gh+iXMOgE=', NULL, 0, 'iteemo54', '', '', 'iteemo@iteemo.org', 0, 1, '2018-10-27 04:37:08'); args=['pbkdf2_sha256$36000$h8H2Leb2ujiX$KDhCJ0wH2dI+/xN6vDxIqawQ11LWQ/GUq9Gh+iXMOgE=', None, False, 'iteemo54', '', '', 'iteemo@iteemo.org', False, True, '2018-10-27 04:37:08']
2018-10-27 04:37:08,644 [MainThread:140355136845632] [django.db.backends:90] [utils:execute] [DEBUG]- (0.000) INSERT INTO `auth_user` (`password`, `last_login`, `is_superuser`, `username`, `first_name`, `last_name`, `email`, `is_staff`, `is_active`, `date_joined`) VALUES ('pbkdf2_sha256$36000$ZtzBKQaXxv5c$mYwOC1THzjLsW9lfIY0uShYwAu/HEHiK0Zp22v1NbxQ=', NULL, 0, 'iteemo55', '', '', 'iteemo@iteemo.org', 0, 1, '2018-10-27 04:37:08'); args=['pbkdf2_sha256$36000$ZtzBKQaXxv5c$mYwOC1THzjLsW9lfIY0uShYwAu/HEHiK0Zp22v1NbxQ=', None, False, 'iteemo55', '', '', 'iteemo@iteemo.org', False, True, '2018-10-27 04:37:08']
2018-10-27 04:37:08,701 [MainThread:140355136845632] [django.db.backends:90] [utils:execute] [DEBUG]- (0.000) INSERT INTO `auth_user` (`password`, `last_login`, `is_superuser`, `username`, `first_name`, `last_name`, `email`, `is_staff`, `is_active`, `date_joined`) VALUES ('pbkdf2_sha256$36000$REmQc5p2uQFA$8pXEzkJqbGjqyDSAuDLfvqPSHp8T3THSfqphuDPNqoo=', NULL, 0, 'iteemo56', '', '', 'iteemo@iteemo.org', 0, 1, '2018-10-27 04:37:08'); args=['pbkdf2_sha256$36000$REmQc5p2uQFA$8pXEzkJqbGjqyDSAuDLfvqPSHp8T3THSfqphuDPNqoo=', None, False, 'iteemo56', '', '', 'iteemo@iteemo.org', False, True, '2018-10-27 04:37:08']
2018-10-27 04:37:08,757 [MainThread:140355136845632] [django.db.backends:90] [utils:execute] [DEBUG]- (0.000) INSERT INTO `auth_user` (`password`, `last_login`, `is_superuser`, `username`, `first_name`, `last_name`, `email`, `is_staff`, `is_active`, `date_joined`) VALUES ('pbkdf2_sha256$36000$5Sc44IVchhiC$EZUOKv+IxgdynufkYY10lrKA+hZfvh0iG70SJttBkiY=', NULL, 0, 'iteemo57', '', '', 'iteemo@iteemo.org', 0, 1, '2018-10-27 04:37:08'); args=['pbkdf2_sha256$36000$5Sc44IVchhiC$EZUOKv+IxgdynufkYY10lrKA+hZfvh0iG70SJttBkiY=', None, False, 'iteemo57', '', '', 'iteemo@iteemo.org', False, True, '2018-10-27 04:37:08']
2018-10-27 04:37:08,822 [MainThread:140355136845632] [django.db.backends:90] [utils:execute] [DEBUG]- (0.000) INSERT INTO `auth_user` (`password`, `last_login`, `is_superuser`, `username`, `first_name`, `last_name`, `email`, `is_staff`, `is_active`, `date_joined`) VALUES ('pbkdf2_sha256$36000$4uly4o1L25aO$3E24QoEZdBlAwVEl5tTQuxk5907vBqvI1PwB97LgeGc=', NULL, 0, 'iteemo58', '', '', 'iteemo@iteemo.org', 0, 1, '2018-10-27 04:37:08'); args=['pbkdf2_sha256$36000$4uly4o1L25aO$3E24QoEZdBlAwVEl5tTQuxk5907vBqvI1PwB97LgeGc=', None, False, 'iteemo58', '', '', 'iteemo@iteemo.org', False, True, '2018-10-27 04:37:08']
2018-10-27 04:37:08,887 [MainThread:140355136845632] [django.db.backends:90] [utils:execute] [DEBUG]- (0.000) INSERT INTO `auth_user` (`password`, `last_login`, `is_superuser`, `username`, `first_name`, `last_name`, `email`, `is_staff`, `is_active`, `date_joined`) VALUES ('pbkdf2_sha256$36000$tEwoIWYIUTAc$lzujt/JgLQ+bz29YbD3lYwH99aNLN6FLvlQmGa3RSW0=', NULL, 0, 'iteemo59', '', '', 'iteemo@iteemo.org', 0, 1, '2018-10-27 04:37:08'); args=['pbkdf2_sha256$36000$tEwoIWYIUTAc$lzujt/JgLQ+bz29YbD3lYwH99aNLN6FLvlQmGa3RSW0=', None, False, 'iteemo59', '', '', 'iteemo@iteemo.org', False, True, '2018-10-27 04:37:08']
2018-10-27 04:37:08,959 [MainThread:140355136845632] [django.db.backends:90] [utils:execute] [DEBUG]- (0.000) INSERT INTO `auth_user` (`password`, `last_login`, `is_superuser`, `username`, `first_name`, `last_name`, `email`, `is_staff`, `is_active`, `date_joined`) VALUES ('pbkdf2_sha256$36000$Fbg0xhtCnLwZ$tz01JiH+M52SezWA6QTU7saOt6TuM5JOVJCGOJfQ4Y8=', NULL, 0, 'iteemo60', '', '', 'iteemo@iteemo.org', 0, 1, '2018-10-27 04:37:08'); args=['pbkdf2_sha256$36000$Fbg0xhtCnLwZ$tz01JiH+M52SezWA6QTU7saOt6TuM5JOVJCGOJfQ4Y8=', None, False, 'iteemo60', '', '', 'iteemo@iteemo.org', False, True, '2018-10-27 04:37:08']
2018-10-27 04:37:09,015 [MainThread:140355136845632] [django.db.backends:90] [utils:execute] [DEBUG]- (0.000) INSERT INTO `auth_user` (`password`, `last_login`, `is_superuser`, `username`, `first_name`, `last_name`, `email`, `is_staff`, `is_active`, `date_joined`) VALUES ('pbkdf2_sha256$36000$xXs7IyCbHplJ$kwX3nSnvVsfPCPoeNOdDVeZ5skN9SaSOsvPVaR0/EFs=', NULL, 0, 'iteemo61', '', '', 'iteemo@iteemo.org', 0, 1, '2018-10-27 04:37:08'); args=['pbkdf2_sha256$36000$xXs7IyCbHplJ$kwX3nSnvVsfPCPoeNOdDVeZ5skN9SaSOsvPVaR0/EFs=', None, False, 'iteemo61', '', '', 'iteemo@iteemo.org', False, True, '2018-10-27 04:37:08']
2018-10-27 04:37:09,081 [MainThread:140355136845632] [django.db.backends:90] [utils:execute] [DEBUG]- (0.000) INSERT INTO `auth_user` (`password`, `last_login`, `is_superuser`, `username`, `first_name`, `last_name`, `email`, `is_staff`, `is_active`, `date_joined`) VALUES ('pbkdf2_sha256$36000$n8KYt964RaiB$IGSYKWlufHpituIxR+973vEz/IyKXOcF6Rc9L/R314g=', NULL, 0, 'iteemo62', '', '', 'iteemo@iteemo.org', 0, 1, '2018-10-27 04:37:09'); args=['pbkdf2_sha256$36000$n8KYt964RaiB$IGSYKWlufHpituIxR+973vEz/IyKXOcF6Rc9L/R314g=', None, False, 'iteemo62', '', '', 'iteemo@iteemo.org', False, True, '2018-10-27 04:37:09']
2018-10-27 04:37:09,139 [MainThread:140355136845632] [django.db.backends:90] [utils:execute] [DEBUG]- (0.001) INSERT INTO `auth_user` (`password`, `last_login`, `is_superuser`, `username`, `first_name`, `last_name`, `email`, `is_staff`, `is_active`, `date_joined`) VALUES ('pbkdf2_sha256$36000$YioAMx46frcV$Admy4XTArJsHINO99JfwRmnyz8FsrN1PnXsOGDMR8R8=', NULL, 0, 'iteemo63', '', '', 'iteemo@iteemo.org', 0, 1, '2018-10-27 04:37:09'); args=['pbkdf2_sha256$36000$YioAMx46frcV$Admy4XTArJsHINO99JfwRmnyz8FsrN1PnXsOGDMR8R8=', None, False, 'iteemo63', '', '', 'iteemo@iteemo.org', False, True, '2018-10-27 04:37:09']
2018-10-27 04:37:09,199 [MainThread:140355136845632] [django.db.backends:90] [utils:execute] [DEBUG]- (0.000) INSERT INTO `auth_user` (`password`, `last_login`, `is_superuser`, `username`, `first_name`, `last_name`, `email`, `is_staff`, `is_active`, `date_joined`) VALUES ('pbkdf2_sha256$36000$Ew2vceI3CeQN$5oACr+1sm6FCvpceatkC9Wzx67ohTysX0uqYYhg7Xv4=', NULL, 0, 'iteemo64', '', '', 'iteemo@iteemo.org', 0, 1, '2018-10-27 04:37:09'); args=['pbkdf2_sha256$36000$Ew2vceI3CeQN$5oACr+1sm6FCvpceatkC9Wzx67ohTysX0uqYYhg7Xv4=', None, False, 'iteemo64', '', '', 'iteemo@iteemo.org', False, True, '2018-10-27 04:37:09']
2018-10-27 04:37:09,266 [MainThread:140355136845632] [django.db.backends:90] [utils:execute] [DEBUG]- (0.000) INSERT INTO `auth_user` (`password`, `last_login`, `is_superuser`, `username`, `first_name`, `last_name`, `email`, `is_staff`, `is_active`, `date_joined`) VALUES ('pbkdf2_sha256$36000$hF5FXFWQbtTJ$tfjpcCOJ71MIUiKrtAeNX/Q5wdcJ9oF6sOGtYeEH7Zk=', NULL, 0, 'iteemo65', '', '', 'iteemo@iteemo.org', 0, 1, '2018-10-27 04:37:09'); args=['pbkdf2_sha256$36000$hF5FXFWQbtTJ$tfjpcCOJ71MIUiKrtAeNX/Q5wdcJ9oF6sOGtYeEH7Zk=', None, False, 'iteemo65', '', '', 'iteemo@iteemo.org', False, True, '2018-10-27 04:37:09']
2018-10-27 04:37:09,321 [MainThread:140355136845632] [django.db.backends:90] [utils:execute] [DEBUG]- (0.000) INSERT INTO `auth_user` (`password`, `last_login`, `is_superuser`, `username`, `first_name`, `last_name`, `email`, `is_staff`, `is_active`, `date_joined`) VALUES ('pbkdf2_sha256$36000$bUAnFit7oFXG$PRZqouLQ5gnYOku2+EEw7j4OnnHi13RVdGjdeKYCvw4=', NULL, 0, 'iteemo66', '', '', 'iteemo@iteemo.org', 0, 1, '2018-10-27 04:37:09'); args=['pbkdf2_sha256$36000$bUAnFit7oFXG$PRZqouLQ5gnYOku2+EEw7j4OnnHi13RVdGjdeKYCvw4=', None, False, 'iteemo66', '', '', 'iteemo@iteemo.org', False, True, '2018-10-27 04:37:09']
2018-10-27 04:37:09,388 [MainThread:140355136845632] [django.db.backends:90] [utils:execute] [DEBUG]- (0.000) INSERT INTO `auth_user` (`password`, `last_login`, `is_superuser`, `username`, `first_name`, `last_name`, `email`, `is_staff`, `is_active`, `date_joined`) VALUES ('pbkdf2_sha256$36000$YQeylFunc5TQ$NdxoZgumQ8HX5td27P3BxJC7x3l1nL5I5C9cvFYptcQ=', NULL, 0, 'iteemo67', '', '', 'iteemo@iteemo.org', 0, 1, '2018-10-27 04:37:09'); args=['pbkdf2_sha256$36000$YQeylFunc5TQ$NdxoZgumQ8HX5td27P3BxJC7x3l1nL5I5C9cvFYptcQ=', None, False, 'iteemo67', '', '', 'iteemo@iteemo.org', False, True, '2018-10-27 04:37:09']
2018-10-27 04:37:09,455 [MainThread:140355136845632] [django.db.backends:90] [utils:execute] [DEBUG]- (0.000) INSERT INTO `auth_user` (`password`, `last_login`, `is_superuser`, `username`, `first_name`, `last_name`, `email`, `is_staff`, `is_active`, `date_joined`) VALUES ('pbkdf2_sha256$36000$ODXwSVqT0Vho$pkoQFJwEAaNoeQBpW+fv3zj4xGNstsS+N0PHpdSkpl4=', NULL, 0, 'iteemo68', '', '', 'iteemo@iteemo.org', 0, 1, '2018-10-27 04:37:09'); args=['pbkdf2_sha256$36000$ODXwSVqT0Vho$pkoQFJwEAaNoeQBpW+fv3zj4xGNstsS+N0PHpdSkpl4=', None, False, 'iteemo68', '', '', 'iteemo@iteemo.org', False, True, '2018-10-27 04:37:09']
2018-10-27 04:37:09,522 [MainThread:140355136845632] [django.db.backends:90] [utils:execute] [DEBUG]- (0.000) INSERT INTO `auth_user` (`password`, `last_login`, `is_superuser`, `username`, `first_name`, `last_name`, `email`, `is_staff`, `is_active`, `date_joined`) VALUES ('pbkdf2_sha256$36000$YpUZPiKzaDVu$iHCRBEURQZ7XcBOHQONUJwenkKjLWb5OMt2/L82vqtc=', NULL, 0, 'iteemo69', '', '', 'iteemo@iteemo.org', 0, 1, '2018-10-27 04:37:09'); args=['pbkdf2_sha256$36000$YpUZPiKzaDVu$iHCRBEURQZ7XcBOHQONUJwenkKjLWb5OMt2/L82vqtc=', None, False, 'iteemo69', '', '', 'iteemo@iteemo.org', False, True, '2018-10-27 04:37:09']
2018-10-27 04:37:09,579 [MainThread:140355136845632] [django.db.backends:90] [utils:execute] [DEBUG]- (0.000) INSERT INTO `auth_user` (`password`, `last_login`, `is_superuser`, `username`, `first_name`, `last_name`, `email`, `is_staff`, `is_active`, `date_joined`) VALUES ('pbkdf2_sha256$36000$IU6ysfCFo1UU$gUA9vs7A4qpM22FAlsije3Gw/vGYHkN9pXNWYzQwabE=', NULL, 0, 'iteemo70', '', '', 'iteemo@iteemo.org', 0, 1, '2018-10-27 04:37:09'); args=['pbkdf2_sha256$36000$IU6ysfCFo1UU$gUA9vs7A4qpM22FAlsije3Gw/vGYHkN9pXNWYzQwabE=', None, False, 'iteemo70', '', '', 'iteemo@iteemo.org', False, True, '2018-10-27 04:37:09']
2018-10-27 04:37:09,647 [MainThread:140355136845632] [django.db.backends:90] [utils:execute] [DEBUG]- (0.000) INSERT INTO `auth_user` (`password`, `last_login`, `is_superuser`, `username`, `first_name`, `last_name`, `email`, `is_staff`, `is_active`, `date_joined`) VALUES ('pbkdf2_sha256$36000$gEQfmrwf5YkI$8HrDuhZzXu5P+5lobBVBOyTD70TOHGVvzs7ytVpSIco=', NULL, 0, 'iteemo71', '', '', 'iteemo@iteemo.org', 0, 1, '2018-10-27 04:37:09'); args=['pbkdf2_sha256$36000$gEQfmrwf5YkI$8HrDuhZzXu5P+5lobBVBOyTD70TOHGVvzs7ytVpSIco=', None, False, 'iteemo71', '', '', 'iteemo@iteemo.org', False, True, '2018-10-27 04:37:09']
2018-10-27 04:37:09,702 [MainThread:140355136845632] [django.db.backends:90] [utils:execute] [DEBUG]- (0.000) INSERT INTO `auth_user` (`password`, `last_login`, `is_superuser`, `username`, `first_name`, `last_name`, `email`, `is_staff`, `is_active`, `date_joined`) VALUES ('pbkdf2_sha256$36000$ubukIsJmOlMe$gZMCMX5Bb4IMLjsqxnaxhgF1oCTaWscx8Ikz8t7Asi8=', NULL, 0, 'iteemo72', '', '', 'iteemo@iteemo.org', 0, 1, '2018-10-27 04:37:09'); args=['pbkdf2_sha256$36000$ubukIsJmOlMe$gZMCMX5Bb4IMLjsqxnaxhgF1oCTaWscx8Ikz8t7Asi8=', None, False, 'iteemo72', '', '', 'iteemo@iteemo.org', False, True, '2018-10-27 04:37:09']
2018-10-27 04:37:09,921 [MainThread:140355136845632] [django.db.backends:90] [utils:execute] [DEBUG]- (0.003) INSERT INTO `auth_user` (`password`, `last_login`, `is_superuser`, `username`, `first_name`, `last_name`, `email`, `is_staff`, `is_active`, `date_joined`) VALUES ('pbkdf2_sha256$36000$6sr2KAmqBs8Y$7nfc63xNad1S3em0C+uSzsYLb2aY3wQasZm/muyUr3o=', NULL, 0, 'iteemo73', '', '', 'iteemo@iteemo.org', 0, 1, '2018-10-27 04:37:09'); args=['pbkdf2_sha256$36000$6sr2KAmqBs8Y$7nfc63xNad1S3em0C+uSzsYLb2aY3wQasZm/muyUr3o=', None, False, 'iteemo73', '', '', 'iteemo@iteemo.org', False, True, '2018-10-27 04:37:09']
2018-10-27 04:37:10,096 [MainThread:140355136845632] [django.db.backends:90] [utils:execute] [DEBUG]- (0.000) INSERT INTO `auth_user` (`password`, `last_login`, `is_superuser`, `username`, `first_name`, `last_name`, `email`, `is_staff`, `is_active`, `date_joined`) VALUES ('pbkdf2_sha256$36000$gbBUSu5P1hbo$l34W6Dn5gLmpXbjRoGenrM3WMbxYg7FD+LdhUtnxhGU=', NULL, 0, 'iteemo74', '', '', 'iteemo@iteemo.org', 0, 1, '2018-10-27 04:37:09'); args=['pbkdf2_sha256$36000$gbBUSu5P1hbo$l34W6Dn5gLmpXbjRoGenrM3WMbxYg7FD+LdhUtnxhGU=', None, False, 'iteemo74', '', '', 'iteemo@iteemo.org', False, True, '2018-10-27 04:37:09']
2018-10-27 04:37:10,165 [MainThread:140355136845632] [django.db.backends:90] [utils:execute] [DEBUG]- (0.000) INSERT INTO `auth_user` (`password`, `last_login`, `is_superuser`, `username`, `first_name`, `last_name`, `email`, `is_staff`, `is_active`, `date_joined`) VALUES ('pbkdf2_sha256$36000$dPzLWJUEpif7$mK4sWrHP4Q5NCZNg7624KIdp/EJUghdtXt92rDVd/H4=', NULL, 0, 'iteemo75', '', '', 'iteemo@iteemo.org', 0, 1, '2018-10-27 04:37:10'); args=['pbkdf2_sha256$36000$dPzLWJUEpif7$mK4sWrHP4Q5NCZNg7624KIdp/EJUghdtXt92rDVd/H4=', None, False, 'iteemo75', '', '', 'iteemo@iteemo.org', False, True, '2018-10-27 04:37:10']
2018-10-27 04:37:10,234 [MainThread:140355136845632] [django.db.backends:90] [utils:execute] [DEBUG]- (0.000) INSERT INTO `auth_user` (`password`, `last_login`, `is_superuser`, `username`, `first_name`, `last_name`, `email`, `is_staff`, `is_active`, `date_joined`) VALUES ('pbkdf2_sha256$36000$YcOnmzfK7fLS$aHOQmvL13JbMHgIJj1vPow4OCt7tPu9E1N71QI9Hckc=', NULL, 0, 'iteemo76', '', '', 'iteemo@iteemo.org', 0, 1, '2018-10-27 04:37:10'); args=['pbkdf2_sha256$36000$YcOnmzfK7fLS$aHOQmvL13JbMHgIJj1vPow4OCt7tPu9E1N71QI9Hckc=', None, False, 'iteemo76', '', '', 'iteemo@iteemo.org', False, True, '2018-10-27 04:37:10']
2018-10-27 04:37:10,422 [MainThread:140355136845632] [django.db.backends:90] [utils:execute] [DEBUG]- (0.001) INSERT INTO `auth_user` (`password`, `last_login`, `is_superuser`, `username`, `first_name`, `last_name`, `email`, `is_staff`, `is_active`, `date_joined`) VALUES ('pbkdf2_sha256$36000$FmDACGmKdUx7$akoTsaJOIdBNxykPDEfDQHe2e5qPNSW2MNWNvO3CQfE=', NULL, 0, 'iteemo77', '', '', 'iteemo@iteemo.org', 0, 1, '2018-10-27 04:37:10'); args=['pbkdf2_sha256$36000$FmDACGmKdUx7$akoTsaJOIdBNxykPDEfDQHe2e5qPNSW2MNWNvO3CQfE=', None, False, 'iteemo77', '', '', 'iteemo@iteemo.org', False, True, '2018-10-27 04:37:10']
2018-10-27 04:37:10,573 [MainThread:140355136845632] [django.db.backends:90] [utils:execute] [DEBUG]- (0.004) INSERT INTO `auth_user` (`password`, `last_login`, `is_superuser`, `username`, `first_name`, `last_name`, `email`, `is_staff`, `is_active`, `date_joined`) VALUES ('pbkdf2_sha256$36000$dEeUUNrYaRfm$i+gxFXLSynUVuDGq3JqSYpy+/Ulb8SAHS9YnhaQmyWY=', NULL, 0, 'iteemo78', '', '', 'iteemo@iteemo.org', 0, 1, '2018-10-27 04:37:10'); args=['pbkdf2_sha256$36000$dEeUUNrYaRfm$i+gxFXLSynUVuDGq3JqSYpy+/Ulb8SAHS9YnhaQmyWY=', None, False, 'iteemo78', '', '', 'iteemo@iteemo.org', False, True, '2018-10-27 04:37:10']
2018-10-27 04:37:10,709 [MainThread:140355136845632] [django.db.backends:90] [utils:execute] [DEBUG]- (0.001) INSERT INTO `auth_user` (`password`, `last_login`, `is_superuser`, `username`, `first_name`, `last_name`, `email`, `is_staff`, `is_active`, `date_joined`) VALUES ('pbkdf2_sha256$36000$de16UJICRsid$Wdh5Fm4R4A6afM43nklg90oUeMSBUoK+gxtshrUMeXs=', NULL, 0, 'iteemo79', '', '', 'iteemo@iteemo.org', 0, 1, '2018-10-27 04:37:10'); args=['pbkdf2_sha256$36000$de16UJICRsid$Wdh5Fm4R4A6afM43nklg90oUeMSBUoK+gxtshrUMeXs=', None, False, 'iteemo79', '', '', 'iteemo@iteemo.org', False, True, '2018-10-27 04:37:10']
2018-10-27 04:37:10,817 [MainThread:140355136845632] [django.db.backends:90] [utils:execute] [DEBUG]- (0.000) INSERT INTO `auth_user` (`password`, `last_login`, `is_superuser`, `username`, `first_name`, `last_name`, `email`, `is_staff`, `is_active`, `date_joined`) VALUES ('pbkdf2_sha256$36000$SVzJWWug5fWu$B3v5GSiyUog6WR+fYWCmbW7NZESdF2Fh4RJEQDwdJHk=', NULL, 0, 'iteemo80', '', '', 'iteemo@iteemo.org', 0, 1, '2018-10-27 04:37:10'); args=['pbkdf2_sha256$36000$SVzJWWug5fWu$B3v5GSiyUog6WR+fYWCmbW7NZESdF2Fh4RJEQDwdJHk=', None, False, 'iteemo80', '', '', 'iteemo@iteemo.org', False, True, '2018-10-27 04:37:10']
2018-10-27 04:37:10,945 [MainThread:140355136845632] [django.db.backends:90] [utils:execute] [DEBUG]- (0.000) INSERT INTO `auth_user` (`password`, `last_login`, `is_superuser`, `username`, `first_name`, `last_name`, `email`, `is_staff`, `is_active`, `date_joined`) VALUES ('pbkdf2_sha256$36000$lH1qq9ds9aU8$LBR4vFqEqCwYaqN2iRSaGw5yccPRGLuH3qaLmQc68ic=', NULL, 0, 'iteemo81', '', '', 'iteemo@iteemo.org', 0, 1, '2018-10-27 04:37:10'); args=['pbkdf2_sha256$36000$lH1qq9ds9aU8$LBR4vFqEqCwYaqN2iRSaGw5yccPRGLuH3qaLmQc68ic=', None, False, 'iteemo81', '', '', 'iteemo@iteemo.org', False, True, '2018-10-27 04:37:10']
2018-10-27 04:37:11,008 [MainThread:140355136845632] [django.db.backends:90] [utils:execute] [DEBUG]- (0.000) INSERT INTO `auth_user` (`password`, `last_login`, `is_superuser`, `username`, `first_name`, `last_name`, `email`, `is_staff`, `is_active`, `date_joined`) VALUES ('pbkdf2_sha256$36000$T8xLlcD7aQqi$mRzBDll/LKtgCLDtigu+2iecC0kutoTRODQkXQtQE0g=', NULL, 0, 'iteemo82', '', '', 'iteemo@iteemo.org', 0, 1, '2018-10-27 04:37:10'); args=['pbkdf2_sha256$36000$T8xLlcD7aQqi$mRzBDll/LKtgCLDtigu+2iecC0kutoTRODQkXQtQE0g=', None, False, 'iteemo82', '', '', 'iteemo@iteemo.org', False, True, '2018-10-27 04:37:10']
2018-10-27 04:37:11,084 [MainThread:140355136845632] [django.db.backends:90] [utils:execute] [DEBUG]- (0.001) INSERT INTO `auth_user` (`password`, `last_login`, `is_superuser`, `username`, `first_name`, `last_name`, `email`, `is_staff`, `is_active`, `date_joined`) VALUES ('pbkdf2_sha256$36000$lQtYIWu3OekM$M1kfMVTjT4xWP3OSy4Mbx+LMG2V0n7ZDeQ/nGhFjYA0=', NULL, 0, 'iteemo83', '', '', 'iteemo@iteemo.org', 0, 1, '2018-10-27 04:37:11'); args=['pbkdf2_sha256$36000$lQtYIWu3OekM$M1kfMVTjT4xWP3OSy4Mbx+LMG2V0n7ZDeQ/nGhFjYA0=', None, False, 'iteemo83', '', '', 'iteemo@iteemo.org', False, True, '2018-10-27 04:37:11']
2018-10-27 04:37:11,157 [MainThread:140355136845632] [django.db.backends:90] [utils:execute] [DEBUG]- (0.000) INSERT INTO `auth_user` (`password`, `last_login`, `is_superuser`, `username`, `first_name`, `last_name`, `email`, `is_staff`, `is_active`, `date_joined`) VALUES ('pbkdf2_sha256$36000$BSLzW4QwKuqs$d3quj7Js7si+4I5STbBa/MphPGD82hL/MobVKR7iyQs=', NULL, 0, 'iteemo84', '', '', 'iteemo@iteemo.org', 0, 1, '2018-10-27 04:37:11'); args=['pbkdf2_sha256$36000$BSLzW4QwKuqs$d3quj7Js7si+4I5STbBa/MphPGD82hL/MobVKR7iyQs=', None, False, 'iteemo84', '', '', 'iteemo@iteemo.org', False, True, '2018-10-27 04:37:11']
2018-10-27 04:37:11,217 [MainThread:140355136845632] [django.db.backends:90] [utils:execute] [DEBUG]- (0.000) INSERT INTO `auth_user` (`password`, `last_login`, `is_superuser`, `username`, `first_name`, `last_name`, `email`, `is_staff`, `is_active`, `date_joined`) VALUES ('pbkdf2_sha256$36000$DgeYd9P9fBzQ$StPOyC/itO1Rc9X7+SaL1NIj5yZ0poE3PgsrC9Ne1os=', NULL, 0, 'iteemo85', '', '', 'iteemo@iteemo.org', 0, 1, '2018-10-27 04:37:11'); args=['pbkdf2_sha256$36000$DgeYd9P9fBzQ$StPOyC/itO1Rc9X7+SaL1NIj5yZ0poE3PgsrC9Ne1os=', None, False, 'iteemo85', '', '', 'iteemo@iteemo.org', False, True, '2018-10-27 04:37:11']
2018-10-27 04:37:11,286 [MainThread:140355136845632] [django.db.backends:90] [utils:execute] [DEBUG]- (0.000) INSERT INTO `auth_user` (`password`, `last_login`, `is_superuser`, `username`, `first_name`, `last_name`, `email`, `is_staff`, `is_active`, `date_joined`) VALUES ('pbkdf2_sha256$36000$t2uONR89eLam$uUN8qWgi6BRNtceUjsfdde9N+SkhsS7zS90IjuLRR70=', NULL, 0, 'iteemo86', '', '', 'iteemo@iteemo.org', 0, 1, '2018-10-27 04:37:11'); args=['pbkdf2_sha256$36000$t2uONR89eLam$uUN8qWgi6BRNtceUjsfdde9N+SkhsS7zS90IjuLRR70=', None, False, 'iteemo86', '', '', 'iteemo@iteemo.org', False, True, '2018-10-27 04:37:11']
2018-10-27 04:37:11,354 [MainThread:140355136845632] [django.db.backends:90] [utils:execute] [DEBUG]- (0.000) INSERT INTO `auth_user` (`password`, `last_login`, `is_superuser`, `username`, `first_name`, `last_name`, `email`, `is_staff`, `is_active`, `date_joined`) VALUES ('pbkdf2_sha256$36000$hfduC14SqAep$D33Y0AUI/V+9Jptq7i5c+T7fzypI9R+T2YFUlFHe1Jg=', NULL, 0, 'iteemo87', '', '', 'iteemo@iteemo.org', 0, 1, '2018-10-27 04:37:11'); args=['pbkdf2_sha256$36000$hfduC14SqAep$D33Y0AUI/V+9Jptq7i5c+T7fzypI9R+T2YFUlFHe1Jg=', None, False, 'iteemo87', '', '', 'iteemo@iteemo.org', False, True, '2018-10-27 04:37:11']
2018-10-27 04:37:11,494 [MainThread:140355136845632] [django.db.backends:90] [utils:execute] [DEBUG]- (0.000) INSERT INTO `auth_user` (`password`, `last_login`, `is_superuser`, `username`, `first_name`, `last_name`, `email`, `is_staff`, `is_active`, `date_joined`) VALUES ('pbkdf2_sha256$36000$0KJOvSHsuKaM$MBVSzO5X81a2qIxkVVF+wIcxJBfVYXS4GD9+Zl3fU3M=', NULL, 0, 'iteemo88', '', '', 'iteemo@iteemo.org', 0, 1, '2018-10-27 04:37:11'); args=['pbkdf2_sha256$36000$0KJOvSHsuKaM$MBVSzO5X81a2qIxkVVF+wIcxJBfVYXS4GD9+Zl3fU3M=', None, False, 'iteemo88', '', '', 'iteemo@iteemo.org', False, True, '2018-10-27 04:37:11']
2018-10-27 04:37:11,613 [MainThread:140355136845632] [django.db.backends:90] [utils:execute] [DEBUG]- (0.000) INSERT INTO `auth_user` (`password`, `last_login`, `is_superuser`, `username`, `first_name`, `last_name`, `email`, `is_staff`, `is_active`, `date_joined`) VALUES ('pbkdf2_sha256$36000$Bk0XVKEqAW95$p2Zo8EXoQIR7Ti1hcC8z12yb3bbEOBSr+i+MoKYjVeo=', NULL, 0, 'iteemo89', '', '', 'iteemo@iteemo.org', 0, 1, '2018-10-27 04:37:11'); args=['pbkdf2_sha256$36000$Bk0XVKEqAW95$p2Zo8EXoQIR7Ti1hcC8z12yb3bbEOBSr+i+MoKYjVeo=', None, False, 'iteemo89', '', '', 'iteemo@iteemo.org', False, True, '2018-10-27 04:37:11']
2018-10-27 04:37:11,694 [MainThread:140355136845632] [django.db.backends:90] [utils:execute] [DEBUG]- (0.000) INSERT INTO `auth_user` (`password`, `last_login`, `is_superuser`, `username`, `first_name`, `last_name`, `email`, `is_staff`, `is_active`, `date_joined`) VALUES ('pbkdf2_sha256$36000$gIB7Mqgy5Z5Y$Mv5KcxXRS710Q5eawFHspG1CKH3DOmkJAGhTPk0esJQ=', NULL, 0, 'iteemo90', '', '', 'iteemo@iteemo.org', 0, 1, '2018-10-27 04:37:11'); args=['pbkdf2_sha256$36000$gIB7Mqgy5Z5Y$Mv5KcxXRS710Q5eawFHspG1CKH3DOmkJAGhTPk0esJQ=', None, False, 'iteemo90', '', '', 'iteemo@iteemo.org', False, True, '2018-10-27 04:37:11']
2018-10-27 04:37:11,764 [MainThread:140355136845632] [django.db.backends:90] [utils:execute] [DEBUG]- (0.000) INSERT INTO `auth_user` (`password`, `last_login`, `is_superuser`, `username`, `first_name`, `last_name`, `email`, `is_staff`, `is_active`, `date_joined`) VALUES ('pbkdf2_sha256$36000$8cEcjMjex92b$afSGI1AhPB66Cn0EnPtc+qIz0tI9MgLWo+UDk2oIMdE=', NULL, 0, 'iteemo91', '', '', 'iteemo@iteemo.org', 0, 1, '2018-10-27 04:37:11'); args=['pbkdf2_sha256$36000$8cEcjMjex92b$afSGI1AhPB66Cn0EnPtc+qIz0tI9MgLWo+UDk2oIMdE=', None, False, 'iteemo91', '', '', 'iteemo@iteemo.org', False, True, '2018-10-27 04:37:11']
2018-10-27 04:37:11,846 [MainThread:140355136845632] [django.db.backends:90] [utils:execute] [DEBUG]- (0.002) INSERT INTO `auth_user` (`password`, `last_login`, `is_superuser`, `username`, `first_name`, `last_name`, `email`, `is_staff`, `is_active`, `date_joined`) VALUES ('pbkdf2_sha256$36000$AOrSxHPYXegy$G8GF4ZHHiXy5Yu0+gOmIgTUXO8t3sGsCTsH93sh76c8=', NULL, 0, 'iteemo92', '', '', 'iteemo@iteemo.org', 0, 1, '2018-10-27 04:37:11'); args=['pbkdf2_sha256$36000$AOrSxHPYXegy$G8GF4ZHHiXy5Yu0+gOmIgTUXO8t3sGsCTsH93sh76c8=', None, False, 'iteemo92', '', '', 'iteemo@iteemo.org', False, True, '2018-10-27 04:37:11']
2018-10-27 04:37:11,925 [MainThread:140355136845632] [django.db.backends:90] [utils:execute] [DEBUG]- (0.000) INSERT INTO `auth_user` (`password`, `last_login`, `is_superuser`, `username`, `first_name`, `last_name`, `email`, `is_staff`, `is_active`, `date_joined`) VALUES ('pbkdf2_sha256$36000$BGT5BtGOQELN$TSuY5WmMGsyOLLY8WEb/6DNeZjcog72jAA6zl0HQ+cc=', NULL, 0, 'iteemo93', '', '', 'iteemo@iteemo.org', 0, 1, '2018-10-27 04:37:11'); args=['pbkdf2_sha256$36000$BGT5BtGOQELN$TSuY5WmMGsyOLLY8WEb/6DNeZjcog72jAA6zl0HQ+cc=', None, False, 'iteemo93', '', '', 'iteemo@iteemo.org', False, True, '2018-10-27 04:37:11']
2018-10-27 04:37:11,984 [MainThread:140355136845632] [django.db.backends:90] [utils:execute] [DEBUG]- (0.000) INSERT INTO `auth_user` (`password`, `last_login`, `is_superuser`, `username`, `first_name`, `last_name`, `email`, `is_staff`, `is_active`, `date_joined`) VALUES ('pbkdf2_sha256$36000$05wxeT2n2tX0$LKVL6G2R7mwy1m6hTCtCnBlV7DxyJlaJ+s7mKeJJqHA=', NULL, 0, 'iteemo94', '', '', 'iteemo@iteemo.org', 0, 1, '2018-10-27 04:37:11'); args=['pbkdf2_sha256$36000$05wxeT2n2tX0$LKVL6G2R7mwy1m6hTCtCnBlV7DxyJlaJ+s7mKeJJqHA=', None, False, 'iteemo94', '', '', 'iteemo@iteemo.org', False, True, '2018-10-27 04:37:11']
2018-10-27 04:37:12,048 [MainThread:140355136845632] [django.db.backends:90] [utils:execute] [DEBUG]- (0.000) INSERT INTO `auth_user` (`password`, `last_login`, `is_superuser`, `username`, `first_name`, `last_name`, `email`, `is_staff`, `is_active`, `date_joined`) VALUES ('pbkdf2_sha256$36000$EwS0BfurNgzS$bSDV+dyuGYkKyl3uwBjyEgmkqmXpDPMbCjBV6OfpZ6w=', NULL, 0, 'iteemo95', '', '', 'iteemo@iteemo.org', 0, 1, '2018-10-27 04:37:11'); args=['pbkdf2_sha256$36000$EwS0BfurNgzS$bSDV+dyuGYkKyl3uwBjyEgmkqmXpDPMbCjBV6OfpZ6w=', None, False, 'iteemo95', '', '', 'iteemo@iteemo.org', False, True, '2018-10-27 04:37:11']
2018-10-27 04:37:12,107 [MainThread:140355136845632] [django.db.backends:90] [utils:execute] [DEBUG]- (0.000) INSERT INTO `auth_user` (`password`, `last_login`, `is_superuser`, `username`, `first_name`, `last_name`, `email`, `is_staff`, `is_active`, `date_joined`) VALUES ('pbkdf2_sha256$36000$qTBSeCZ7uS3g$a7jfaL/Fa5Byi0WUppCIzE1S6utrhQCoOKkcBUKBDYo=', NULL, 0, 'iteemo96', '', '', 'iteemo@iteemo.org', 0, 1, '2018-10-27 04:37:12'); args=['pbkdf2_sha256$36000$qTBSeCZ7uS3g$a7jfaL/Fa5Byi0WUppCIzE1S6utrhQCoOKkcBUKBDYo=', None, False, 'iteemo96', '', '', 'iteemo@iteemo.org', False, True, '2018-10-27 04:37:12']
2018-10-27 04:37:12,179 [MainThread:140355136845632] [django.db.backends:90] [utils:execute] [DEBUG]- (0.000) INSERT INTO `auth_user` (`password`, `last_login`, `is_superuser`, `username`, `first_name`, `last_name`, `email`, `is_staff`, `is_active`, `date_joined`) VALUES ('pbkdf2_sha256$36000$ahCU3ywUEk0w$7ZGxDK37TkVnLcz/om+GeFKO+cnRPc5It6IPrhebHIA=', NULL, 0, 'iteemo97', '', '', 'iteemo@iteemo.org', 0, 1, '2018-10-27 04:37:12'); args=['pbkdf2_sha256$36000$ahCU3ywUEk0w$7ZGxDK37TkVnLcz/om+GeFKO+cnRPc5It6IPrhebHIA=', None, False, 'iteemo97', '', '', 'iteemo@iteemo.org', False, True, '2018-10-27 04:37:12']
2018-10-27 04:37:12,253 [MainThread:140355136845632] [django.db.backends:90] [utils:execute] [DEBUG]- (0.000) INSERT INTO `auth_user` (`password`, `last_login`, `is_superuser`, `username`, `first_name`, `last_name`, `email`, `is_staff`, `is_active`, `date_joined`) VALUES ('pbkdf2_sha256$36000$sD1gkafVIpzZ$vzzos/V7Sb3XdEZm8ct9mep9loMnVaOo75lixs5vURw=', NULL, 0, 'iteemo98', '', '', 'iteemo@iteemo.org', 0, 1, '2018-10-27 04:37:12'); args=['pbkdf2_sha256$36000$sD1gkafVIpzZ$vzzos/V7Sb3XdEZm8ct9mep9loMnVaOo75lixs5vURw=', None, False, 'iteemo98', '', '', 'iteemo@iteemo.org', False, True, '2018-10-27 04:37:12']
2018-10-27 04:37:12,330 [MainThread:140355136845632] [django.db.backends:90] [utils:execute] [DEBUG]- (0.000) INSERT INTO `auth_user` (`password`, `last_login`, `is_superuser`, `username`, `first_name`, `last_name`, `email`, `is_staff`, `is_active`, `date_joined`) VALUES ('pbkdf2_sha256$36000$P1dMncinjzQl$jwd1PEnXjOq3K4zkBkR5tN0AU4I5L3H1EGgHgp3HOVc=', NULL, 0, 'iteemo99', '', '', 'iteemo@iteemo.org', 0, 1, '2018-10-27 04:37:12'); args=['pbkdf2_sha256$36000$P1dMncinjzQl$jwd1PEnXjOq3K4zkBkR5tN0AU4I5L3H1EGgHgp3HOVc=', None, False, 'iteemo99', '', '', 'iteemo@iteemo.org', False, True, '2018-10-27 04:37:12']
2018-10-27 04:37:12,398 [MainThread:140355136845632] [django.db.backends:90] [utils:execute] [DEBUG]- (0.000) INSERT INTO `auth_user` (`password`, `last_login`, `is_superuser`, `username`, `first_name`, `last_name`, `email`, `is_staff`, `is_active`, `date_joined`) VALUES ('pbkdf2_sha256$36000$JxmwHWZuhNWZ$h7FgBHZGFENQ1YIGjUykT5ehHOkC3JKaJDNWf1jb5Yc=', NULL, 0, 'iteemo100', '', '', 'iteemo@iteemo.org', 0, 1, '2018-10-27 04:37:12'); args=['pbkdf2_sha256$36000$JxmwHWZuhNWZ$h7FgBHZGFENQ1YIGjUykT5ehHOkC3JKaJDNWf1jb5Yc=', None, False, 'iteemo100', '', '', 'iteemo@iteemo.org', False, True, '2018-10-27 04:37:12']
2018-10-27 04:37:16,626 [Thread-13:140174808516352] [django.db.backends:90] [utils:execute] [DEBUG]- (0.005) SELECT @@SQL_AUTO_IS_NULL; args=None
2018-10-27 04:37:16,643 [Thread-13:140174808516352] [django.db.backends:90] [utils:execute] [DEBUG]- (0.015) SELECT COUNT(*) AS `__count` FROM `auth_user`; args=()
2018-10-27 04:37:16,661 [Thread-13:140174808516352] [django.db.backends:90] [utils:execute] [DEBUG]- (0.009) SELECT `auth_user`.`id`, `auth_user`.`password`, `auth_user`.`last_login`, `auth_user`.`is_superuser`, `auth_user`.`username`, `auth_user`.`first_name`, `auth_user`.`last_name`, `auth_user`.`email`, `auth_user`.`is_staff`, `auth_user`.`is_active`, `auth_user`.`date_joined` FROM `auth_user` LIMIT 10; args=()
2018-10-27 04:37:16,694 [Thread-13:140174808516352] [django.server:124] [basehttp:log_message] [INFO]- "GET /dashboard/userview/?page=1 HTTP/1.1" 200 602
2018-10-27 04:37:20,156 [Thread-14:140174796900096] [django.db.backends:90] [utils:execute] [DEBUG]- (0.000) SELECT @@SQL_AUTO_IS_NULL; args=None
2018-10-27 04:37:20,158 [Thread-14:140174796900096] [django.db.backends:90] [utils:execute] [DEBUG]- (0.001) SELECT COUNT(*) AS `__count` FROM `auth_user`; args=()
2018-10-27 04:37:20,194 [Thread-14:140174796900096] [django.db.backends:90] [utils:execute] [DEBUG]- (0.000) SELECT `auth_user`.`id`, `auth_user`.`password`, `auth_user`.`last_login`, `auth_user`.`is_superuser`, `auth_user`.`username`, `auth_user`.`first_name`, `auth_user`.`last_name`, `auth_user`.`email`, `auth_user`.`is_staff`, `auth_user`.`is_active`, `auth_user`.`date_joined` FROM `auth_user` LIMIT 21; args=()
2018-10-27 04:37:20,229 [Thread-14:140174796900096] [django.server:124] [basehttp:log_message] [ERROR]- "GET /dashboard/userview/?page=11 HTTP/1.1" 500 85266
2018-10-27 04:37:23,648 [Thread-15:140174808516352] [django.db.backends:90] [utils:execute] [DEBUG]- (0.000) SELECT @@SQL_AUTO_IS_NULL; args=None
2018-10-27 04:37:23,650 [Thread-15:140174808516352] [django.db.backends:90] [utils:execute] [DEBUG]- (0.001) SELECT COUNT(*) AS `__count` FROM `auth_user`; args=()
2018-10-27 04:37:23,652 [Thread-15:140174808516352] [django.db.backends:90] [utils:execute] [DEBUG]- (0.001) SELECT `auth_user`.`id`, `auth_user`.`password`, `auth_user`.`last_login`, `auth_user`.`is_superuser`, `auth_user`.`username`, `auth_user`.`first_name`, `auth_user`.`last_name`, `auth_user`.`email`, `auth_user`.`is_staff`, `auth_user`.`is_active`, `auth_user`.`date_joined` FROM `auth_user` LIMIT 10; args=()
2018-10-27 04:37:23,657 [Thread-15:140174808516352] [django.server:124] [basehttp:log_message] [INFO]- "GET /dashboard/userview/?page=1 HTTP/1.1" 200 602
2018-10-27 04:37:24,189 [Thread-16:140174796900096] [django.db.backends:90] [utils:execute] [DEBUG]- (0.000) SELECT @@SQL_AUTO_IS_NULL; args=None
2018-10-27 04:37:24,190 [Thread-16:140174796900096] [django.db.backends:90] [utils:execute] [DEBUG]- (0.001) SELECT COUNT(*) AS `__count` FROM `auth_user`; args=()
2018-10-27 04:37:24,193 [Thread-16:140174796900096] [django.db.backends:90] [utils:execute] [DEBUG]- (0.001) SELECT `auth_user`.`id`, `auth_user`.`password`, `auth_user`.`last_login`, `auth_user`.`is_superuser`, `auth_user`.`username`, `auth_user`.`first_name`, `auth_user`.`last_name`, `auth_user`.`email`, `auth_user`.`is_staff`, `auth_user`.`is_active`, `auth_user`.`date_joined` FROM `auth_user` LIMIT 10 OFFSET 90; args=()
2018-10-27 04:37:24,196 [Thread-16:140174796900096] [django.server:124] [basehttp:log_message] [INFO]- "GET /dashboard/userview/?page=10 HTTP/1.1" 200 622
2018-10-27 04:40:03,542 [Dummy-1:140419542529792] [django.db.backends:90] [utils:execute] [DEBUG]- (0.004) SELECT @@SQL_AUTO_IS_NULL; args=None
2018-10-27 04:40:03,545 [Dummy-1:140419542529792] [django.db.backends:90] [utils:execute] [DEBUG]- (0.001) SELECT VERSION(); args=None
2018-10-27 04:40:03,648 [Dummy-1:140419542529792] [django.db.backends:90] [utils:execute] [DEBUG]- (0.016) SHOW FULL TABLES; args=None
2018-10-27 04:40:03,677 [Dummy-1:140419542529792] [django.db.backends:90] [utils:execute] [DEBUG]- (0.013) SELECT `django_migrations`.`app`, `django_migrations`.`name` FROM `django_migrations`; args=()
2018-10-27 04:40:53,757 [Thread-2:140419459446528] [django.db.backends:90] [utils:execute] [DEBUG]- (0.000) SELECT @@SQL_AUTO_IS_NULL; args=None
2018-10-27 04:40:53,759 [Thread-2:140419459446528] [django.db.backends:90] [utils:execute] [DEBUG]- (0.001) SELECT VERSION(); args=None
2018-10-27 04:40:53,772 [Thread-2:140419459446528] [django.db.backends:90] [utils:execute] [DEBUG]- (0.012) SELECT `auth_user`.`id`, `auth_user`.`password`, `auth_user`.`last_login`, `auth_user`.`is_superuser`, `auth_user`.`username`, `auth_user`.`first_name`, `auth_user`.`last_name`, `auth_user`.`email`, `auth_user`.`is_staff`, `auth_user`.`is_active`, `auth_user`.`date_joined` FROM `auth_user` WHERE `auth_user`.`username` = 'iteemo99'; args=('iteemo99',)
2018-10-27 04:40:53,784 [Thread-2:140419459446528] [django.server:124] [basehttp:log_message] [INFO]- "DELETE /dashboard/userview/?username=iteemo99 HTTP/1.1" 200 39
2018-10-27 04:40:58,341 [Thread-3:140419459446528] [django.db.backends:90] [utils:execute] [DEBUG]- (0.000) SELECT @@SQL_AUTO_IS_NULL; args=None
2018-10-27 04:40:58,342 [Thread-3:140419459446528] [django.db.backends:90] [utils:execute] [DEBUG]- (0.000) SELECT VERSION(); args=None
2018-10-27 04:40:58,344 [Thread-3:140419459446528] [django.db.backends:90] [utils:execute] [DEBUG]- (0.001) SELECT `auth_user`.`id`, `auth_user`.`password`, `auth_user`.`last_login`, `auth_user`.`is_superuser`, `auth_user`.`username`, `auth_user`.`first_name`, `auth_user`.`last_name`, `auth_user`.`email`, `auth_user`.`is_staff`, `auth_user`.`is_active`, `auth_user`.`date_joined` FROM `auth_user` WHERE `auth_user`.`username` = 'iteemo99'; args=('iteemo99',)
2018-10-27 04:40:58,346 [Thread-3:140419459446528] [django.server:124] [basehttp:log_message] [INFO]- "DELETE /dashboard/userview/?username=iteemo99 HTTP/1.1" 200 39
2018-10-27 04:41:00,510 [Thread-4:140419459446528] [django.db.backends:90] [utils:execute] [DEBUG]- (0.000) SELECT @@SQL_AUTO_IS_NULL; args=None
2018-10-27 04:41:00,510 [Thread-4:140419459446528] [django.db.backends:90] [utils:execute] [DEBUG]- (0.000) SELECT VERSION(); args=None
2018-10-27 04:41:00,512 [Thread-4:140419459446528] [django.db.backends:90] [utils:execute] [DEBUG]- (0.000) SELECT `auth_user`.`id`, `auth_user`.`password`, `auth_user`.`last_login`, `auth_user`.`is_superuser`, `auth_user`.`username`, `auth_user`.`first_name`, `auth_user`.`last_name`, `auth_user`.`email`, `auth_user`.`is_staff`, `auth_user`.`is_active`, `auth_user`.`date_joined` FROM `auth_user` WHERE `auth_user`.`username` = 'iteemo99'; args=('iteemo99',)
2018-10-27 04:41:00,513 [Thread-4:140419459446528] [django.server:124] [basehttp:log_message] [INFO]- "DELETE /dashboard/userview/?username=iteemo99 HTTP/1.1" 200 39
2018-10-27 04:41:02,929 [Thread-5:140419459446528] [django.db.backends:90] [utils:execute] [DEBUG]- (0.000) SELECT @@SQL_AUTO_IS_NULL; args=None
2018-10-27 04:41:02,931 [Thread-5:140419459446528] [django.db.backends:90] [utils:execute] [DEBUG]- (0.000) SELECT VERSION(); args=None
2018-10-27 04:41:02,934 [Thread-5:140419459446528] [django.db.backends:90] [utils:execute] [DEBUG]- (0.000) SELECT `auth_user`.`id`, `auth_user`.`password`, `auth_user`.`last_login`, `auth_user`.`is_superuser`, `auth_user`.`username`, `auth_user`.`first_name`, `auth_user`.`last_name`, `auth_user`.`email`, `auth_user`.`is_staff`, `auth_user`.`is_active`, `auth_user`.`date_joined` FROM `auth_user` WHERE `auth_user`.`username` = 'iteemo99'; args=('iteemo99',)
2018-10-27 04:41:02,938 [Thread-5:140419459446528] [django.server:124] [basehttp:log_message] [INFO]- "DELETE /dashboard/userview/?username=iteemo99 HTTP/1.1" 200 39
2018-10-27 04:41:07,673 [Thread-6:140419459446528] [django.db.backends:90] [utils:execute] [DEBUG]- (0.000) SELECT @@SQL_AUTO_IS_NULL; args=None
2018-10-27 04:41:07,674 [Thread-6:140419459446528] [django.db.backends:90] [utils:execute] [DEBUG]- (0.000) SELECT VERSION(); args=None
2018-10-27 04:41:07,676 [Thread-6:140419459446528] [django.db.backends:90] [utils:execute] [DEBUG]- (0.000) SELECT `auth_user`.`id`, `auth_user`.`password`, `auth_user`.`last_login`, `auth_user`.`is_superuser`, `auth_user`.`username`, `auth_user`.`first_name`, `auth_user`.`last_name`, `auth_user`.`email`, `auth_user`.`is_staff`, `auth_user`.`is_active`, `auth_user`.`date_joined` FROM `auth_user` WHERE `auth_user`.`username` = 'iteemo99'; args=('iteemo99',)
2018-10-27 04:41:07,677 [Thread-6:140419459446528] [django.server:124] [basehttp:log_message] [INFO]- "DELETE /dashboard/userview/?username=iteemo99 HTTP/1.1" 200 39
2018-10-27 04:41:21,591 [Thread-7:140419459446528] [django.db.backends:90] [utils:execute] [DEBUG]- (0.000) SELECT @@SQL_AUTO_IS_NULL; args=None
2018-10-27 04:41:21,596 [Thread-7:140419459446528] [django.db.backends:90] [utils:execute] [DEBUG]- (0.000) SELECT VERSION(); args=None
2018-10-27 04:41:21,599 [Thread-7:140419459446528] [django.db.backends:90] [utils:execute] [DEBUG]- (0.001) SELECT `auth_user`.`id`, `auth_user`.`password`, `auth_user`.`last_login`, `auth_user`.`is_superuser`, `auth_user`.`username`, `auth_user`.`first_name`, `auth_user`.`last_name`, `auth_user`.`email`, `auth_user`.`is_staff`, `auth_user`.`is_active`, `auth_user`.`date_joined` FROM `auth_user` WHERE `auth_user`.`username` = 'iteemo999'; args=('iteemo999',)
2018-10-27 04:41:21,602 [Thread-7:140419459446528] [django.server:124] [basehttp:log_message] [INFO]- "DELETE /dashboard/userview/?username=iteemo999 HTTP/1.1" 200 40
2018-10-27 04:41:49,817 [Dummy-1:139810870900480] [django.db.backends:90] [utils:execute] [DEBUG]- (0.001) SELECT @@SQL_AUTO_IS_NULL; args=None
2018-10-27 04:41:49,823 [Dummy-1:139810870900480] [django.db.backends:90] [utils:execute] [DEBUG]- (0.001) SELECT VERSION(); args=None
2018-10-27 04:41:49,906 [Dummy-1:139810870900480] [django.db.backends:90] [utils:execute] [DEBUG]- (0.011) SHOW FULL TABLES; args=None
2018-10-27 04:41:49,918 [Dummy-1:139810870900480] [django.db.backends:90] [utils:execute] [DEBUG]- (0.000) SELECT `django_migrations`.`app`, `django_migrations`.`name` FROM `django_migrations`; args=()
2018-10-27 04:41:50,682 [Thread-2:139810862245632] [django.db.backends:90] [utils:execute] [DEBUG]- (0.000) SELECT @@SQL_AUTO_IS_NULL; args=None
2018-10-27 04:41:50,684 [Thread-2:139810862245632] [django.db.backends:90] [utils:execute] [DEBUG]- (0.000) SELECT VERSION(); args=None
2018-10-27 04:41:50,686 [Thread-2:139810862245632] [django.db.backends:90] [utils:execute] [DEBUG]- (0.000) SELECT `auth_user`.`id`, `auth_user`.`password`, `auth_user`.`last_login`, `auth_user`.`is_superuser`, `auth_user`.`username`, `auth_user`.`first_name`, `auth_user`.`last_name`, `auth_user`.`email`, `auth_user`.`is_staff`, `auth_user`.`is_active`, `auth_user`.`date_joined` FROM `auth_user` WHERE `auth_user`.`username` = 'iteemo999'; args=('iteemo999',)
2018-10-27 04:41:50,690 [Thread-2:139810862245632] [django.server:124] [basehttp:log_message] [INFO]- "DELETE /dashboard/userview/?username=iteemo999 HTTP/1.1" 200 49
2018-10-27 04:42:57,436 [Dummy-1:140502645126912] [django.db.backends:90] [utils:execute] [DEBUG]- (0.000) SELECT @@SQL_AUTO_IS_NULL; args=None
2018-10-27 04:42:57,438 [Dummy-1:140502645126912] [django.db.backends:90] [utils:execute] [DEBUG]- (0.000) SELECT VERSION(); args=None
2018-10-27 04:42:57,569 [Dummy-1:140502645126912] [django.db.backends:90] [utils:execute] [DEBUG]- (0.010) SHOW FULL TABLES; args=None
2018-10-27 04:42:57,587 [Dummy-1:140502645126912] [django.db.backends:90] [utils:execute] [DEBUG]- (0.008) SELECT `django_migrations`.`app`, `django_migrations`.`name` FROM `django_migrations`; args=()
2018-10-27 04:43:35,793 [Dummy-1:139889210509056] [django.db.backends:90] [utils:execute] [DEBUG]- (0.000) SELECT @@SQL_AUTO_IS_NULL; args=None
2018-10-27 04:43:35,795 [Dummy-1:139889210509056] [django.db.backends:90] [utils:execute] [DEBUG]- (0.000) SELECT VERSION(); args=None
2018-10-27 04:44:17,199 [Dummy-1:139921483540224] [django.db.backends:90] [utils:execute] [DEBUG]- (0.001) SELECT @@SQL_AUTO_IS_NULL; args=None
2018-10-27 04:44:17,201 [Dummy-1:139921483540224] [django.db.backends:90] [utils:execute] [DEBUG]- (0.001) SELECT VERSION(); args=None
2018-10-27 04:44:17,292 [Dummy-1:139921483540224] [django.db.backends:90] [utils:execute] [DEBUG]- (0.004) SHOW FULL TABLES; args=None
2018-10-27 04:44:17,320 [Dummy-1:139921483540224] [django.db.backends:90] [utils:execute] [DEBUG]- (0.000) SELECT `django_migrations`.`app`, `django_migrations`.`name` FROM `django_migrations`; args=()
2018-10-27 04:51:01,053 [Dummy-1:140479863371520] [django.db.backends:90] [utils:execute] [DEBUG]- (0.000) SELECT @@SQL_AUTO_IS_NULL; args=None
2018-10-27 04:51:01,057 [Dummy-1:140479863371520] [django.db.backends:90] [utils:execute] [DEBUG]- (0.001) SELECT VERSION(); args=None
2018-10-27 04:51:01,124 [Dummy-1:140479863371520] [django.db.backends:90] [utils:execute] [DEBUG]- (0.000) SHOW FULL TABLES; args=None
2018-10-27 04:51:01,128 [Dummy-1:140479863371520] [django.db.backends:90] [utils:execute] [DEBUG]- (0.000) SELECT `django_migrations`.`app`, `django_migrations`.`name` FROM `django_migrations`; args=()
2018-10-27 04:51:37,095 [Thread-2:140479854716672] [django.server:124] [basehttp:log_message] [ERROR]- "PUT /dashboard/userview/ HTTP/1.1" 500 79841
2018-10-27 04:51:41,607 [Thread-3:140479854716672] [django.server:124] [basehttp:log_message] [ERROR]- "PUT /dashboard/userview/ HTTP/1.1" 500 79841
2018-10-27 04:51:55,785 [Dummy-1:140445878486784] [django.db.backends:90] [utils:execute] [DEBUG]- (0.000) SELECT @@SQL_AUTO_IS_NULL; args=None
2018-10-27 04:51:55,787 [Dummy-1:140445878486784] [django.db.backends:90] [utils:execute] [DEBUG]- (0.000) SELECT VERSION(); args=None
2018-10-27 04:51:55,897 [Dummy-1:140445878486784] [django.db.backends:90] [utils:execute] [DEBUG]- (0.000) SHOW FULL TABLES; args=None
2018-10-27 04:51:55,902 [Dummy-1:140445878486784] [django.db.backends:90] [utils:execute] [DEBUG]- (0.002) SELECT `django_migrations`.`app`, `django_migrations`.`name` FROM `django_migrations`; args=()
2018-10-27 04:51:59,331 [Thread-2:140445869831936] [django.server:124] [basehttp:log_message] [INFO]- "PUT /dashboard/userview/ HTTP/1.1" 200 4
2018-10-27 04:52:23,099 [Thread-3:140445869831936] [django.server:124] [basehttp:log_message] [INFO]- "PUT /dashboard/userview/ HTTP/1.1" 200 4
2018-10-27 04:52:59,928 [Dummy-1:140300635490048] [django.db.backends:90] [utils:execute] [DEBUG]- (0.000) SELECT @@SQL_AUTO_IS_NULL; args=None
2018-10-27 04:52:59,930 [Dummy-1:140300635490048] [django.db.backends:90] [utils:execute] [DEBUG]- (0.000) SELECT VERSION(); args=None
2018-10-27 04:53:00,050 [Dummy-1:140300635490048] [django.db.backends:90] [utils:execute] [DEBUG]- (0.001) SHOW FULL TABLES; args=None
2018-10-27 04:53:00,077 [Dummy-1:140300635490048] [django.db.backends:90] [utils:execute] [DEBUG]- (0.005) SELECT `django_migrations`.`app`, `django_migrations`.`name` FROM `django_migrations`; args=()
2018-10-27 04:53:02,446 [Thread-2:140300626835200] [django.server:124] [basehttp:log_message] [INFO]- "PUT /dashboard/userview/ HTTP/1.1" 200 4
2018-10-27 04:54:30,761 [Thread-3:140300626835200] [django.server:124] [basehttp:log_message] [INFO]- "PUT /dashboard/userview/ HTTP/1.1" 200 4
2018-10-27 05:10:06,453 [Dummy-1:140601999517440] [django.db.backends:90] [utils:execute] [DEBUG]- (0.000) SELECT @@SQL_AUTO_IS_NULL; args=None
2018-10-27 05:10:06,456 [Dummy-1:140601999517440] [django.db.backends:90] [utils:execute] [DEBUG]- (0.000) SELECT VERSION(); args=None
2018-10-27 05:10:06,531 [Dummy-1:140601999517440] [django.db.backends:90] [utils:execute] [DEBUG]- (0.000) SHOW FULL TABLES; args=None
2018-10-27 05:10:06,536 [Dummy-1:140601999517440] [django.db.backends:90] [utils:execute] [DEBUG]- (0.001) SELECT `django_migrations`.`app`, `django_migrations`.`name` FROM `django_migrations`; args=()
2018-10-27 05:10:08,584 [Thread-2:140601990862592] [django.server:124] [basehttp:log_message] [INFO]- "PUT /dashboard/userview/ HTTP/1.1" 200 4
2018-10-27 05:10:56,377 [Dummy-1:139817519744768] [django.db.backends:90] [utils:execute] [DEBUG]- (0.000) SELECT @@SQL_AUTO_IS_NULL; args=None
2018-10-27 05:10:56,378 [Dummy-1:139817519744768] [django.db.backends:90] [utils:execute] [DEBUG]- (0.000) SELECT VERSION(); args=None
2018-10-27 05:10:56,451 [Dummy-1:139817519744768] [django.db.backends:90] [utils:execute] [DEBUG]- (0.001) SHOW FULL TABLES; args=None
2018-10-27 05:10:56,460 [Dummy-1:139817519744768] [django.db.backends:90] [utils:execute] [DEBUG]- (0.002) SELECT `django_migrations`.`app`, `django_migrations`.`name` FROM `django_migrations`; args=()
2018-10-27 05:11:01,038 [Thread-2:139817511089920] [django.server:124] [basehttp:log_message] [INFO]- "PUT /dashboard/userview/ HTTP/1.1" 200 4
2018-10-27 05:11:03,425 [Thread-3:139817511089920] [django.server:124] [basehttp:log_message] [INFO]- "PUT /dashboard/userview/ HTTP/1.1" 200 4
2018-10-27 05:12:42,040 [Dummy-1:140132244096768] [django.db.backends:90] [utils:execute] [DEBUG]- (0.000) SELECT @@SQL_AUTO_IS_NULL; args=None
2018-10-27 05:12:42,041 [Dummy-1:140132244096768] [django.db.backends:90] [utils:execute] [DEBUG]- (0.000) SELECT VERSION(); args=None
2018-10-27 05:12:42,106 [Dummy-1:140132244096768] [django.db.backends:90] [utils:execute] [DEBUG]- (0.001) SHOW FULL TABLES; args=None
2018-10-27 05:12:42,110 [Dummy-1:140132244096768] [django.db.backends:90] [utils:execute] [DEBUG]- (0.001) SELECT `django_migrations`.`app`, `django_migrations`.`name` FROM `django_migrations`; args=()
2018-10-27 05:12:45,589 [Thread-2:140132166399744] [django.db.backends:90] [utils:execute] [DEBUG]- (0.000) SELECT @@SQL_AUTO_IS_NULL; args=None
2018-10-27 05:12:45,597 [Thread-2:140132166399744] [django.db.backends:90] [utils:execute] [DEBUG]- (0.008) SELECT `auth_user`.`id`, `auth_user`.`password`, `auth_user`.`last_login`, `auth_user`.`is_superuser`, `auth_user`.`username`, `auth_user`.`first_name`, `auth_user`.`last_name`, `auth_user`.`email`, `auth_user`.`is_staff`, `auth_user`.`is_active`, `auth_user`.`date_joined` FROM `auth_user`; args=()
2018-10-27 05:12:45,604 [Thread-2:140132166399744] [django.server:124] [basehttp:log_message] [INFO]- "PUT /dashboard/userview/ HTTP/1.1" 200 44
2018-10-27 05:13:06,155 [Dummy-1:139689095337728] [django.db.backends:90] [utils:execute] [DEBUG]- (0.001) SELECT @@SQL_AUTO_IS_NULL; args=None
2018-10-27 05:13:06,157 [Dummy-1:139689095337728] [django.db.backends:90] [utils:execute] [DEBUG]- (0.001) SELECT VERSION(); args=None
2018-10-27 05:13:06,225 [Dummy-1:139689095337728] [django.db.backends:90] [utils:execute] [DEBUG]- (0.000) SHOW FULL TABLES; args=None
2018-10-27 05:13:06,229 [Dummy-1:139689095337728] [django.db.backends:90] [utils:execute] [DEBUG]- (0.001) SELECT `django_migrations`.`app`, `django_migrations`.`name` FROM `django_migrations`; args=()
2018-10-27 05:13:38,599 [Thread-2:139689086682880] [django.db.backends:90] [utils:execute] [DEBUG]- (0.000) SELECT @@SQL_AUTO_IS_NULL; args=None
2018-10-27 05:13:38,600 [Thread-2:139689086682880] [django.db.backends:90] [utils:execute] [DEBUG]- (0.000) SELECT VERSION(); args=None
2018-10-27 05:13:38,624 [Thread-2:139689086682880] [django.db.backends:90] [utils:execute] [DEBUG]- (0.022) SELECT `auth_user`.`id`, `auth_user`.`password`, `auth_user`.`last_login`, `auth_user`.`is_superuser`, `auth_user`.`username`, `auth_user`.`first_name`, `auth_user`.`last_name`, `auth_user`.`email`, `auth_user`.`is_staff`, `auth_user`.`is_active`, `auth_user`.`date_joined` FROM `auth_user` WHERE `auth_user`.`username` = 'iteemo98'; args=('iteemo98',)
2018-10-27 05:13:38,625 [Thread-2:139689086682880] [django.server:124] [basehttp:log_message] [INFO]- "PUT /dashboard/userview/?username=iteemo98 HTTP/1.1" 200 4
2018-10-27 05:13:53,564 [Thread-3:139689086682880] [django.db.backends:90] [utils:execute] [DEBUG]- (0.000) SELECT @@SQL_AUTO_IS_NULL; args=None
2018-10-27 05:13:53,568 [Thread-3:139689086682880] [django.db.backends:90] [utils:execute] [DEBUG]- (0.000) SELECT VERSION(); args=None
2018-10-27 05:13:53,571 [Thread-3:139689086682880] [django.db.backends:90] [utils:execute] [DEBUG]- (0.001) SELECT `auth_user`.`id`, `auth_user`.`password`, `auth_user`.`last_login`, `auth_user`.`is_superuser`, `auth_user`.`username`, `auth_user`.`first_name`, `auth_user`.`last_name`, `auth_user`.`email`, `auth_user`.`is_staff`, `auth_user`.`is_active`, `auth_user`.`date_joined` FROM `auth_user` WHERE `auth_user`.`username` = 'iteemo98'; args=('iteemo98',)
2018-10-27 05:13:53,571 [Thread-3:139689086682880] [django.server:124] [basehttp:log_message] [INFO]- "PUT /dashboard/userview/?username=iteemo98 HTTP/1.1" 200 4
2018-10-27 05:14:46,681 [Dummy-1:139850671400704] [django.db.backends:90] [utils:execute] [DEBUG]- (0.000) SELECT @@SQL_AUTO_IS_NULL; args=None
2018-10-27 05:14:46,683 [Dummy-1:139850671400704] [django.db.backends:90] [utils:execute] [DEBUG]- (0.000) SELECT VERSION(); args=None
2018-10-27 05:14:46,775 [Dummy-1:139850671400704] [django.db.backends:90] [utils:execute] [DEBUG]- (0.001) SHOW FULL TABLES; args=None
2018-10-27 05:14:46,779 [Dummy-1:139850671400704] [django.db.backends:90] [utils:execute] [DEBUG]- (0.001) SELECT `django_migrations`.`app`, `django_migrations`.`name` FROM `django_migrations`; args=()
2018-10-27 05:14:49,585 [Thread-2:139850662745856] [django.server:124] [basehttp:log_message] [INFO]- "PUT /dashboard/userview/?username=iteemo98 HTTP/1.1" 200 6
2018-10-27 05:15:03,736 [Thread-3:139850662745856] [django.server:124] [basehttp:log_message] [INFO]- "PUT /dashboard/userview/?username=iteemo98 HTTP/1.1" 200 6
2018-10-27 05:17:44,336 [Dummy-1:139642281088768] [django.db.backends:90] [utils:execute] [DEBUG]- (0.000) SELECT @@SQL_AUTO_IS_NULL; args=None
2018-10-27 05:17:44,338 [Dummy-1:139642281088768] [django.db.backends:90] [utils:execute] [DEBUG]- (0.000) SELECT VERSION(); args=None
2018-10-27 05:17:44,409 [Dummy-1:139642281088768] [django.db.backends:90] [utils:execute] [DEBUG]- (0.000) SHOW FULL TABLES; args=None
2018-10-27 05:17:44,413 [Dummy-1:139642281088768] [django.db.backends:90] [utils:execute] [DEBUG]- (0.001) SELECT `django_migrations`.`app`, `django_migrations`.`name` FROM `django_migrations`; args=()
2018-10-27 05:17:54,711 [Thread-2:139642204583680] [django.server:124] [basehttp:log_message] [INFO]- "PUT /dashboard/userview/?username=iteemo98 HTTP/1.1" 200 44
2018-10-27 05:18:04,937 [Thread-3:139642204583680] [django.server:124] [basehttp:log_message] [INFO]- "PUT /dashboard/userview/ HTTP/1.1" 200 44
2018-10-27 05:19:41,941 [Thread-4:139642204583680] [django.server:124] [basehttp:log_message] [INFO]- "PUT /dashboard/userview/ HTTP/1.1" 200 44
2018-10-27 05:19:49,539 [Thread-5:139642204583680] [django.server:124] [basehttp:log_message] [INFO]- "PUT /dashboard/userview/ HTTP/1.1" 200 44
2018-10-27 05:19:55,221 [Thread-6:139642204583680] [django.server:124] [basehttp:log_message] [INFO]- "PUT /dashboard/userview/ HTTP/1.1" 200 44
2018-10-27 05:20:00,669 [Thread-7:139642204583680] [django.server:124] [basehttp:log_message] [INFO]- "PUT /dashboard/userview/ HTTP/1.1" 200 44
2018-10-27 05:21:17,502 [Dummy-1:139894079534848] [django.db.backends:90] [utils:execute] [DEBUG]- (0.002) SELECT @@SQL_AUTO_IS_NULL; args=None
2018-10-27 05:21:17,504 [Dummy-1:139894079534848] [django.db.backends:90] [utils:execute] [DEBUG]- (0.001) SELECT VERSION(); args=None
2018-10-27 05:21:17,576 [Dummy-1:139894079534848] [django.db.backends:90] [utils:execute] [DEBUG]- (0.001) SHOW FULL TABLES; args=None
2018-10-27 05:21:17,580 [Dummy-1:139894079534848] [django.db.backends:90] [utils:execute] [DEBUG]- (0.001) SELECT `django_migrations`.`app`, `django_migrations`.`name` FROM `django_migrations`; args=()
2018-10-27 05:21:19,667 [Thread-2:139893997041408] [django.server:124] [basehttp:log_message] [INFO]- "PUT /dashboard/userview/ HTTP/1.1" 200 44
2018-10-27 05:21:24,972 [Thread-3:139893997041408] [django.server:124] [basehttp:log_message] [INFO]- "PUT /dashboard/userview/ HTTP/1.1" 200 44
2018-10-27 05:22:04,013 [Dummy-1:139982637688576] [django.db.backends:90] [utils:execute] [DEBUG]- (0.000) SELECT @@SQL_AUTO_IS_NULL; args=None
2018-10-27 05:22:04,014 [Dummy-1:139982637688576] [django.db.backends:90] [utils:execute] [DEBUG]- (0.000) SELECT VERSION(); args=None
2018-10-27 05:22:04,090 [Dummy-1:139982637688576] [django.db.backends:90] [utils:execute] [DEBUG]- (0.000) SHOW FULL TABLES; args=None
2018-10-27 05:22:04,093 [Dummy-1:139982637688576] [django.db.backends:90] [utils:execute] [DEBUG]- (0.001) SELECT `django_migrations`.`app`, `django_migrations`.`name` FROM `django_migrations`; args=()
2018-10-27 05:22:30,224 [Dummy-1:140367400064768] [django.db.backends:90] [utils:execute] [DEBUG]- (0.000) SELECT @@SQL_AUTO_IS_NULL; args=None
2018-10-27 05:22:30,227 [Dummy-1:140367400064768] [django.db.backends:90] [utils:execute] [DEBUG]- (0.000) SELECT VERSION(); args=None
2018-10-27 05:22:30,308 [Dummy-1:140367400064768] [django.db.backends:90] [utils:execute] [DEBUG]- (0.000) SHOW FULL TABLES; args=None
2018-10-27 05:22:30,313 [Dummy-1:140367400064768] [django.db.backends:90] [utils:execute] [DEBUG]- (0.001) SELECT `django_migrations`.`app`, `django_migrations`.`name` FROM `django_migrations`; args=()
2018-10-27 05:23:22,174 [Dummy-1:139738742855424] [django.db.backends:90] [utils:execute] [DEBUG]- (0.001) SELECT @@SQL_AUTO_IS_NULL; args=None
2018-10-27 05:23:22,177 [Dummy-1:139738742855424] [django.db.backends:90] [utils:execute] [DEBUG]- (0.001) SELECT VERSION(); args=None
2018-10-27 05:23:22,322 [Dummy-1:139738742855424] [django.db.backends:90] [utils:execute] [DEBUG]- (0.000) SHOW FULL TABLES; args=None
2018-10-27 05:23:22,326 [Dummy-1:139738742855424] [django.db.backends:90] [utils:execute] [DEBUG]- (0.001) SELECT `django_migrations`.`app`, `django_migrations`.`name` FROM `django_migrations`; args=()
2018-10-27 05:23:26,726 [Thread-2:139738734200576] [django.server:124] [basehttp:log_message] [INFO]- "PUT /dashboard/userview/ HTTP/1.1" 200 48
2018-10-27 05:23:50,142 [Dummy-1:140582871561984] [django.db.backends:90] [utils:execute] [DEBUG]- (0.000) SELECT @@SQL_AUTO_IS_NULL; args=None
2018-10-27 05:23:50,144 [Dummy-1:140582871561984] [django.db.backends:90] [utils:execute] [DEBUG]- (0.000) SELECT VERSION(); args=None
2018-10-27 05:23:50,227 [Dummy-1:140582871561984] [django.db.backends:90] [utils:execute] [DEBUG]- (0.001) SHOW FULL TABLES; args=None
2018-10-27 05:23:50,247 [Dummy-1:140582871561984] [django.db.backends:90] [utils:execute] [DEBUG]- (0.011) SELECT `django_migrations`.`app`, `django_migrations`.`name` FROM `django_migrations`; args=()
2018-10-27 05:23:51,531 [Thread-2:140582862907136] [django.server:124] [basehttp:log_message] [INFO]- "PUT /dashboard/userview/ HTTP/1.1" 200 44
2018-10-27 05:24:15,256 [Dummy-1:140293124916992] [django.db.backends:90] [utils:execute] [DEBUG]- (0.000) SELECT @@SQL_AUTO_IS_NULL; args=None
2018-10-27 05:24:15,258 [Dummy-1:140293124916992] [django.db.backends:90] [utils:execute] [DEBUG]- (0.000) SELECT VERSION(); args=None
2018-10-27 05:24:15,378 [Dummy-1:140293124916992] [django.db.backends:90] [utils:execute] [DEBUG]- (0.001) SHOW FULL TABLES; args=None
2018-10-27 05:24:15,387 [Dummy-1:140293124916992] [django.db.backends:90] [utils:execute] [DEBUG]- (0.000) SELECT `django_migrations`.`app`, `django_migrations`.`name` FROM `django_migrations`; args=()
2018-10-27 05:24:31,079 [Dummy-1:140686717183744] [django.db.backends:90] [utils:execute] [DEBUG]- (0.000) SELECT @@SQL_AUTO_IS_NULL; args=None
2018-10-27 05:24:31,080 [Dummy-1:140686717183744] [django.db.backends:90] [utils:execute] [DEBUG]- (0.000) SELECT VERSION(); args=None
2018-10-27 05:24:31,131 [Dummy-1:140686717183744] [django.db.backends:90] [utils:execute] [DEBUG]- (0.001) SHOW FULL TABLES; args=None
2018-10-27 05:24:31,135 [Dummy-1:140686717183744] [django.db.backends:90] [utils:execute] [DEBUG]- (0.001) SELECT `django_migrations`.`app`, `django_migrations`.`name` FROM `django_migrations`; args=()
2018-10-27 05:25:24,956 [Dummy-1:140413282756352] [django.db.backends:90] [utils:execute] [DEBUG]- (0.013) SELECT @@SQL_AUTO_IS_NULL; args=None
2018-10-27 05:25:24,958 [Dummy-1:140413282756352] [django.db.backends:90] [utils:execute] [DEBUG]- (0.000) SELECT VERSION(); args=None
2018-10-27 05:25:25,110 [Dummy-1:140413282756352] [django.db.backends:90] [utils:execute] [DEBUG]- (0.001) SHOW FULL TABLES; args=None
2018-10-27 05:25:25,127 [Dummy-1:140413282756352] [django.db.backends:90] [utils:execute] [DEBUG]- (0.001) SELECT `django_migrations`.`app`, `django_migrations`.`name` FROM `django_migrations`; args=()
2018-10-27 05:25:33,730 [Thread-2:140413274101504] [django.db.backends:90] [utils:execute] [DEBUG]- (0.001) SELECT @@SQL_AUTO_IS_NULL; args=None
2018-10-27 05:25:33,737 [Thread-2:140413274101504] [django.db.backends:90] [utils:execute] [DEBUG]- (0.001) SELECT VERSION(); args=None
2018-10-27 05:25:33,763 [Thread-2:140413274101504] [django.db.backends:90] [utils:execute] [DEBUG]- (0.020) UPDATE `auth_user` SET `username` = 'iteemo98' WHERE `auth_user`.`username` = 'iteemo98'; args=('iteemo98', 'iteemo98')
2018-10-27 05:25:33,773 [Thread-2:140413274101504] [django.server:124] [basehttp:log_message] [INFO]- "PUT /dashboard/userview/ HTTP/1.1" 200 6
2018-10-27 05:26:19,521 [Thread-3:140413274101504] [django.db.backends:90] [utils:execute] [DEBUG]- (0.000) SELECT @@SQL_AUTO_IS_NULL; args=None
2018-10-27 05:26:19,528 [Thread-3:140413274101504] [django.db.backends:90] [utils:execute] [DEBUG]- (0.000) SELECT VERSION(); args=None
2018-10-27 05:26:19,537 [Thread-3:140413274101504] [django.db.backends:90] [utils:execute] [DEBUG]- (0.007) UPDATE `auth_user` SET `username` = 'iteemo98', `password` = '123456', `email` = 'iteemo98@163.com' WHERE `auth_user`.`username` = 'iteemo98'; args=('iteemo98', '123456', 'iteemo98@163.com', 'iteemo98')
2018-10-27 05:26:19,555 [Thread-3:140413274101504] [django.server:124] [basehttp:log_message] [INFO]- "PUT /dashboard/userview/ HTTP/1.1" 200 6
2018-10-27 05:27:21,698 [Thread-4:140413274101504] [django.db.backends:90] [utils:execute] [DEBUG]- (0.000) SELECT @@SQL_AUTO_IS_NULL; args=None
2018-10-27 05:27:21,706 [Thread-4:140413274101504] [django.db.backends:90] [utils:execute] [DEBUG]- (0.000) SELECT VERSION(); args=None
2018-10-27 05:27:21,709 [Thread-4:140413274101504] [django.db.backends:90] [utils:execute] [DEBUG]- (0.002) UPDATE `auth_user` SET `username` = 'iteemo98', `password` = '123456', `email` = 'iteemo98@163.com' WHERE `auth_user`.`username` = 'iteemo98'; args=('iteemo98', '123456', 'iteemo98@163.com', 'iteemo98')
2018-10-27 05:27:21,714 [Thread-4:140413274101504] [django.server:124] [basehttp:log_message] [INFO]- "PUT /dashboard/userview/ HTTP/1.1" 200 6
2018-10-27 05:27:26,463 [Thread-5:140413274101504] [django.db.backends:90] [utils:execute] [DEBUG]- (0.000) SELECT @@SQL_AUTO_IS_NULL; args=None
2018-10-27 05:27:26,465 [Thread-5:140413274101504] [django.db.backends:90] [utils:execute] [DEBUG]- (0.000) SELECT VERSION(); args=None
2018-10-27 05:27:26,472 [Thread-5:140413274101504] [django.db.backends:90] [utils:execute] [DEBUG]- (0.006) UPDATE `auth_user` SET `username` = 'iteemo98', `password` = '123456', `email` = 'iteemo98@163.com' WHERE `auth_user`.`username` = 'iteemo98'; args=('iteemo98', '123456', 'iteemo98@163.com', 'iteemo98')
2018-10-27 05:27:26,478 [Thread-5:140413274101504] [django.server:124] [basehttp:log_message] [INFO]- "PUT /dashboard/userview/ HTTP/1.1" 200 6
2018-10-27 05:27:52,903 [Thread-6:140413274101504] [django.db.backends:90] [utils:execute] [DEBUG]- (0.000) SELECT @@SQL_AUTO_IS_NULL; args=None
2018-10-27 05:27:52,910 [Thread-6:140413274101504] [django.db.backends:90] [utils:execute] [DEBUG]- (0.000) SELECT VERSION(); args=None
2018-10-27 05:27:52,913 [Thread-6:140413274101504] [django.db.backends:90] [utils:execute] [DEBUG]- (0.002) UPDATE `auth_user` SET `username` = 'iteemo98', `password` = '123456', `email` = 'iteemo98@163.com' WHERE `auth_user`.`username` = 'iteemo98'; args=('iteemo98', '123456', 'iteemo98@163.com', 'iteemo98')
2018-10-27 05:27:52,922 [Thread-6:140413274101504] [django.server:124] [basehttp:log_message] [INFO]- "PUT /dashboard/userview/ HTTP/1.1" 200 6
2018-10-27 05:27:56,746 [Thread-7:140413274101504] [django.db.backends:90] [utils:execute] [DEBUG]- (0.000) SELECT @@SQL_AUTO_IS_NULL; args=None
2018-10-27 05:27:56,747 [Thread-7:140413274101504] [django.db.backends:90] [utils:execute] [DEBUG]- (0.000) SELECT VERSION(); args=None
2018-10-27 05:27:56,748 [Thread-7:140413274101504] [django.db.backends:90] [utils:execute] [DEBUG]- (0.000) UPDATE `auth_user` SET `username` = 'iteemo98', `password` = '123456', `email` = 'iteemo98@163.com' WHERE `auth_user`.`username` = 'iteemo98'; args=('iteemo98', '123456', 'iteemo98@163.com', 'iteemo98')
2018-10-27 05:27:56,752 [Thread-7:140413274101504] [django.server:124] [basehttp:log_message] [INFO]- "PUT /dashboard/userview/ HTTP/1.1" 200 6
2018-10-27 05:28:26,102 [Dummy-1:140589197772544] [django.db.backends:90] [utils:execute] [DEBUG]- (0.001) SELECT @@SQL_AUTO_IS_NULL; args=None
2018-10-27 05:28:26,103 [Dummy-1:140589197772544] [django.db.backends:90] [utils:execute] [DEBUG]- (0.001) SELECT VERSION(); args=None
2018-10-27 05:28:26,163 [Dummy-1:140589197772544] [django.db.backends:90] [utils:execute] [DEBUG]- (0.000) SHOW FULL TABLES; args=None
2018-10-27 05:28:26,166 [Dummy-1:140589197772544] [django.db.backends:90] [utils:execute] [DEBUG]- (0.000) SELECT `django_migrations`.`app`, `django_migrations`.`name` FROM `django_migrations`; args=()
2018-10-27 05:29:13,636 [Dummy-1:139647935870720] [django.db.backends:90] [utils:execute] [DEBUG]- (0.000) SELECT @@SQL_AUTO_IS_NULL; args=None
2018-10-27 05:29:13,637 [Dummy-1:139647935870720] [django.db.backends:90] [utils:execute] [DEBUG]- (0.000) SELECT VERSION(); args=None
2018-10-27 05:29:13,730 [Dummy-1:139647935870720] [django.db.backends:90] [utils:execute] [DEBUG]- (0.002) SHOW FULL TABLES; args=None
2018-10-27 05:29:13,735 [Dummy-1:139647935870720] [django.db.backends:90] [utils:execute] [DEBUG]- (0.001) SELECT `django_migrations`.`app`, `django_migrations`.`name` FROM `django_migrations`; args=()
2018-10-27 05:29:15,822 [Thread-2:139647927215872] [django.db.backends:90] [utils:execute] [DEBUG]- (0.000) SELECT @@SQL_AUTO_IS_NULL; args=None
2018-10-27 05:29:15,829 [Thread-2:139647927215872] [django.db.backends:90] [utils:execute] [DEBUG]- (0.000) SELECT VERSION(); args=None
2018-10-27 05:29:15,840 [Thread-2:139647927215872] [django.db.backends:90] [utils:execute] [DEBUG]- (0.009) UPDATE `auth_user` SET `username` = 'iteemo99' WHERE `auth_user`.`username` = 'iteemo98'; args=('iteemo99', 'iteemo98')
2018-10-27 05:29:15,846 [Thread-2:139647927215872] [django.server:124] [basehttp:log_message] [INFO]- "PUT /dashboard/userview/ HTTP/1.1" 200 48
2018-10-27 05:29:32,588 [Thread-3:139647927215872] [django.db.backends:90] [utils:execute] [DEBUG]- (0.000) SELECT @@SQL_AUTO_IS_NULL; args=None
2018-10-27 05:29:32,590 [Thread-3:139647927215872] [django.db.backends:90] [utils:execute] [DEBUG]- (0.000) SELECT VERSION(); args=None
2018-10-27 05:29:32,591 [Thread-3:139647927215872] [django.db.backends:90] [utils:execute] [DEBUG]- (0.001) UPDATE `auth_user` SET `username` = 'iteemo99' WHERE `auth_user`.`username` = 'iteemo97'; args=('iteemo99', 'iteemo97')
2018-10-27 05:29:32,595 [Thread-3:139647927215872] [django.server:124] [basehttp:log_message] [INFO]- "PUT /dashboard/userview/ HTTP/1.1" 200 48
2018-10-27 05:29:42,186 [Thread-4:139647927215872] [django.db.backends:90] [utils:execute] [DEBUG]- (0.001) SELECT @@SQL_AUTO_IS_NULL; args=None
2018-10-27 05:29:42,193 [Thread-4:139647927215872] [django.db.backends:90] [utils:execute] [DEBUG]- (0.005) SELECT `auth_user`.`id`, `auth_user`.`password`, `auth_user`.`last_login`, `auth_user`.`is_superuser`, `auth_user`.`username`, `auth_user`.`first_name`, `auth_user`.`last_name`, `auth_user`.`email`, `auth_user`.`is_staff`, `auth_user`.`is_active`, `auth_user`.`date_joined` FROM `auth_user` WHERE `auth_user`.`username` IS NULL; args=()
2018-10-27 05:29:42,194 [Thread-4:139647927215872] [django.server:124] [basehttp:log_message] [INFO]- "GET /dashboard/userview/?page=10 HTTP/1.1" 200 40
2018-10-27 05:29:49,168 [Thread-5:139647841728256] [django.db.backends:90] [utils:execute] [DEBUG]- (0.000) SELECT @@SQL_AUTO_IS_NULL; args=None
2018-10-27 05:29:49,173 [Thread-5:139647841728256] [django.db.backends:90] [utils:execute] [DEBUG]- (0.005) SELECT `auth_user`.`id`, `auth_user`.`password`, `auth_user`.`last_login`, `auth_user`.`is_superuser`, `auth_user`.`username`, `auth_user`.`first_name`, `auth_user`.`last_name`, `auth_user`.`email`, `auth_user`.`is_staff`, `auth_user`.`is_active`, `auth_user`.`date_joined` FROM `auth_user` WHERE `auth_user`.`username` IS NULL; args=()
2018-10-27 05:29:49,181 [Thread-5:139647841728256] [django.server:124] [basehttp:log_message] [INFO]- "GET /dashboard/userview/?page=9 HTTP/1.1" 200 40
2018-10-27 05:29:53,651 [Thread-7:139647927215872] [django.db.backends:90] [utils:execute] [DEBUG]- (0.000) SELECT @@SQL_AUTO_IS_NULL; args=None
2018-10-27 05:29:53,652 [Thread-7:139647927215872] [django.db.backends:90] [utils:execute] [DEBUG]- (0.001) SELECT `auth_user`.`id`, `auth_user`.`password`, `auth_user`.`last_login`, `auth_user`.`is_superuser`, `auth_user`.`username`, `auth_user`.`first_name`, `auth_user`.`last_name`, `auth_user`.`email`, `auth_user`.`is_staff`, `auth_user`.`is_active`, `auth_user`.`date_joined` FROM `auth_user` WHERE `auth_user`.`username` IS NULL; args=()
2018-10-27 05:29:53,655 [Thread-7:139647927215872] [django.server:124] [basehttp:log_message] [INFO]- "GET /dashboard/userview/?page=8 HTTP/1.1" 200 40
2018-10-27 05:29:57,610 [Thread-8:139647841728256] [django.db.backends:90] [utils:execute] [DEBUG]- (0.000) SELECT @@SQL_AUTO_IS_NULL; args=None
2018-10-27 05:29:57,611 [Thread-8:139647841728256] [django.db.backends:90] [utils:execute] [DEBUG]- (0.001) SELECT `auth_user`.`id`, `auth_user`.`password`, `auth_user`.`last_login`, `auth_user`.`is_superuser`, `auth_user`.`username`, `auth_user`.`first_name`, `auth_user`.`last_name`, `auth_user`.`email`, `auth_user`.`is_staff`, `auth_user`.`is_active`, `auth_user`.`date_joined` FROM `auth_user` WHERE `auth_user`.`username` IS NULL; args=()
2018-10-27 05:29:57,619 [Thread-8:139647841728256] [django.server:124] [basehttp:log_message] [INFO]- "GET /dashboard/userview/?page=1 HTTP/1.1" 200 40
2018-10-27 05:30:27,305 [MainThread:140355136845632] [django.db.backends:90] [utils:execute] [DEBUG]- (0.008) INSERT INTO `auth_user` (`password`, `last_login`, `is_superuser`, `username`, `first_name`, `last_name`, `email`, `is_staff`, `is_active`, `date_joined`) VALUES ('pbkdf2_sha256$36000$AXj8POxEVKGJ$O98WoeUb3yr68PWczHyVPv4glwmVN/RekD/NnbD8ATs=', NULL, 0, 'iteemo1', '', '', 'iteemo@iteemo.org', 0, 1, '2018-10-27 05:30:27'); args=['pbkdf2_sha256$36000$AXj8POxEVKGJ$O98WoeUb3yr68PWczHyVPv4glwmVN/RekD/NnbD8ATs=', None, False, 'iteemo1', '', '', 'iteemo@iteemo.org', False, True, '2018-10-27 05:30:27']
2018-10-27 05:30:32,306 [MainThread:140355136845632] [django.db.backends:90] [utils:execute] [DEBUG]- (0.000) INSERT INTO `auth_user` (`password`, `last_login`, `is_superuser`, `username`, `first_name`, `last_name`, `email`, `is_staff`, `is_active`, `date_joined`) VALUES ('pbkdf2_sha256$36000$o9Mic0nKrDSJ$bO+jz8jKDzRSUNCG+SaL/9gb/+gyRKx6Gs+381rrLTU=', NULL, 0, 'iteemo1', '', '', 'iteemo@iteemo.org', 0, 1, '2018-10-27 05:30:32'); args=['pbkdf2_sha256$36000$o9Mic0nKrDSJ$bO+jz8jKDzRSUNCG+SaL/9gb/+gyRKx6Gs+381rrLTU=', None, False, 'iteemo1', '', '', 'iteemo@iteemo.org', False, True, '2018-10-27 05:30:32']
2018-10-27 05:30:36,700 [MainThread:140355136845632] [django.db.backends:90] [utils:execute] [DEBUG]- (0.000) INSERT INTO `auth_user` (`password`, `last_login`, `is_superuser`, `username`, `first_name`, `last_name`, `email`, `is_staff`, `is_active`, `date_joined`) VALUES ('pbkdf2_sha256$36000$8oDIqPe6ZHAA$lW15Mne9EYVKSrJSjeIlSefsHoFxkMspWe/0J1KZwDI=', NULL, 0, 'iteemo1', '', '', 'iteemo@iteemo.org', 0, 1, '2018-10-27 05:30:36'); args=['pbkdf2_sha256$36000$8oDIqPe6ZHAA$lW15Mne9EYVKSrJSjeIlSefsHoFxkMspWe/0J1KZwDI=', None, False, 'iteemo1', '', '', 'iteemo@iteemo.org', False, True, '2018-10-27 05:30:36']
2018-10-27 05:30:49,466 [Thread-10:139647927215872] [django.db.backends:90] [utils:execute] [DEBUG]- (0.000) SELECT @@SQL_AUTO_IS_NULL; args=None
2018-10-27 05:30:49,471 [Thread-10:139647927215872] [django.db.backends:90] [utils:execute] [DEBUG]- (0.001) SELECT `auth_user`.`id`, `auth_user`.`password`, `auth_user`.`last_login`, `auth_user`.`is_superuser`, `auth_user`.`username`, `auth_user`.`first_name`, `auth_user`.`last_name`, `auth_user`.`email`, `auth_user`.`is_staff`, `auth_user`.`is_active`, `auth_user`.`date_joined` FROM `auth_user` WHERE `auth_user`.`username` IS NULL; args=()
2018-10-27 05:30:49,473 [Thread-10:139647927215872] [django.server:124] [basehttp:log_message] [INFO]- "GET /dashboard/userview/?page=1 HTTP/1.1" 200 40
2018-10-27 05:30:52,569 [Thread-11:139647841728256] [django.db.backends:90] [utils:execute] [DEBUG]- (0.000) SELECT @@SQL_AUTO_IS_NULL; args=None
2018-10-27 05:30:52,572 [Thread-11:139647841728256] [django.db.backends:90] [utils:execute] [DEBUG]- (0.001) SELECT `auth_user`.`id`, `auth_user`.`password`, `auth_user`.`last_login`, `auth_user`.`is_superuser`, `auth_user`.`username`, `auth_user`.`first_name`, `auth_user`.`last_name`, `auth_user`.`email`, `auth_user`.`is_staff`, `auth_user`.`is_active`, `auth_user`.`date_joined` FROM `auth_user` WHERE `auth_user`.`username` IS NULL; args=()
2018-10-27 05:30:52,573 [Thread-11:139647841728256] [django.server:124] [basehttp:log_message] [INFO]- "GET /dashboard/userview/?page=10 HTTP/1.1" 200 40
2018-10-27 05:31:49,298 [Dummy-1:140471327467264] [django.db.backends:90] [utils:execute] [DEBUG]- (0.000) SELECT @@SQL_AUTO_IS_NULL; args=None
2018-10-27 05:31:49,299 [Dummy-1:140471327467264] [django.db.backends:90] [utils:execute] [DEBUG]- (0.000) SELECT VERSION(); args=None
2018-10-27 05:31:49,356 [Dummy-1:140471327467264] [django.db.backends:90] [utils:execute] [DEBUG]- (0.000) SHOW FULL TABLES; args=None
2018-10-27 05:31:49,359 [Dummy-1:140471327467264] [django.db.backends:90] [utils:execute] [DEBUG]- (0.000) SELECT `django_migrations`.`app`, `django_migrations`.`name` FROM `django_migrations`; args=()
2018-10-27 05:31:51,671 [Thread-2:140471318812416] [django.db.backends:90] [utils:execute] [DEBUG]- (0.000) SELECT @@SQL_AUTO_IS_NULL; args=None
2018-10-27 05:31:51,675 [Thread-2:140471318812416] [django.db.backends:90] [utils:execute] [DEBUG]- (0.003) SELECT COUNT(*) AS `__count` FROM `auth_user`; args=()
2018-10-27 05:31:51,678 [Thread-2:140471318812416] [django.db.backends:90] [utils:execute] [DEBUG]- (0.001) SELECT `auth_user`.`id`, `auth_user`.`password`, `auth_user`.`last_login`, `auth_user`.`is_superuser`, `auth_user`.`username`, `auth_user`.`first_name`, `auth_user`.`last_name`, `auth_user`.`email`, `auth_user`.`is_staff`, `auth_user`.`is_active`, `auth_user`.`date_joined` FROM `auth_user` LIMIT 10 OFFSET 90; args=()
2018-10-27 05:31:51,684 [Thread-2:140471318812416] [django.server:124] [basehttp:log_message] [INFO]- "GET /dashboard/userview/?page=10 HTTP/1.1" 200 621
2018-10-27 05:33:12,290 [Thread-4:140471318812416] [django.server:124] [basehttp:log_message] [ERROR]- "PUT /dashboard/userview HTTP/1.1" 500 65125
2018-10-27 05:33:15,544 [Thread-5:140471318812416] [django.server:124] [basehttp:log_message] [ERROR]- "PUT /dashboard/userview HTTP/1.1" 500 65125
2018-10-27 05:33:43,047 [Dummy-1:140152511174400] [django.db.backends:90] [utils:execute] [DEBUG]- (0.001) SELECT @@SQL_AUTO_IS_NULL; args=None
2018-10-27 05:33:43,050 [Dummy-1:140152511174400] [django.db.backends:90] [utils:execute] [DEBUG]- (0.000) SELECT VERSION(); args=None
2018-10-27 05:33:43,133 [Dummy-1:140152511174400] [django.db.backends:90] [utils:execute] [DEBUG]- (0.001) SHOW FULL TABLES; args=None
2018-10-27 05:33:43,137 [Dummy-1:140152511174400] [django.db.backends:90] [utils:execute] [DEBUG]- (0.001) SELECT `django_migrations`.`app`, `django_migrations`.`name` FROM `django_migrations`; args=()
2018-10-27 05:33:45,162 [Thread-2:140152433276672] [django.db.backends:90] [utils:execute] [DEBUG]- (0.000) SELECT @@SQL_AUTO_IS_NULL; args=None
2018-10-27 05:33:45,163 [Thread-2:140152433276672] [django.db.backends:90] [utils:execute] [DEBUG]- (0.000) SELECT VERSION(); args=None
2018-10-27 05:33:45,164 [Thread-2:140152433276672] [django.db.backends:90] [utils:execute] [DEBUG]- (0.000) UPDATE `auth_user` SET `username` = 'iteemo99' WHERE `auth_user`.`username` = 'iteemo97'; args=('iteemo99', 'iteemo97')
2018-10-27 05:33:45,188 [Thread-2:140152433276672] [django.server:124] [basehttp:log_message] [INFO]- "PUT /dashboard/userview/ HTTP/1.1" 200 6
2018-10-27 05:34:46,450 [Thread-3:140152433276672] [django.db.backends:90] [utils:execute] [DEBUG]- (0.000) SELECT @@SQL_AUTO_IS_NULL; args=None
2018-10-27 05:34:46,457 [Thread-3:140152433276672] [django.db.backends:90] [utils:execute] [DEBUG]- (0.000) SELECT VERSION(); args=None
2018-10-27 05:34:46,459 [Thread-3:140152433276672] [django.db.backends:90] [utils:execute] [DEBUG]- (0.001) UPDATE `auth_user` SET `username` = 'iteemo99' WHERE `auth_user`.`username` = 'iteemo97'; args=('iteemo99', 'iteemo97')
2018-10-27 05:34:46,464 [Thread-3:140152433276672] [django.server:124] [basehttp:log_message] [INFO]- "PUT /dashboard/userview/ HTTP/1.1" 200 6
2018-10-27 05:34:47,351 [Thread-4:140152433276672] [django.db.backends:90] [utils:execute] [DEBUG]- (0.000) SELECT @@SQL_AUTO_IS_NULL; args=None
2018-10-27 05:34:47,352 [Thread-4:140152433276672] [django.db.backends:90] [utils:execute] [DEBUG]- (0.000) SELECT VERSION(); args=None
2018-10-27 05:34:47,354 [Thread-4:140152433276672] [django.db.backends:90] [utils:execute] [DEBUG]- (0.000) UPDATE `auth_user` SET `username` = 'iteemo99' WHERE `auth_user`.`username` = 'iteemo97'; args=('iteemo99', 'iteemo97')
2018-10-27 05:34:47,356 [Thread-4:140152433276672] [django.server:124] [basehttp:log_message] [INFO]- "PUT /dashboard/userview/ HTTP/1.1" 200 6
2018-10-27 05:35:15,407 [Thread-5:140152433276672] [django.db.backends:90] [utils:execute] [DEBUG]- (0.000) SELECT @@SQL_AUTO_IS_NULL; args=None
2018-10-27 05:35:15,409 [Thread-5:140152433276672] [django.db.backends:90] [utils:execute] [DEBUG]- (0.000) SELECT VERSION(); args=None
2018-10-27 05:35:15,410 [Thread-5:140152433276672] [django.db.backends:90] [utils:execute] [DEBUG]- (0.000) UPDATE `auth_user` SET `username` = 'iteemo99' WHERE `auth_user`.`username` = 'iteemo97'; args=('iteemo99', 'iteemo97')
2018-10-27 05:35:15,415 [Thread-5:140152433276672] [django.server:124] [basehttp:log_message] [INFO]- "PUT /dashboard/userview/ HTTP/1.1" 200 6
2018-10-27 05:36:42,958 [Dummy-1:140131426383616] [django.db.backends:90] [utils:execute] [DEBUG]- (0.001) SELECT @@SQL_AUTO_IS_NULL; args=None
2018-10-27 05:36:42,961 [Dummy-1:140131426383616] [django.db.backends:90] [utils:execute] [DEBUG]- (0.000) SELECT VERSION(); args=None
2018-10-27 05:36:43,018 [Dummy-1:140131426383616] [django.db.backends:90] [utils:execute] [DEBUG]- (0.001) SHOW FULL TABLES; args=None
2018-10-27 05:36:43,021 [Dummy-1:140131426383616] [django.db.backends:90] [utils:execute] [DEBUG]- (0.001) SELECT `django_migrations`.`app`, `django_migrations`.`name` FROM `django_migrations`; args=()
2018-10-27 05:36:46,842 [Thread-2:140131417728768] [django.db.backends:90] [utils:execute] [DEBUG]- (0.000) SELECT @@SQL_AUTO_IS_NULL; args=None
2018-10-27 05:36:46,843 [Thread-2:140131417728768] [django.db.backends:90] [utils:execute] [DEBUG]- (0.000) SELECT VERSION(); args=None
2018-10-27 05:36:46,844 [Thread-2:140131417728768] [django.db.backends:90] [utils:execute] [DEBUG]- (0.000) UPDATE `auth_user` SET `username` = 'iteemo99' WHERE `auth_user`.`username` = 'iteemo97'; args=('iteemo99', 'iteemo97')
2018-10-27 05:36:46,889 [Thread-2:140131417728768] [django.db.backends:90] [utils:execute] [DEBUG]- (0.000) SELECT `auth_user`.`id`, `auth_user`.`password`, `auth_user`.`last_login`, `auth_user`.`is_superuser`, `auth_user`.`username`, `auth_user`.`first_name`, `auth_user`.`last_name`, `auth_user`.`email`, `auth_user`.`is_staff`, `auth_user`.`is_active`, `auth_user`.`date_joined` FROM `auth_user` WHERE `auth_user`.`username` = 'iteemo97' LIMIT 21; args=('iteemo97',)
2018-10-27 05:36:46,943 [Thread-2:140131417728768] [django.server:124] [basehttp:log_message] [ERROR]- "PUT /dashboard/userview/ HTTP/1.1" 500 180518
2018-10-27 05:37:57,123 [Dummy-1:140226851387136] [django.db.backends:90] [utils:execute] [DEBUG]- (0.000) SELECT @@SQL_AUTO_IS_NULL; args=None
2018-10-27 05:37:57,126 [Dummy-1:140226851387136] [django.db.backends:90] [utils:execute] [DEBUG]- (0.001) SELECT VERSION(); args=None
2018-10-27 05:37:57,219 [Dummy-1:140226851387136] [django.db.backends:90] [utils:execute] [DEBUG]- (0.002) SHOW FULL TABLES; args=None
2018-10-27 05:37:57,227 [Dummy-1:140226851387136] [django.db.backends:90] [utils:execute] [DEBUG]- (0.002) SELECT `django_migrations`.`app`, `django_migrations`.`name` FROM `django_migrations`; args=()
2018-10-27 05:38:04,068 [Thread-2:140226842732288] [django.db.backends:90] [utils:execute] [DEBUG]- (0.001) SELECT @@SQL_AUTO_IS_NULL; args=None
2018-10-27 05:38:04,079 [Thread-2:140226842732288] [django.db.backends:90] [utils:execute] [DEBUG]- (0.005) SELECT `auth_user`.`id`, `auth_user`.`password`, `auth_user`.`last_login`, `auth_user`.`is_superuser`, `auth_user`.`username`, `auth_user`.`first_name`, `auth_user`.`last_name`, `auth_user`.`email`, `auth_user`.`is_staff`, `auth_user`.`is_active`, `auth_user`.`date_joined` FROM `auth_user` LIMIT 21; args=()
2018-10-27 05:38:04,113 [Thread-2:140226842732288] [django.server:124] [basehttp:log_message] [ERROR]- "GET /dashboard/userview/?username=iteemo97&password=123456&email=iteemo98%40163.com HTTP/1.1" 500 89821
2018-10-27 05:38:54,631 [Dummy-1:140223123982080] [django.db.backends:90] [utils:execute] [DEBUG]- (0.000) SELECT @@SQL_AUTO_IS_NULL; args=None
2018-10-27 05:38:54,633 [Dummy-1:140223123982080] [django.db.backends:90] [utils:execute] [DEBUG]- (0.000) SELECT VERSION(); args=None
2018-10-27 05:38:54,687 [Dummy-1:140223123982080] [django.db.backends:90] [utils:execute] [DEBUG]- (0.000) SHOW FULL TABLES; args=None
2018-10-27 05:38:54,690 [Dummy-1:140223123982080] [django.db.backends:90] [utils:execute] [DEBUG]- (0.000) SELECT `django_migrations`.`app`, `django_migrations`.`name` FROM `django_migrations`; args=()
2018-10-27 05:38:57,941 [Thread-2:140223115327232] [django.db.backends:90] [utils:execute] [DEBUG]- (0.000) SELECT @@SQL_AUTO_IS_NULL; args=None
2018-10-27 05:38:57,942 [Thread-2:140223115327232] [django.db.backends:90] [utils:execute] [DEBUG]- (0.000) UPDATE `auth_user` SET `username` = 'iteemo99' WHERE `auth_user`.`username` IS NULL; args=('iteemo99',)
2018-10-27 05:38:57,943 [Thread-2:140223115327232] [django.server:124] [basehttp:log_message] [INFO]- "PUT /dashboard/userview/ HTTP/1.1" 200 6
2018-10-27 05:39:18,014 [Thread-3:140223115327232] [django.db.backends:90] [utils:execute] [DEBUG]- (0.000) SELECT @@SQL_AUTO_IS_NULL; args=None
2018-10-27 05:39:18,025 [Thread-3:140223115327232] [django.db.backends:90] [utils:execute] [DEBUG]- (0.002) SELECT `auth_user`.`id`, `auth_user`.`password`, `auth_user`.`last_login`, `auth_user`.`is_superuser`, `auth_user`.`username`, `auth_user`.`first_name`, `auth_user`.`last_name`, `auth_user`.`email`, `auth_user`.`is_staff`, `auth_user`.`is_active`, `auth_user`.`date_joined` FROM `auth_user`; args=()
2018-10-27 05:39:18,053 [Thread-3:140223115327232] [django.db.backends:90] [utils:execute] [DEBUG]- (0.000) SELECT `auth_user`.`id`, `auth_user`.`password`, `auth_user`.`last_login`, `auth_user`.`is_superuser`, `auth_user`.`username`, `auth_user`.`first_name`, `auth_user`.`last_name`, `auth_user`.`email`, `auth_user`.`is_staff`, `auth_user`.`is_active`, `auth_user`.`date_joined` FROM `auth_user` LIMIT 21; args=()
2018-10-27 05:39:18,098 [Thread-3:140223115327232] [django.server:124] [basehttp:log_message] [ERROR]- "DELETE /dashboard/userview/ HTTP/1.1" 500 85441
2018-10-27 05:39:25,281 [Thread-4:140223115327232] [django.db.backends:90] [utils:execute] [DEBUG]- (0.000) SELECT @@SQL_AUTO_IS_NULL; args=None
2018-10-27 05:39:25,289 [Thread-4:140223115327232] [django.db.backends:90] [utils:execute] [DEBUG]- (0.001) SELECT `auth_user`.`id`, `auth_user`.`password`, `auth_user`.`last_login`, `auth_user`.`is_superuser`, `auth_user`.`username`, `auth_user`.`first_name`, `auth_user`.`last_name`, `auth_user`.`email`, `auth_user`.`is_staff`, `auth_user`.`is_active`, `auth_user`.`date_joined` FROM `auth_user`; args=()
2018-10-27 05:39:25,328 [Thread-4:140223115327232] [django.db.backends:90] [utils:execute] [DEBUG]- (0.001) SELECT `auth_user`.`id`, `auth_user`.`password`, `auth_user`.`last_login`, `auth_user`.`is_superuser`, `auth_user`.`username`, `auth_user`.`first_name`, `auth_user`.`last_name`, `auth_user`.`email`, `auth_user`.`is_staff`, `auth_user`.`is_active`, `auth_user`.`date_joined` FROM `auth_user` LIMIT 21; args=()
2018-10-27 05:39:25,360 [Thread-4:140223115327232] [django.server:124] [basehttp:log_message] [ERROR]- "DELETE /dashboard/userview/ HTTP/1.1" 500 85441
2018-10-27 05:39:42,601 [Thread-5:140223115327232] [django.db.backends:90] [utils:execute] [DEBUG]- (0.000) SELECT @@SQL_AUTO_IS_NULL; args=None
2018-10-27 05:39:42,603 [Thread-5:140223115327232] [django.db.backends:90] [utils:execute] [DEBUG]- (0.000) SELECT VERSION(); args=None
2018-10-27 05:39:42,606 [Thread-5:140223115327232] [django.db.backends:90] [utils:execute] [DEBUG]- (0.001) INSERT INTO `auth_user` (`password`, `last_login`, `is_superuser`, `username`, `first_name`, `last_name`, `email`, `is_staff`, `is_active`, `date_joined`) VALUES ('pbkdf2_sha256$36000$CIZ7IeusPbYz$DBfOqdtps2o+bshDo+fNW/4nYdBgWnjQBZ7jQEsjXPY=', NULL, 0, 'iteemo97', '', '', 'iteemo98@163.com', 0, 1, '2018-10-27 05:39:42'); args=['pbkdf2_sha256$36000$CIZ7IeusPbYz$DBfOqdtps2o+bshDo+fNW/4nYdBgWnjQBZ7jQEsjXPY=', None, False, 'iteemo97', '', '', 'iteemo98@163.com', False, True, '2018-10-27 05:39:42']
2018-10-27 05:39:42,618 [Thread-5:140223115327232] [django.server:124] [basehttp:log_message] [INFO]- "POST /dashboard/userview/ HTTP/1.1" 200 38
2018-10-27 05:39:46,319 [Thread-6:140223115327232] [django.db.backends:90] [utils:execute] [DEBUG]- (0.001) SELECT @@SQL_AUTO_IS_NULL; args=None
2018-10-27 05:39:46,321 [Thread-6:140223115327232] [django.db.backends:90] [utils:execute] [DEBUG]- (0.000) SELECT VERSION(); args=None
2018-10-27 05:39:46,323 [Thread-6:140223115327232] [django.db.backends:90] [utils:execute] [DEBUG]- (0.000) INSERT INTO `auth_user` (`password`, `last_login`, `is_superuser`, `username`, `first_name`, `last_name`, `email`, `is_staff`, `is_active`, `date_joined`) VALUES ('pbkdf2_sha256$36000$9qONTdgtEvNt$ylL2oT+UQZW1xrw6vfEr/8v8UBVrW/ftFji49v5VZqA=', NULL, 0, 'iteemo97', '', '', 'iteemo98@163.com', 0, 1, '2018-10-27 05:39:46'); args=['pbkdf2_sha256$36000$9qONTdgtEvNt$ylL2oT+UQZW1xrw6vfEr/8v8UBVrW/ftFji49v5VZqA=', None, False, 'iteemo97', '', '', 'iteemo98@163.com', False, True, '2018-10-27 05:39:46']
2018-10-27 05:39:46,326 [Thread-6:140223115327232] [django.server:124] [basehttp:log_message] [INFO]- "POST /dashboard/userview/ HTTP/1.1" 200 38
2018-10-27 05:39:56,199 [Thread-7:140223115327232] [django.db.backends:90] [utils:execute] [DEBUG]- (0.000) SELECT @@SQL_AUTO_IS_NULL; args=None
2018-10-27 05:39:56,205 [Thread-7:140223115327232] [django.db.backends:90] [utils:execute] [DEBUG]- (0.000) UPDATE `auth_user` SET `username` = 'iteemo99' WHERE `auth_user`.`username` IS NULL; args=('iteemo99',)
2018-10-27 05:39:56,206 [Thread-7:140223115327232] [django.server:124] [basehttp:log_message] [INFO]- "PUT /dashboard/userview/ HTTP/1.1" 200 6
2018-10-27 05:40:01,619 [Thread-8:140223115327232] [django.db.backends:90] [utils:execute] [DEBUG]- (0.000) SELECT @@SQL_AUTO_IS_NULL; args=None
2018-10-27 05:40:01,620 [Thread-8:140223115327232] [django.db.backends:90] [utils:execute] [DEBUG]- (0.000) UPDATE `auth_user` SET `username` = 'iteemo99' WHERE `auth_user`.`username` IS NULL; args=('iteemo99',)
2018-10-27 05:40:01,622 [Thread-8:140223115327232] [django.server:124] [basehttp:log_message] [INFO]- "PUT /dashboard/userview/ HTTP/1.1" 200 6
2018-10-27 05:40:04,160 [Thread-9:140223115327232] [django.db.backends:90] [utils:execute] [DEBUG]- (0.000) SELECT @@SQL_AUTO_IS_NULL; args=None
2018-10-27 05:40:04,163 [Thread-9:140223115327232] [django.db.backends:90] [utils:execute] [DEBUG]- (0.000) UPDATE `auth_user` SET `username` = 'iteemo99' WHERE `auth_user`.`username` IS NULL; args=('iteemo99',)
2018-10-27 05:40:04,166 [Thread-9:140223115327232] [django.server:124] [basehttp:log_message] [INFO]- "PUT /dashboard/userview/ HTTP/1.1" 200 6
2018-10-27 05:40:10,243 [Thread-10:140223115327232] [django.db.backends:90] [utils:execute] [DEBUG]- (0.000) SELECT @@SQL_AUTO_IS_NULL; args=None
2018-10-27 05:40:10,244 [Thread-10:140223115327232] [django.db.backends:90] [utils:execute] [DEBUG]- (0.000) UPDATE `auth_user` SET `username` = 'iteemo99' WHERE `auth_user`.`username` IS NULL; args=('iteemo99',)
2018-10-27 05:40:10,247 [Thread-10:140223115327232] [django.server:124] [basehttp:log_message] [INFO]- "PUT /dashboard/userview/ HTTP/1.1" 200 6
2018-10-27 05:40:21,908 [Thread-11:140223115327232] [django.db.backends:90] [utils:execute] [DEBUG]- (0.000) SELECT @@SQL_AUTO_IS_NULL; args=None
2018-10-27 05:40:21,910 [Thread-11:140223115327232] [django.db.backends:90] [utils:execute] [DEBUG]- (0.000) UPDATE `auth_user` SET `username` = 'iteemo99' WHERE `auth_user`.`username` IS NULL; args=('iteemo99',)
2018-10-27 05:40:21,911 [Thread-11:140223115327232] [django.server:124] [basehttp:log_message] [INFO]- "PUT /dashboard/userview/ HTTP/1.1" 200 6
2018-10-27 05:41:44,476 [Dummy-1:139890370725632] [django.db.backends:90] [utils:execute] [DEBUG]- (0.000) SELECT @@SQL_AUTO_IS_NULL; args=None
2018-10-27 05:41:44,485 [Dummy-1:139890370725632] [django.db.backends:90] [utils:execute] [DEBUG]- (0.000) SELECT VERSION(); args=None
2018-10-27 05:41:44,613 [Dummy-1:139890370725632] [django.db.backends:90] [utils:execute] [DEBUG]- (0.001) SHOW FULL TABLES; args=None
2018-10-27 05:41:44,620 [Dummy-1:139890370725632] [django.db.backends:90] [utils:execute] [DEBUG]- (0.000) SELECT `django_migrations`.`app`, `django_migrations`.`name` FROM `django_migrations`; args=()
2018-10-27 05:41:56,280 [Thread-2:139890362070784] [django.db.backends:90] [utils:execute] [DEBUG]- (0.000) SELECT @@SQL_AUTO_IS_NULL; args=None
2018-10-27 05:41:56,287 [Thread-2:139890362070784] [django.db.backends:90] [utils:execute] [DEBUG]- (0.000) UPDATE `auth_user` SET `username` = 'iteemo99' WHERE `auth_user`.`username` IS NULL; args=('iteemo99',)
2018-10-27 05:41:56,290 [Thread-2:139890362070784] [django.server:124] [basehttp:log_message] [INFO]- "PUT /dashboard/userview/ HTTP/1.1" 200 17
2018-10-27 05:42:13,627 [Dummy-1:140269672961792] [django.db.backends:90] [utils:execute] [DEBUG]- (0.000) SELECT @@SQL_AUTO_IS_NULL; args=None
2018-10-27 05:42:13,627 [Dummy-1:140269672961792] [django.db.backends:90] [utils:execute] [DEBUG]- (0.000) SELECT VERSION(); args=None
2018-10-27 05:42:13,783 [Dummy-1:140269672961792] [django.db.backends:90] [utils:execute] [DEBUG]- (0.001) SHOW FULL TABLES; args=None
2018-10-27 05:42:13,789 [Dummy-1:140269672961792] [django.db.backends:90] [utils:execute] [DEBUG]- (0.001) SELECT `django_migrations`.`app`, `django_migrations`.`name` FROM `django_migrations`; args=()
2018-10-27 05:42:15,920 [Thread-2:140269664306944] [django.db.backends:90] [utils:execute] [DEBUG]- (0.000) SELECT @@SQL_AUTO_IS_NULL; args=None
2018-10-27 05:42:15,922 [Thread-2:140269664306944] [django.server:124] [basehttp:log_message] [INFO]- "PUT /dashboard/userview/ HTTP/1.1" 200 17
2018-10-27 05:42:37,675 [Dummy-1:139818046961408] [django.db.backends:90] [utils:execute] [DEBUG]- (0.000) SELECT @@SQL_AUTO_IS_NULL; args=None
2018-10-27 05:42:37,676 [Dummy-1:139818046961408] [django.db.backends:90] [utils:execute] [DEBUG]- (0.000) SELECT VERSION(); args=None
2018-10-27 05:42:37,742 [Dummy-1:139818046961408] [django.db.backends:90] [utils:execute] [DEBUG]- (0.000) SHOW FULL TABLES; args=None
2018-10-27 05:42:37,747 [Dummy-1:139818046961408] [django.db.backends:90] [utils:execute] [DEBUG]- (0.001) SELECT `django_migrations`.`app`, `django_migrations`.`name` FROM `django_migrations`; args=()
2018-10-27 05:42:39,919 [Thread-2:139818038306560] [django.db.backends:90] [utils:execute] [DEBUG]- (0.000) SELECT @@SQL_AUTO_IS_NULL; args=None
2018-10-27 05:42:39,971 [Thread-2:139818038306560] [django.server:124] [basehttp:log_message] [ERROR]- "PUT /dashboard/userview/ HTTP/1.1" 500 74657
2018-10-27 05:43:09,114 [Dummy-1:139741846181632] [django.db.backends:90] [utils:execute] [DEBUG]- (0.000) SELECT @@SQL_AUTO_IS_NULL; args=None
2018-10-27 05:43:09,117 [Dummy-1:139741846181632] [django.db.backends:90] [utils:execute] [DEBUG]- (0.001) SELECT VERSION(); args=None
2018-10-27 05:43:09,279 [Dummy-1:139741846181632] [django.db.backends:90] [utils:execute] [DEBUG]- (0.002) SHOW FULL TABLES; args=None
2018-10-27 05:43:09,291 [Dummy-1:139741846181632] [django.db.backends:90] [utils:execute] [DEBUG]- (0.002) SELECT `django_migrations`.`app`, `django_migrations`.`name` FROM `django_migrations`; args=()
2018-10-27 05:43:11,644 [Thread-2:139741837526784] [django.db.backends:90] [utils:execute] [DEBUG]- (0.000) SELECT @@SQL_AUTO_IS_NULL; args=None
2018-10-27 05:43:11,693 [Thread-2:139741837526784] [django.server:124] [basehttp:log_message] [ERROR]- "PUT /dashboard/userview/ HTTP/1.1" 500 74887
2018-10-27 05:43:13,369 [Thread-3:139741837526784] [django.db.backends:90] [utils:execute] [DEBUG]- (0.000) SELECT @@SQL_AUTO_IS_NULL; args=None
2018-10-27 05:43:13,428 [Thread-3:139741837526784] [django.server:124] [basehttp:log_message] [ERROR]- "PUT /dashboard/userview/ HTTP/1.1" 500 74887
2018-10-27 05:43:44,578 [Dummy-1:140062644832000] [django.db.backends:90] [utils:execute] [DEBUG]- (0.000) SELECT @@SQL_AUTO_IS_NULL; args=None
2018-10-27 05:43:44,579 [Dummy-1:140062644832000] [django.db.backends:90] [utils:execute] [DEBUG]- (0.000) SELECT VERSION(); args=None
2018-10-27 05:43:44,663 [Dummy-1:140062644832000] [django.db.backends:90] [utils:execute] [DEBUG]- (0.001) SHOW FULL TABLES; args=None
2018-10-27 05:43:44,667 [Dummy-1:140062644832000] [django.db.backends:90] [utils:execute] [DEBUG]- (0.001) SELECT `django_migrations`.`app`, `django_migrations`.`name` FROM `django_migrations`; args=()
2018-10-27 05:43:47,311 [Thread-2:140062636177152] [django.db.backends:90] [utils:execute] [DEBUG]- (0.000) SELECT @@SQL_AUTO_IS_NULL; args=None
2018-10-27 05:43:47,312 [Thread-2:140062636177152] [django.db.backends:90] [utils:execute] [DEBUG]- (0.000) SELECT VERSION(); args=None
2018-10-27 05:43:47,313 [Thread-2:140062636177152] [django.db.backends:90] [utils:execute] [DEBUG]- (0.000) UPDATE `auth_user` SET `username` = 'iteemo97', `password` = '123456', `email` = 'iteemo98@163.com' WHERE `auth_user`.`username` = 'iteemo97'; args=('iteemo97', '123456', 'iteemo98@163.com', 'iteemo97')
2018-10-27 05:43:47,373 [Thread-2:140062636177152] [django.server:124] [basehttp:log_message] [ERROR]- "PUT /dashboard/userview/ HTTP/1.1" 500 75022
2018-10-27 05:44:05,692 [Thread-3:140062636177152] [django.db.backends:90] [utils:execute] [DEBUG]- (0.000) SELECT @@SQL_AUTO_IS_NULL; args=None
2018-10-27 05:44:05,694 [Thread-3:140062636177152] [django.db.backends:90] [utils:execute] [DEBUG]- (0.000) SELECT VERSION(); args=None
2018-10-27 05:44:05,696 [Thread-3:140062636177152] [django.db.backends:90] [utils:execute] [DEBUG]- (0.001) UPDATE `auth_user` SET `username` = 'iteemo97', `password` = '123456', `email` = 'iteemo98@163.com' WHERE `auth_user`.`username` = 'iteemo97'; args=('iteemo97', '123456', 'iteemo98@163.com', 'iteemo97')
2018-10-27 05:44:05,773 [Thread-3:140062636177152] [django.server:124] [basehttp:log_message] [ERROR]- "PUT /dashboard/userview/ HTTP/1.1" 500 75022
2018-10-27 05:45:54,075 [MainThread:140462326695744] [django.db.backends:90] [utils:execute] [DEBUG]- (0.000) SELECT @@SQL_AUTO_IS_NULL; args=None
2018-10-27 05:45:54,077 [MainThread:140462326695744] [django.db.backends:90] [utils:execute] [DEBUG]- (0.000) SELECT VERSION(); args=None
2018-10-27 05:45:54,078 [MainThread:140462326695744] [django.db.backends:90] [utils:execute] [DEBUG]- (0.000) UPDATE `auth_user` SET `username` = 'iteemo97', `password` = '123456', `email` = 'iteemo98@163.com' WHERE `auth_user`.`username` = 'iteemo97'; args=('iteemo97', '123456', 'iteemo98@163.com', 'iteemo97')
2018-10-27 05:46:09,696 [Thread-4:140062636177152] [django.db.backends:90] [utils:execute] [DEBUG]- (0.000) SELECT @@SQL_AUTO_IS_NULL; args=None
2018-10-27 05:46:09,700 [Thread-4:140062636177152] [django.db.backends:90] [utils:execute] [DEBUG]- (0.001) SELECT COUNT(*) AS `__count` FROM `auth_user`; args=()
2018-10-27 05:46:09,708 [Thread-4:140062636177152] [django.db.backends:90] [utils:execute] [DEBUG]- (0.001) SELECT `auth_user`.`id`, `auth_user`.`password`, `auth_user`.`last_login`, `auth_user`.`is_superuser`, `auth_user`.`username`, `auth_user`.`first_name`, `auth_user`.`last_name`, `auth_user`.`email`, `auth_user`.`is_staff`, `auth_user`.`is_active`, `auth_user`.`date_joined` FROM `auth_user` LIMIT 10 OFFSET 90; args=()
2018-10-27 05:46:09,716 [Thread-4:140062636177152] [django.server:124] [basehttp:log_message] [INFO]- "GET /dashboard/userview/?page=10 HTTP/1.1" 200 620
2018-10-27 05:46:31,867 [MainThread:140462326695744] [django.db.backends:90] [utils:execute] [DEBUG]- (0.000) UPDATE `auth_user` SET `username` = 'iteemo97', `password` = '123456', `email` = 'iteemo98@163.com' WHERE `auth_user`.`username` = 'iteemo97'; args=('iteemo97', '123456', 'iteemo98@163.com', 'iteemo97')
2018-10-27 05:48:11,437 [MainThread:140462326695744] [django.db.backends:90] [utils:execute] [DEBUG]- (0.000) UPDATE `auth_user` SET `username` = 'iteemo97', `password` = '123456', `email` = 'iteemo98@163.com' WHERE `auth_user`.`username` = 'iteemo978'; args=('iteemo97', '123456', 'iteemo98@163.com', 'iteemo978')
2018-10-27 05:49:57,808 [Dummy-1:140073038743296] [django.db.backends:90] [utils:execute] [DEBUG]- (0.000) SELECT @@SQL_AUTO_IS_NULL; args=None
2018-10-27 05:49:57,811 [Dummy-1:140073038743296] [django.db.backends:90] [utils:execute] [DEBUG]- (0.001) SELECT VERSION(); args=None
2018-10-27 05:49:57,886 [Dummy-1:140073038743296] [django.db.backends:90] [utils:execute] [DEBUG]- (0.001) SHOW FULL TABLES; args=None
2018-10-27 05:49:57,890 [Dummy-1:140073038743296] [django.db.backends:90] [utils:execute] [DEBUG]- (0.001) SELECT `django_migrations`.`app`, `django_migrations`.`name` FROM `django_migrations`; args=()
2018-10-27 05:50:03,898 [Thread-2:140073030088448] [django.db.backends:90] [utils:execute] [DEBUG]- (0.000) SELECT @@SQL_AUTO_IS_NULL; args=None
2018-10-27 05:50:03,900 [Thread-2:140073030088448] [django.db.backends:90] [utils:execute] [DEBUG]- (0.000) SELECT VERSION(); args=None
2018-10-27 05:50:03,901 [Thread-2:140073030088448] [django.db.backends:90] [utils:execute] [DEBUG]- (0.001) UPDATE `auth_user` SET `username` = 'iteemo97', `password` = '123456', `email` = 'iteemo98@163.com' WHERE `auth_user`.`username` = 'iteemo97'; args=('iteemo97', '123456', 'iteemo98@163.com', 'iteemo97')
2018-10-27 05:50:03,911 [Thread-2:140073030088448] [django.db.backends:90] [utils:execute] [DEBUG]- (0.000) SELECT `auth_user`.`id`, `auth_user`.`password`, `auth_user`.`last_login`, `auth_user`.`is_superuser`, `auth_user`.`username`, `auth_user`.`first_name`, `auth_user`.`last_name`, `auth_user`.`email`, `auth_user`.`is_staff`, `auth_user`.`is_active`, `auth_user`.`date_joined` FROM `auth_user` WHERE `auth_user`.`username` = 'iteemo97'; args=('iteemo97',)
2018-10-27 05:50:03,916 [Thread-2:140073030088448] [django.server:124] [basehttp:log_message] [INFO]- "PUT /dashboard/userview/ HTTP/1.1" 200 30
2018-10-27 05:50:30,016 [Dummy-1:140207725172480] [django.db.backends:90] [utils:execute] [DEBUG]- (0.000) SELECT @@SQL_AUTO_IS_NULL; args=None
2018-10-27 05:50:30,018 [Dummy-1:140207725172480] [django.db.backends:90] [utils:execute] [DEBUG]- (0.001) SELECT VERSION(); args=None
2018-10-27 05:50:30,088 [Dummy-1:140207725172480] [django.db.backends:90] [utils:execute] [DEBUG]- (0.000) SHOW FULL TABLES; args=None
2018-10-27 05:50:30,091 [Dummy-1:140207725172480] [django.db.backends:90] [utils:execute] [DEBUG]- (0.000) SELECT `django_migrations`.`app`, `django_migrations`.`name` FROM `django_migrations`; args=()
2018-10-27 05:52:32,730 [Thread-2:140207716517632] [django.db.backends:90] [utils:execute] [DEBUG]- (0.000) SELECT @@SQL_AUTO_IS_NULL; args=None
2018-10-27 05:52:32,741 [Thread-2:140207716517632] [django.db.backends:90] [utils:execute] [DEBUG]- (0.000) SELECT VERSION(); args=None
2018-10-27 05:52:32,744 [Thread-2:140207716517632] [django.db.backends:90] [utils:execute] [DEBUG]- (0.001) INSERT INTO `auth_user` (`password`, `last_login`, `is_superuser`, `username`, `first_name`, `last_name`, `email`, `is_staff`, `is_active`, `date_joined`) VALUES ('pbkdf2_sha256$36000$AYE0vYsGugyY$5D1EivFMQ44QKQbo11cJyH3uHj6ZIaXofd/P7v8hW3w=', NULL, 0, 'iteemo97', '', '', 'iteemo98@163.com', 0, 1, '2018-10-27 05:52:32'); args=['pbkdf2_sha256$36000$AYE0vYsGugyY$5D1EivFMQ44QKQbo11cJyH3uHj6ZIaXofd/P7v8hW3w=', None, False, 'iteemo97', '', '', 'iteemo98@163.com', False, True, '2018-10-27 05:52:32']
2018-10-27 05:52:32,748 [Thread-2:140207716517632] [django.server:124] [basehttp:log_message] [INFO]- "POST /dashboard/userview/ HTTP/1.1" 200 38
2018-10-27 05:53:17,553 [Thread-3:140207716517632] [django.db.backends:90] [utils:execute] [DEBUG]- (0.000) SELECT @@SQL_AUTO_IS_NULL; args=None
2018-10-27 05:53:17,555 [Thread-3:140207716517632] [django.db.backends:90] [utils:execute] [DEBUG]- (0.000) SELECT COUNT(*) AS `__count` FROM `auth_user`; args=()
2018-10-27 05:53:17,557 [Thread-3:140207716517632] [django.db.backends:90] [utils:execute] [DEBUG]- (0.000) SELECT `auth_user`.`id`, `auth_user`.`password`, `auth_user`.`last_login`, `auth_user`.`is_superuser`, `auth_user`.`username`, `auth_user`.`first_name`, `auth_user`.`last_name`, `auth_user`.`email`, `auth_user`.`is_staff`, `auth_user`.`is_active`, `auth_user`.`date_joined` FROM `auth_user` LIMIT 10 OFFSET 20; args=()
2018-10-27 05:53:17,560 [Thread-3:140207716517632] [django.server:124] [basehttp:log_message] [INFO]- "GET /dashboard/userview/?page=3 HTTP/1.1" 200 620
2018-10-27 05:53:21,676 [Thread-4:140207716517632] [django.db.backends:90] [utils:execute] [DEBUG]- (0.000) SELECT @@SQL_AUTO_IS_NULL; args=None
2018-10-27 05:53:21,677 [Thread-4:140207716517632] [django.db.backends:90] [utils:execute] [DEBUG]- (0.000) SELECT COUNT(*) AS `__count` FROM `auth_user`; args=()
2018-10-27 05:53:21,678 [Thread-4:140207716517632] [django.db.backends:90] [utils:execute] [DEBUG]- (0.000) SELECT `auth_user`.`id`, `auth_user`.`password`, `auth_user`.`last_login`, `auth_user`.`is_superuser`, `auth_user`.`username`, `auth_user`.`first_name`, `auth_user`.`last_name`, `auth_user`.`email`, `auth_user`.`is_staff`, `auth_user`.`is_active`, `auth_user`.`date_joined` FROM `auth_user` LIMIT 10 OFFSET 20; args=()
2018-10-27 05:53:21,682 [Thread-4:140207716517632] [django.server:124] [basehttp:log_message] [INFO]- "GET /dashboard/userview/?page=3 HTTP/1.1" 200 620
2018-10-27 05:53:55,203 [Dummy-1:139663677941504] [django.db.backends:90] [utils:execute] [DEBUG]- (0.000) SELECT @@SQL_AUTO_IS_NULL; args=None
2018-10-27 05:53:55,205 [Dummy-1:139663677941504] [django.db.backends:90] [utils:execute] [DEBUG]- (0.000) SELECT VERSION(); args=None
2018-10-27 05:53:55,312 [Dummy-1:139663677941504] [django.db.backends:90] [utils:execute] [DEBUG]- (0.000) SHOW FULL TABLES; args=None
2018-10-27 05:53:55,314 [Dummy-1:139663677941504] [django.db.backends:90] [utils:execute] [DEBUG]- (0.001) SELECT `django_migrations`.`app`, `django_migrations`.`name` FROM `django_migrations`; args=()
2018-10-27 05:54:05,656 [Thread-2:139663669286656] [django.db.backends:90] [utils:execute] [DEBUG]- (0.000) SELECT @@SQL_AUTO_IS_NULL; args=None
2018-10-27 05:54:05,657 [Thread-2:139663669286656] [django.db.backends:90] [utils:execute] [DEBUG]- (0.000) SELECT COUNT(*) AS `__count` FROM `auth_user`; args=()
2018-10-27 05:54:05,659 [Thread-2:139663669286656] [django.db.backends:90] [utils:execute] [DEBUG]- (0.000) SELECT `auth_user`.`id`, `auth_user`.`password`, `auth_user`.`last_login`, `auth_user`.`is_superuser`, `auth_user`.`username`, `auth_user`.`first_name`, `auth_user`.`last_name`, `auth_user`.`email`, `auth_user`.`is_staff`, `auth_user`.`is_active`, `auth_user`.`date_joined` FROM `auth_user` LIMIT 10 OFFSET 20; args=()
2018-10-27 05:54:05,661 [Thread-2:139663669286656] [django.server:124] [basehttp:log_message] [INFO]- "LIST /dashboard/userview/?page=3 HTTP/1.1" 200 620
2018-10-27 05:54:09,141 [Thread-3:139663669286656] [django.db.backends:90] [utils:execute] [DEBUG]- (0.000) SELECT @@SQL_AUTO_IS_NULL; args=None
2018-10-27 05:54:09,142 [Thread-3:139663669286656] [django.db.backends:90] [utils:execute] [DEBUG]- (0.000) SELECT COUNT(*) AS `__count` FROM `auth_user`; args=()
2018-10-27 05:54:09,143 [Thread-3:139663669286656] [django.db.backends:90] [utils:execute] [DEBUG]- (0.000) SELECT `auth_user`.`id`, `auth_user`.`password`, `auth_user`.`last_login`, `auth_user`.`is_superuser`, `auth_user`.`username`, `auth_user`.`first_name`, `auth_user`.`last_name`, `auth_user`.`email`, `auth_user`.`is_staff`, `auth_user`.`is_active`, `auth_user`.`date_joined` FROM `auth_user` LIMIT 10 OFFSET 20; args=()
2018-10-27 05:54:09,145 [Thread-3:139663669286656] [django.server:124] [basehttp:log_message] [INFO]- "LIST /dashboard/userview/?page=3 HTTP/1.1" 200 620
2018-10-27 05:54:11,743 [Thread-4:139663669286656] [django.db.backends:90] [utils:execute] [DEBUG]- (0.000) SELECT @@SQL_AUTO_IS_NULL; args=None
2018-10-27 05:54:11,744 [Thread-4:139663669286656] [django.db.backends:90] [utils:execute] [DEBUG]- (0.000) SELECT COUNT(*) AS `__count` FROM `auth_user`; args=()
2018-10-27 05:54:11,745 [Thread-4:139663669286656] [django.db.backends:90] [utils:execute] [DEBUG]- (0.000) SELECT `auth_user`.`id`, `auth_user`.`password`, `auth_user`.`last_login`, `auth_user`.`is_superuser`, `auth_user`.`username`, `auth_user`.`first_name`, `auth_user`.`last_name`, `auth_user`.`email`, `auth_user`.`is_staff`, `auth_user`.`is_active`, `auth_user`.`date_joined` FROM `auth_user` LIMIT 10 OFFSET 20; args=()
2018-10-27 05:54:11,749 [Thread-4:139663669286656] [django.server:124] [basehttp:log_message] [INFO]- "LIST /dashboard/userview/?page=3 HTTP/1.1" 200 620
2018-10-27 05:54:43,956 [Thread-5:139663669286656] [django.db.backends:90] [utils:execute] [DEBUG]- (0.000) SELECT @@SQL_AUTO_IS_NULL; args=None
2018-10-27 05:54:43,957 [Thread-5:139663669286656] [django.db.backends:90] [utils:execute] [DEBUG]- (0.000) SELECT `auth_user`.`id`, `auth_user`.`password`, `auth_user`.`last_login`, `auth_user`.`is_superuser`, `auth_user`.`username`, `auth_user`.`first_name`, `auth_user`.`last_name`, `auth_user`.`email`, `auth_user`.`is_staff`, `auth_user`.`is_active`, `auth_user`.`date_joined` FROM `auth_user` WHERE `auth_user`.`username` IS NULL; args=()
2018-10-27 05:54:43,958 [Thread-5:139663669286656] [django.server:124] [basehttp:log_message] [INFO]- "GET /dashboard/userview/?page=3 HTTP/1.1" 200 40
2018-10-27 05:55:47,030 [Thread-6:139663669286656] [django.db.backends:90] [utils:execute] [DEBUG]- (0.000) SELECT @@SQL_AUTO_IS_NULL; args=None
2018-10-27 05:55:47,031 [Thread-6:139663669286656] [django.db.backends:90] [utils:execute] [DEBUG]- (0.000) SELECT VERSION(); args=None
2018-10-27 05:55:47,033 [Thread-6:139663669286656] [django.db.backends:90] [utils:execute] [DEBUG]- (0.000) SELECT `auth_user`.`id`, `auth_user`.`password`, `auth_user`.`last_login`, `auth_user`.`is_superuser`, `auth_user`.`username`, `auth_user`.`first_name`, `auth_user`.`last_name`, `auth_user`.`email`, `auth_user`.`is_staff`, `auth_user`.`is_active`, `auth_user`.`date_joined` FROM `auth_user` WHERE `auth_user`.`username` = 'iteemo90'; args=('iteemo90',)
2018-10-27 05:55:47,036 [Thread-6:139663669286656] [django.server:124] [basehttp:log_message] [INFO]- "GET /dashboard/userview/?username=iteemo90 HTTP/1.1" 200 30
2018-10-27 05:56:42,182 [Thread-7:139663669286656] [django.db.backends:90] [utils:execute] [DEBUG]- (0.000) SELECT @@SQL_AUTO_IS_NULL; args=None
2018-10-27 05:56:42,192 [Thread-7:139663669286656] [django.db.backends:90] [utils:execute] [DEBUG]- (0.001) SELECT VERSION(); args=None
2018-10-27 05:56:42,194 [Thread-7:139663669286656] [django.db.backends:90] [utils:execute] [DEBUG]- (0.000) INSERT INTO `auth_user` (`password`, `last_login`, `is_superuser`, `username`, `first_name`, `last_name`, `email`, `is_staff`, `is_active`, `date_joined`) VALUES ('pbkdf2_sha256$36000$bEuMMf2NiKt9$Wswuq+xHHuLJh7/965CrqYDmADzV69oEb63In0LJLAI=', NULL, 0, 'iteemo97', '', '', 'iteemo98@163.com', 0, 1, '2018-10-27 05:56:42'); args=['pbkdf2_sha256$36000$bEuMMf2NiKt9$Wswuq+xHHuLJh7/965CrqYDmADzV69oEb63In0LJLAI=', None, False, 'iteemo97', '', '', 'iteemo98@163.com', False, True, '2018-10-27 05:56:42']
2018-10-27 05:56:42,202 [Thread-7:139663669286656] [django.server:124] [basehttp:log_message] [INFO]- "POST /dashboard/userview/ HTTP/1.1" 200 38
2018-10-27 05:57:10,481 [Thread-8:139663669286656] [django.db.backends:90] [utils:execute] [DEBUG]- (0.000) SELECT @@SQL_AUTO_IS_NULL; args=None
2018-10-27 05:57:10,488 [Thread-8:139663669286656] [django.db.backends:90] [utils:execute] [DEBUG]- (0.000) SELECT VERSION(); args=None
2018-10-27 05:57:10,490 [Thread-8:139663669286656] [django.db.backends:90] [utils:execute] [DEBUG]- (0.001) UPDATE `auth_user` SET `username` = 'iteemo97', `password` = '123456', `email` = 'iteemo98@163.com' WHERE `auth_user`.`username` = 'iteemo97'; args=('iteemo97', '123456', 'iteemo98@163.com', 'iteemo97')
2018-10-27 05:57:10,493 [Thread-8:139663669286656] [django.db.backends:90] [utils:execute] [DEBUG]- (0.000) SELECT `auth_user`.`id`, `auth_user`.`password`, `auth_user`.`last_login`, `auth_user`.`is_superuser`, `auth_user`.`username`, `auth_user`.`first_name`, `auth_user`.`last_name`, `auth_user`.`email`, `auth_user`.`is_staff`, `auth_user`.`is_active`, `auth_user`.`date_joined` FROM `auth_user` WHERE `auth_user`.`username` = 'iteemo97'; args=('iteemo97',)
2018-10-27 05:57:10,498 [Thread-8:139663669286656] [django.server:124] [basehttp:log_message] [INFO]- "PUT /dashboard/userview/ HTTP/1.1" 200 30
2018-10-27 05:57:55,383 [Thread-9:139663669286656] [django.db.backends:90] [utils:execute] [DEBUG]- (0.000) SELECT @@SQL_AUTO_IS_NULL; args=None
2018-10-27 05:57:55,389 [Thread-9:139663669286656] [django.db.backends:90] [utils:execute] [DEBUG]- (0.000) SELECT VERSION(); args=None
2018-10-27 05:57:55,393 [Thread-9:139663669286656] [django.db.backends:90] [utils:execute] [DEBUG]- (0.001) SELECT `auth_user`.`id`, `auth_user`.`password`, `auth_user`.`last_login`, `auth_user`.`is_superuser`, `auth_user`.`username`, `auth_user`.`first_name`, `auth_user`.`last_name`, `auth_user`.`email`, `auth_user`.`is_staff`, `auth_user`.`is_active`, `auth_user`.`date_joined` FROM `auth_user` WHERE `auth_user`.`username` = 'iteemo90'; args=('iteemo90',)
2018-10-27 05:57:55,396 [Thread-9:139663669286656] [django.server:124] [basehttp:log_message] [INFO]- "DELETE /dashboard/userview/?username=iteemo90 HTTP/1.1" 200 39
